hand_angle, fork_angle, lean_angle, fork_rate, lean_rate, hand_torque, bike_speed, command_fork, command_hand 
-39.11,-8.09,3479.54,-17.58,0.04,0.00,0.00,-1.72,-0.78
-33.09,-9.64,6994.33,-8.79,0.04,0.00,0.00,-1.26,-0.57
-25.40,-9.72,10508.95,0.00,0.04,0.00,0.00,-0.86,-0.39
-19.86,-9.50,14023.79,8.79,0.04,0.00,0.00,-0.60,-0.27
-19.25,-9.28,17538.58,0.00,0.04,0.00,0.00,-0.57,-0.26
-19.47,-9.28,21053.45,0.00,0.04,0.00,0.00,-0.58,-0.26
-19.47,-9.28,24568.32,0.00,0.04,0.00,0.00,-0.58,-0.26
-19.47,-9.28,28083.04,0.00,0.04,0.00,0.00,-0.58,-0.26
-19.47,-9.28,31597.88,0.00,0.04,0.00,0.00,-0.58,-0.26
-19.47,-9.28,35112.40,0.00,0.04,0.00,0.00,-0.58,-0.26
-19.47,-9.28,38626.97,0.00,0.04,0.00,0.00,-0.58,-0.26
-19.47,-9.28,42141.43,0.00,0.04,0.00,0.00,-0.58,-0.26
-19.47,-9.28,45656.00,0.00,0.04,0.00,0.00,-0.58,-0.26
-19.47,-9.28,49170.56,0.00,0.04,0.00,0.00,-0.58,-0.26
-19.47,-9.28,52685.23,0.00,0.04,0.00,0.00,-0.58,-0.26
-19.47,-9.28,56199.98,0.00,0.04,0.00,0.00,-0.58,-0.26
-19.47,-9.28,59714.40,0.00,0.04,0.00,0.00,-0.58,-0.26
-19.47,-9.28,63229.00,0.00,0.04,0.00,0.00,-0.58,-0.26
-19.47,-9.28,66743.51,0.00,0.04,0.00,0.00,-0.58,-0.26
-19.47,-9.28,70258.48,0.00,0.04,0.00,0.00,-0.58,-0.26
-19.47,-9.28,73773.24,0.00,0.04,0.00,0.00,-0.58,-0.26
-19.47,-9.28,77287.98,0.00,0.04,0.00,0.00,-0.58,-0.26
-19.47,-9.28,80802.84,0.00,0.04,0.00,0.00,-0.58,-0.26
-19.47,-9.28,84317.50,0.00,0.04,0.00,0.00,-0.58,-0.26
-19.47,-9.28,87832.18,0.00,0.04,0.00,0.00,-0.58,-0.26
-19.47,-9.28,91346.85,0.00,0.04,0.00,0.00,-0.58,-0.26
-19.47,-9.28,94861.52,0.00,0.04,0.00,0.00,-0.58,-0.26
-19.47,-9.28,98376.39,0.00,0.04,0.00,0.00,-0.58,-0.26
-19.47,-9.28,101891.09,0.00,0.04,0.00,0.00,-0.58,-0.26
-19.47,-9.28,105405.94,0.00,0.04,0.00,0.00,-0.58,-0.26
-19.47,-9.28,108920.75,0.00,0.04,0.00,0.00,-0.58,-0.26
-19.47,-9.28,112435.50,0.00,0.04,0.00,0.00,-0.58,-0.26
-19.47,-9.28,115950.12,0.00,0.04,0.00,0.00,-0.58,-0.26
-19.47,-9.28,119464.77,0.00,0.04,1.00,0.00,-0.58,-0.26
-19.47,-9.28,122979.56,0.00,0.04,0.00,0.00,-0.58,-0.26
-19.47,-9.28,126494.38,0.00,0.04,0.00,0.00,-0.58,-0.26
-19.47,-9.28,130009.01,0.00,0.04,0.00,0.00,-0.58,-0.26
-19.47,-9.28,133523.78,0.00,0.04,0.00,0.00,-0.58,-0.26
-19.47,-9.28,137038.59,0.00,0.04,0.00,0.00,-0.58,-0.26
-19.47,-9.28,140553.63,0.00,0.04,0.00,0.00,-0.58,-0.26
-19.47,-9.28,144068.50,0.00,0.04,0.00,0.00,-0.58,-0.26
-19.47,-9.28,147583.41,0.00,0.04,0.00,0.00,-0.58,-0.26
-19.47,-9.28,151098.41,0.00,0.04,0.00,0.00,-0.58,-0.26
-19.47,-9.28,154613.66,0.00,0.04,0.00,0.00,-0.58,-0.26
-19.47,-9.28,158128.63,0.00,0.04,0.00,0.00,-0.58,-0.26
-19.47,-9.28,161643.47,0.00,0.04,0.00,0.00,-0.58,-0.26
-19.47,-9.28,165158.50,0.00,0.04,0.00,0.00,-0.58,-0.26
-19.47,-9.28,168673.59,0.00,0.04,0.00,0.00,-0.58,-0.26
-19.47,-9.28,172188.69,0.00,0.04,0.00,0.00,-0.58,-0.26
-19.47,-9.28,175703.63,0.00,0.04,0.00,0.00,-0.58,-0.26
-19.47,-9.28,179218.75,0.00,0.04,0.00,0.00,-0.58,-0.26
-19.47,-9.28,182733.91,0.00,0.04,0.00,0.00,-0.58,-0.26
-19.47,-9.28,186248.81,0.00,0.04,0.00,0.00,-0.58,-0.26
-19.47,-9.28,189763.81,0.00,0.04,0.00,0.00,-0.58,-0.26
-19.47,-9.28,193278.72,0.00,0.04,1.00,0.00,-0.58,-0.26
-19.47,-9.28,196793.81,0.00,0.04,0.00,0.00,-0.58,-0.26
-19.47,-9.28,200308.72,0.00,0.04,0.00,0.00,-0.58,-0.26
-19.47,-9.28,203823.59,0.00,0.04,0.00,0.00,-0.58,-0.26
-19.47,-9.28,207338.53,0.00,0.04,0.00,0.00,-0.58,-0.26
-19.47,-9.28,210853.50,0.00,0.04,0.00,0.00,-0.58,-0.26
-19.47,-9.28,214368.34,0.00,0.04,0.00,0.00,-0.68,-0.31
-19.47,-9.28,217883.50,0.00,0.04,0.00,0.00,-0.68,-0.31
-19.47,-9.28,221398.47,0.00,0.04,0.00,0.00,-0.68,-0.31
-19.47,-9.28,224913.41,0.00,0.04,0.00,0.00,-0.68,-0.31
-19.47,-9.28,228428.66,0.00,0.04,0.00,0.00,-0.68,-0.31
-19.47,-9.28,231943.63,0.00,0.04,0.00,0.00,-0.68,-0.31
-19.47,-9.28,235458.50,0.00,0.04,0.00,0.00,-0.68,-0.31
-19.47,-9.28,238973.56,0.00,0.04,0.00,0.00,-0.68,-0.31
-19.47,-9.28,242488.56,0.00,0.04,0.00,0.00,-0.68,-0.31
-19.47,-9.28,246003.59,0.00,0.04,0.00,0.00,-0.68,-0.31
-19.47,-9.28,249518.47,0.00,0.04,0.00,0.00,-0.82,-0.37
-19.47,-9.28,253033.53,0.00,0.04,0.00,0.00,-0.82,-0.37
-19.47,-9.28,256548.44,0.00,0.04,0.00,0.00,-0.82,-0.37
-19.47,-9.28,260063.44,0.00,0.04,0.00,0.00,-0.82,-0.37
-19.47,-9.28,263578.38,0.00,0.04,0.00,0.00,-0.82,-0.37
-19.47,-9.28,267093.28,0.00,0.04,0.00,0.00,-0.82,-0.37
-19.47,-9.28,270608.22,0.00,0.04,0.00,0.00,-0.82,-0.37
-19.47,-9.28,274122.78,0.00,0.04,0.00,0.00,-0.82,-0.37
-19.47,-9.28,277637.72,0.00,0.04,2.00,0.00,-0.82,-0.37
-19.47,-9.28,281152.72,0.00,0.04,0.00,0.00,-0.82,-0.37
-19.47,-9.28,284668.06,0.00,0.04,0.00,0.00,-1.02,-0.46
-19.47,-9.28,288183.38,0.00,0.04,0.00,0.00,-1.02,-0.46
-19.47,-9.28,291698.59,0.00,0.04,0.00,0.00,-1.02,-0.46
-19.47,-9.28,295213.94,0.00,0.04,0.00,0.00,-1.02,-0.46
-19.47,-9.28,298729.38,0.00,0.04,0.00,0.00,-1.02,-0.46
-19.47,-9.28,302244.53,0.00,0.04,0.00,0.00,-1.02,-0.46
-19.47,-9.28,305759.78,0.00,0.04,0.00,0.00,-1.02,-0.46
-19.47,-9.28,309275.00,0.00,0.04,0.00,0.00,-1.02,-0.46
-19.47,-9.28,312790.25,0.00,0.04,0.00,0.00,-1.02,-0.46
-19.47,-9.28,316305.53,0.00,0.04,0.00,0.00,-1.02,-0.46
-19.47,-9.32,319820.81,0.00,0.04,0.00,0.00,-1.35,-0.61
-19.47,-9.32,323336.09,0.00,0.04,0.00,0.00,-1.35,-0.61
-19.47,-9.32,326851.38,0.00,0.04,0.00,0.00,-1.35,-0.61
-19.47,-9.32,330366.63,0.00,0.04,0.00,0.00,-1.35,-0.61
-19.47,-9.32,333881.81,0.00,0.04,0.00,0.00,-1.35,-0.61
-19.47,-9.32,337397.09,0.00,0.04,0.00,0.00,-1.35,-0.61
-19.47,-9.32,340912.34,0.00,0.04,0.00,0.00,-1.35,-0.61
-19.47,-9.32,344427.69,0.00,0.04,0.00,0.00,-1.35,-0.61
-19.47,-9.32,347942.94,0.00,0.04,0.00,0.00,-1.35,-0.61
-19.47,-9.32,351458.06,0.00,0.04,0.00,0.00,-1.35,-0.61
-19.47,-9.52,354973.22,-4.40,0.04,0.00,0.00,-1.98,-0.89
-19.47,-9.58,358488.06,0.00,0.04,0.00,0.00,-1.98,-0.89
-19.47,-9.58,362003.19,0.00,0.04,0.00,0.00,-1.98,-0.89
-19.47,-9.58,365518.47,0.00,0.04,0.00,0.00,-1.98,-0.89
-19.47,-9.58,369033.59,0.00,0.04,0.00,0.00,-1.98,-0.89
-19.47,-9.58,372548.66,0.00,0.04,0.00,0.00,-1.98,-0.89
-19.47,-9.58,376063.84,0.00,0.04,0.00,0.00,-1.98,-0.89
-19.47,-9.58,379578.94,0.00,0.04,0.00,0.00,-1.98,-0.89
-19.47,-9.58,383093.97,0.00,0.04,0.00,0.00,-1.98,-0.89
-19.47,-9.58,386608.84,0.00,0.04,0.00,0.00,-1.98,-0.89
-17.23,-11.43,390124.22,-17.58,0.04,0.00,0.00,-1.96,-0.89
-15.64,-11.78,393639.19,0.00,0.04,0.00,0.00,-1.55,-0.70
-15.64,-11.78,397154.38,0.00,0.04,0.00,0.00,-1.55,-0.70
-15.64,-11.78,400669.44,0.00,0.04,0.00,0.00,-1.55,-0.70
-15.64,-11.78,404184.47,0.00,0.04,0.00,0.00,-1.55,-0.70
-15.64,-11.78,407699.47,0.00,0.04,0.00,0.00,-1.55,-0.70
-15.64,-11.78,411214.63,0.00,0.04,0.00,0.00,-1.55,-0.70
-15.64,-11.78,414729.69,0.00,0.04,0.00,0.00,-1.55,-0.70
-15.64,-11.78,418244.59,0.00,0.04,0.00,0.00,-1.55,-0.70
-15.64,-11.78,421759.50,0.00,0.04,0.00,0.00,-1.55,-0.70
-15.64,-12.42,425274.88,-4.39,0.04,0.00,0.00,-2.53,-1.14
-15.64,-12.53,428789.88,0.00,0.04,0.00,0.00,-2.49,-1.12
-15.64,-12.53,432305.16,0.00,0.04,0.00,0.00,-2.49,-1.12
-15.64,-12.53,435820.28,0.00,0.04,0.00,0.00,-2.49,-1.12
-15.64,-12.53,439335.44,0.00,0.04,0.00,0.00,-2.49,-1.12
-15.60,-12.53,442850.47,0.00,0.04,0.00,0.00,-2.46,-1.11
-15.60,-12.53,446365.63,0.00,0.04,0.00,0.00,-2.46,-1.11
-15.60,-12.53,449880.91,0.00,0.04,0.00,0.00,-2.46,-1.11
-15.60,-12.53,453395.75,0.00,0.04,0.00,0.00,-2.46,-1.11
-15.60,-12.53,456910.97,0.00,0.04,0.00,0.00,-2.46,-1.11
-14.33,-13.79,460426.00,17.58,0.04,0.00,0.00,-1.58,-0.69
-14.33,-13.72,463941.41,0.00,0.04,0.00,0.00,-1.22,-0.55
-14.33,-13.72,467456.50,0.00,0.04,0.00,0.00,-1.22,-0.55
-14.33,-13.72,470971.66,0.00,0.04,0.00,0.00,-1.22,-0.55
-14.33,-13.72,474486.81,0.00,0.04,0.00,0.00,-1.22,-0.55
-14.33,-13.72,478001.97,0.00,0.04,0.00,0.00,-1.22,-0.55
-14.33,-13.72,481517.25,0.00,0.04,0.00,0.00,-1.22,-0.55
-14.33,-13.72,485032.50,0.00,0.04,0.00,0.00,-1.22,-0.55
-14.33,-13.72,488547.69,0.00,0.04,0.00,0.00,-1.22,-0.55
-14.33,-13.72,492062.78,0.00,0.04,0.00,0.00,-1.22,-0.55
-14.33,-13.72,495577.91,0.00,0.04,0.00,0.00,-1.22,-0.55
-14.33,-13.72,499093.06,0.00,0.04,0.00,0.00,-1.22,-0.55
-14.33,-13.72,502608.19,0.00,0.04,0.00,0.00,-1.22,-0.55
-14.33,-13.72,506123.47,0.00,0.04,0.00,0.00,-1.22,-0.55
-14.33,-13.72,509638.63,0.00,0.04,0.00,0.00,-1.22,-0.55
-14.33,-13.72,513153.78,0.00,0.04,0.00,0.00,-1.22,-0.55
-14.33,-13.72,516669.03,0.00,0.04,0.00,0.00,-1.22,-0.55
-14.33,-13.72,520184.28,0.00,0.04,0.00,0.00,-1.22,-0.55
-14.33,-13.72,523699.47,0.00,0.04,0.00,0.00,-1.22,-0.55
-14.33,-13.72,527212.44,0.00,0.04,0.00,0.00,-1.22,-0.55
-14.33,-13.72,530724.94,0.00,0.04,0.00,0.00,-1.22,-0.55
-14.33,-13.72,534237.44,0.00,0.04,0.00,0.00,-1.22,-0.55
-14.33,-13.72,537749.94,0.00,0.04,0.00,0.00,-1.22,-0.55
-14.33,-13.72,541262.44,0.00,0.04,0.00,0.00,-1.22,-0.55
-14.33,-13.72,544775.06,0.00,0.04,0.00,0.00,-1.22,-0.55
-14.33,-13.72,548287.56,0.00,0.04,12.00,0.00,-1.22,-0.55
-14.33,-13.72,551800.06,0.00,0.04,0.00,0.00,-1.22,-0.55
-14.33,-13.72,555312.69,0.00,0.04,0.00,0.00,-1.22,-0.55
-14.33,-13.72,558825.25,0.00,0.04,0.00,0.00,-1.22,-0.55
-14.33,-13.72,562337.81,0.00,0.04,0.00,0.00,-1.22,-0.55
-14.33,-13.72,565850.38,0.00,0.04,0.00,0.00,-1.22,-0.55
-14.33,-13.72,569363.00,0.00,0.04,0.00,0.00,-1.22,-0.55
-14.33,-13.72,572875.50,0.00,0.04,0.00,0.00,-1.22,-0.55
-14.33,-13.72,576388.00,0.00,0.04,0.00,0.00,-1.22,-0.55
-14.33,-13.72,579900.63,0.00,0.04,0.00,0.00,-1.22,-0.55
-14.33,-13.72,583413.13,0.00,0.04,0.00,0.00,-1.22,-0.55
-14.33,-13.72,586925.75,0.00,0.04,0.00,0.00,-1.22,-0.55
-14.33,-13.72,590438.25,0.00,0.04,0.00,0.00,-1.22,-0.55
-14.33,-13.72,593950.75,0.00,0.04,0.00,0.00,-1.22,-0.55
-14.33,-13.72,597463.25,0.00,0.04,7.00,0.00,-1.22,-0.55
-14.33,-13.72,600975.81,0.00,0.04,0.00,0.00,-1.22,-0.55
-14.33,-13.72,604488.31,0.00,0.04,0.00,0.00,-1.22,-0.55
-14.33,-13.72,608000.81,0.00,0.04,0.00,0.00,-1.22,-0.55
-14.33,-13.72,611513.31,0.00,0.04,0.00,0.00,-1.22,-0.55
-14.33,-13.72,615025.81,0.00,0.04,0.00,0.00,-1.22,-0.55
-14.33,-13.72,618538.38,0.00,0.04,0.00,0.00,-1.22,-0.55
-14.33,-13.72,622050.94,0.00,0.04,0.00,0.00,-1.22,-0.55
-14.33,-13.72,625563.56,0.00,0.04,0.00,0.00,-1.22,-0.55
-14.33,-13.72,629076.13,0.00,0.04,0.00,0.00,-1.22,-0.55
-14.33,-13.72,632588.81,0.00,0.04,0.00,0.00,-1.22,-0.55
-14.33,-13.72,636101.31,0.00,0.04,0.00,0.00,-1.22,-0.55
-14.33,-13.72,639613.81,0.00,0.04,0.00,0.00,-1.22,-0.55
-14.33,-13.72,643126.31,0.00,0.04,0.00,0.00,-1.22,-0.55
-14.33,-13.72,646638.81,0.00,0.04,0.00,0.00,-1.22,-0.55
-14.33,-13.72,650151.31,0.00,0.04,0.00,0.00,-1.22,-0.55
-14.33,-13.72,653663.88,0.00,0.04,0.00,0.00,-1.22,-0.55
-14.33,-13.72,657176.38,0.00,0.04,0.00,0.00,-1.22,-0.55
-14.33,-13.72,660689.00,0.00,0.04,0.00,0.00,-1.22,-0.55
-14.33,-13.72,664201.50,0.00,0.04,0.00,0.00,-1.22,-0.55
-14.33,-13.72,667714.00,0.00,0.04,2.00,0.00,-1.22,-0.55
-14.33,-13.72,671226.50,0.00,0.04,0.00,0.00,-1.22,-0.55
-14.33,-13.72,674739.13,0.00,0.04,0.00,0.00,-1.22,-0.55
-14.33,-13.72,678251.63,0.00,0.04,0.00,0.00,-1.22,-0.55
-14.33,-13.72,681764.25,0.00,0.04,0.00,0.00,-1.22,-0.55
-14.33,-13.72,685276.75,0.00,0.04,0.00,0.00,-1.22,-0.55
-14.33,-13.72,688789.25,0.00,0.04,0.00,0.00,-1.22,-0.55
-14.33,-13.72,692301.88,0.00,0.04,0.00,0.00,-1.22,-0.55
-14.33,-13.72,695814.38,0.00,0.04,0.00,0.00,-1.22,-0.55
-14.33,-13.72,699326.88,0.00,0.04,0.00,0.00,-1.22,-0.55
-14.33,-13.72,702839.44,0.00,0.04,0.00,0.00,-1.22,-0.55
-14.33,-13.72,706351.94,0.00,0.04,0.00,0.00,-1.22,-0.55
-14.33,-13.72,709864.44,0.00,0.04,8.00,0.00,-1.22,-0.55
-14.33,-13.72,713376.94,0.00,0.04,0.00,0.00,-1.22,-0.55
-14.33,-13.72,716889.44,0.00,0.04,0.00,0.00,-1.22,-0.55
-14.33,-13.72,720401.94,0.00,0.04,0.00,0.00,-1.22,-0.55
-14.33,-13.72,723914.44,0.00,0.04,0.00,0.00,-1.22,-0.55
-14.33,-13.72,727426.94,0.00,0.04,0.00,0.00,-1.22,-0.55
-14.33,-13.72,730939.44,0.00,0.04,0.00,0.00,-1.22,-0.55
-14.33,-13.72,734452.00,0.00,0.04,0.00,0.00,-1.22,-0.55
-14.33,-13.72,737964.50,0.00,0.04,0.00,0.00,-1.22,-0.55
-14.33,-13.72,741477.00,0.00,0.04,0.00,0.00,-1.22,-0.55
-14.33,-13.72,744989.56,0.00,0.04,0.00,0.00,-1.22,-0.55
-14.33,-13.72,748502.19,0.00,0.04,0.00,0.00,-1.22,-0.55
-14.33,-13.72,752014.69,0.00,0.04,0.00,0.00,-1.22,-0.55
-14.33,-13.72,755527.25,0.00,0.04,0.00,0.00,-1.22,-0.55
-14.33,-13.72,759039.81,0.00,0.04,6.00,0.00,-1.22,-0.55
-14.33,-13.72,762552.31,0.00,0.04,0.00,0.00,-1.22,-0.55
-14.33,-13.72,766064.81,0.00,0.04,0.00,0.00,-1.22,-0.55
-14.33,-13.72,769577.38,0.00,0.04,0.00,0.00,-1.22,-0.55
-14.33,-13.72,773090.06,0.00,0.04,0.00,0.00,-1.22,-0.55
-14.33,-13.72,776602.63,0.00,0.04,0.00,0.00,-1.22,-0.55
-14.33,-13.72,780115.13,0.00,0.04,0.00,0.00,-1.22,-0.55
-14.33,-13.72,783627.75,0.00,0.04,0.00,0.00,-1.22,-0.55
-14.33,-13.72,787140.25,0.00,0.04,0.00,0.00,-1.22,-0.55
-14.33,-13.72,790652.75,0.00,0.04,0.00,0.00,-1.22,-0.55
-14.33,-13.72,794165.25,0.00,0.04,0.00,0.00,-1.22,-0.55
-14.33,-13.72,797677.75,0.00,0.04,0.00,0.00,-1.22,-0.55
-14.33,-13.72,801190.25,0.00,0.04,4.00,0.00,-1.22,-0.55
-14.33,-13.72,804702.75,0.00,0.04,0.00,0.00,-1.22,-0.55
-14.33,-13.72,808215.25,0.00,0.04,0.00,0.00,-1.22,-0.55
-14.33,-13.72,811727.81,0.00,0.04,0.00,0.00,-1.22,-0.55
-14.33,-13.72,815240.31,0.00,0.04,0.00,0.00,-1.22,-0.55
-14.33,-13.72,818752.81,0.00,0.04,1.00,0.00,-1.22,-0.55
-14.33,-13.72,822265.44,0.00,0.04,0.00,0.00,-1.22,-0.55
-14.33,-13.72,825777.94,0.00,0.04,0.00,0.00,-1.22,-0.55
-14.33,-13.72,829290.50,0.00,0.04,0.00,0.00,-1.22,-0.55
-14.33,-13.72,832803.00,0.00,0.04,0.00,0.00,-1.22,-0.55
-14.33,-13.72,836315.63,0.00,0.04,0.00,0.00,-1.22,-0.55
-14.33,-13.72,839828.13,0.00,0.04,0.00,0.00,-1.22,-0.55
-14.33,-13.72,843340.75,0.00,0.04,0.00,0.00,-1.22,-0.55
-14.33,-13.72,846853.25,0.00,0.04,0.00,0.00,-1.22,-0.55
-14.33,-13.72,850365.75,0.00,0.04,0.00,0.00,-1.22,-0.55
-14.33,-13.72,853878.25,0.00,0.04,0.00,0.00,-1.22,-0.55
-14.33,-13.72,857390.81,0.00,0.04,0.00,0.00,-1.22,-0.55
-14.33,-13.72,860903.38,0.00,0.04,0.00,0.00,-1.22,-0.55
-14.33,-13.72,864415.94,0.00,0.04,0.00,0.00,-1.22,-0.55
-14.33,-13.72,867928.44,0.00,0.04,0.00,0.00,-1.22,-0.55
-14.33,-13.72,871440.94,0.00,0.04,0.00,0.00,-1.22,-0.55
-14.33,-13.72,874953.44,0.00,0.04,0.00,0.00,-1.22,-0.55
-14.33,-13.72,878466.06,0.00,0.04,0.00,0.00,-1.22,-0.55
-14.33,-13.72,881978.56,0.00,0.04,0.00,0.00,-1.22,-0.55
-14.33,-13.72,885491.06,0.00,0.04,0.00,0.00,-1.22,-0.55
-14.33,-13.72,889003.63,0.00,0.04,0.00,0.00,-1.22,-0.55
-14.33,-13.72,892516.25,0.00,0.04,15.00,0.00,-1.22,-0.55
-14.33,-13.72,896028.75,0.00,0.04,0.00,0.00,-1.22,-0.55
-14.33,-13.72,899541.31,0.00,0.04,0.00,0.00,-1.22,-0.55
-14.33,-13.72,903053.81,0.00,0.04,0.00,0.00,-1.22,-0.55
-14.33,-13.72,906566.44,0.00,0.04,0.00,0.00,-1.22,-0.55
-14.33,-13.72,910078.94,0.00,0.04,0.00,0.00,-1.22,-0.55
-14.33,-13.72,913591.56,0.00,0.04,0.00,0.00,-1.22,-0.55
-14.33,-13.72,917104.06,0.00,0.04,0.00,0.00,-1.22,-0.55
-14.33,-13.72,920616.56,0.00,0.04,0.00,0.00,-1.22,-0.55
-14.33,-13.72,924129.19,0.00,0.04,0.00,0.00,-1.22,-0.55
-14.33,-13.72,927641.69,0.00,0.04,0.00,0.00,-1.22,-0.55
-14.33,-13.72,931154.19,0.00,0.04,0.00,0.00,-1.22,-0.55
-14.33,-13.72,934666.69,0.00,0.04,0.00,0.00,-1.22,-0.55
-14.33,-13.72,938179.19,0.00,0.04,0.00,0.00,-1.22,-0.55
-14.33,-13.72,941691.75,0.00,0.04,0.00,0.00,-1.22,-0.55
-14.33,-13.72,945204.31,0.00,0.04,0.00,0.00,-1.22,-0.55
-14.33,-13.72,948716.81,0.00,0.04,0.00,0.00,-1.22,-0.55
-14.33,-13.72,952229.31,0.00,0.04,0.00,0.00,-1.22,-0.55
-14.33,-13.72,955741.81,0.00,0.04,0.00,0.00,-1.22,-0.55
-14.33,-13.72,959254.44,0.00,0.04,0.00,0.00,-1.22,-0.55
-14.33,-13.72,962766.94,0.00,0.04,0.00,0.00,-1.22,-0.55
-14.33,-13.72,966279.44,0.00,0.04,0.00,0.00,-1.22,-0.55
-14.33,-13.72,969791.94,0.00,0.04,0.00,0.00,-1.22,-0.55
-14.33,-13.72,973304.50,0.00,0.04,0.00,0.00,-1.22,-0.55
-14.33,-13.72,976817.00,0.00,0.04,0.00,0.00,-1.22,-0.55
-14.33,-13.72,980329.56,0.00,0.04,9.00,0.00,-1.22,-0.55
-14.33,-13.72,983842.06,0.00,0.04,0.00,0.00,-1.22,-0.55
-14.33,-13.72,987354.69,0.00,0.04,0.00,0.00,-1.22,-0.55
-14.33,-13.72,990867.19,0.00,0.04,0.00,0.00,-1.22,-0.55
-14.33,-13.72,994379.69,0.00,0.04,0.00,0.00,-1.22,-0.55
-14.33,-13.72,997892.19,0.00,0.04,0.00,0.00,-1.22,-0.55
-14.33,-13.72,1001404.69,0.00,0.04,0.00,0.00,-1.22,-0.55
-14.33,-13.72,1004917.19,0.00,0.04,0.00,0.00,-1.22,-0.55
-14.33,-13.72,1008429.81,0.00,0.04,0.00,0.00,-1.22,-0.55
-14.33,-13.72,1011942.31,0.00,0.04,0.00,0.00,-1.22,-0.55
-14.33,-13.72,1015454.81,0.00,0.04,0.00,0.00,-1.22,-0.55
-14.33,-13.72,1018967.38,0.00,0.04,0.00,0.00,-1.22,-0.55
-14.33,-13.72,1022479.88,0.00,0.04,0.00,0.00,-1.22,-0.55
-14.33,-13.72,1025992.38,0.00,0.04,0.00,0.00,-1.22,-0.55
-14.33,-13.72,1029504.88,0.00,0.04,0.00,0.00,-1.22,-0.55
-14.33,-13.72,1033017.38,0.00,0.04,0.00,0.00,-1.22,-0.55
-14.33,-13.72,1036529.88,0.00,0.04,0.00,0.00,-1.22,-0.55
-14.33,-13.72,1040042.44,0.00,0.04,0.00,0.00,-1.22,-0.55
-14.33,-13.72,1043554.94,0.00,0.04,0.00,0.00,-1.22,-0.55
-14.33,-13.72,1047067.56,0.00,0.04,0.00,0.00,-1.22,-0.55
-14.33,-13.72,1050580.00,0.00,0.04,0.00,0.00,-1.22,-0.55
-14.33,-13.72,1054092.75,0.00,0.04,0.00,0.00,-1.22,-0.55
-14.33,-13.72,1057605.25,0.00,0.04,0.00,0.00,-1.22,-0.55
-14.33,-13.72,1061117.75,0.00,0.04,0.00,0.00,-1.22,-0.55
-14.33,-13.72,1064630.25,0.00,0.04,0.00,0.00,-1.22,-0.55
-14.33,-13.72,1068142.75,0.00,0.04,0.00,0.00,-1.22,-0.55
-14.33,-13.72,1071655.25,0.00,0.04,14.00,0.00,-1.22,-0.55
-14.33,-13.72,1075167.75,0.00,0.04,0.00,0.00,-1.22,-0.55
-14.33,-13.72,1078680.25,0.00,0.04,0.00,0.00,-1.22,-0.55
-14.33,-13.72,1082192.75,0.00,0.04,0.00,0.00,-1.22,-0.55
-14.33,-13.72,1085705.25,0.00,0.04,0.00,0.00,-1.22,-0.55
-14.33,-13.72,1089217.75,0.00,0.04,0.00,0.00,-1.22,-0.55
-14.33,-13.72,1092730.25,0.00,0.04,0.00,0.00,-1.22,-0.55
-14.33,-13.72,1096242.75,0.00,0.04,0.00,0.00,-1.22,-0.55
-14.33,-13.72,1099755.25,0.00,0.04,0.00,0.00,-1.22,-0.55
-14.33,-13.72,1103267.75,0.00,0.04,0.00,0.00,-1.22,-0.55
-14.33,-13.72,1106780.25,0.00,0.04,0.00,0.00,-1.22,-0.55
-14.33,-13.72,1110292.75,0.00,0.04,0.00,0.00,-1.22,-0.55
-14.33,-13.72,1113805.25,0.00,0.04,0.00,0.00,-1.22,-0.55
-14.33,-13.72,1117317.75,0.00,0.04,0.00,0.00,-1.22,-0.55
-14.33,-13.72,1120830.25,0.00,0.04,0.00,0.00,-1.22,-0.55
-14.33,-13.72,1124342.75,0.00,0.04,0.00,0.00,-1.22,-0.55
-14.24,-13.72,1127855.25,0.00,0.04,0.00,0.00,-1.05,-0.47
-14.02,-13.63,1131367.75,0.00,0.04,0.00,0.00,-0.78,-0.35
-14.02,-13.63,1134880.25,0.00,0.04,0.00,0.00,-0.78,-0.35
-14.02,-13.63,1138392.87,0.00,0.04,9.00,0.00,-0.78,-0.35
-14.02,-13.63,1141905.37,0.00,0.04,0.00,0.00,-0.78,-0.35
-14.02,-13.63,1145417.87,0.00,0.04,0.00,0.00,-0.78,-0.35
-14.02,-13.63,1148930.37,0.00,0.04,0.00,0.00,-0.78,-0.35
-14.02,-13.63,1152443.00,0.00,0.04,0.00,0.00,-0.78,-0.35
-14.02,-13.63,1155955.75,0.00,0.04,0.00,0.00,-0.78,-0.35
-14.02,-13.63,1159468.37,0.00,0.04,0.00,0.00,-0.78,-0.35
-14.02,-13.63,1162980.87,0.00,0.04,0.00,0.00,-0.78,-0.35
-14.02,-13.63,1166493.37,0.00,0.04,0.00,0.00,-0.78,-0.35
-14.02,-13.63,1170005.87,0.00,0.04,0.00,0.00,-0.78,-0.35
-14.02,-13.63,1173518.37,0.00,0.04,0.00,0.00,-0.78,-0.35
-14.02,-13.63,1177031.00,0.00,0.04,0.00,0.00,-0.78,-0.35
-14.02,-13.63,1180543.50,0.00,0.04,0.00,0.00,-0.78,-0.35
-14.02,-13.63,1184056.25,0.00,0.04,0.00,0.00,-0.78,-0.35
-14.02,-13.63,1187569.00,0.00,0.04,0.00,0.00,-0.78,-0.35
-14.02,-13.63,1191081.75,0.00,0.04,0.00,0.00,-0.78,-0.35
-14.02,-13.63,1194594.37,0.00,0.04,0.00,0.00,-0.78,-0.35
-14.02,-13.63,1198106.87,0.00,0.04,0.00,0.00,-0.78,-0.35
-14.02,-13.63,1201619.50,0.00,0.04,0.00,0.00,-0.78,-0.35
-14.02,-13.63,1205132.00,0.00,0.04,0.00,0.00,-0.78,-0.35
-14.02,-13.63,1208644.50,0.00,0.04,0.00,0.00,-0.78,-0.35
-14.02,-13.63,1212157.25,0.00,0.04,0.00,0.00,-0.78,-0.35
-14.02,-13.63,1215669.75,0.00,0.04,0.00,0.00,-0.78,-0.35
-14.02,-13.63,1219182.25,0.00,0.04,0.00,0.00,-0.78,-0.35
-14.02,-13.63,1222694.75,0.00,0.04,0.00,0.00,-0.78,-0.35
-14.02,-13.63,1226207.37,0.00,0.04,0.00,0.00,-0.78,-0.35
-14.02,-13.63,1229720.12,0.00,0.04,0.00,0.00,-0.78,-0.35
-14.02,-13.63,1233232.62,0.00,0.04,0.00,0.00,-0.78,-0.35
-13.97,-13.63,1236745.25,0.00,0.04,0.00,0.00,-0.69,-0.31
-13.97,-13.63,1240257.75,0.00,0.04,0.00,0.00,-0.69,-0.31
-13.80,-13.54,1243770.25,0.00,0.04,0.00,0.00,-0.52,-0.23
-13.80,-13.54,1247283.00,0.00,0.04,0.00,0.00,-0.52,-0.23
-13.80,-13.54,1250795.50,0.00,0.04,0.00,0.00,-0.52,-0.23
-13.80,-13.54,1254308.25,0.00,0.04,0.00,0.00,-0.52,-0.23
-12.83,-12.95,1257820.87,13.18,0.04,0.00,0.00,1.12,0.47
-10.55,-11.12,1261333.37,43.95,0.04,0.00,0.00,1.14,0.51
-9.18,-9.92,1264845.87,17.58,0.04,0.00,0.00,0.97,0.45
-8.09,-8.77,1268358.37,4.39,0.04,0.00,0.00,1.24,0.56
-7.25,-7.98,1271870.87,8.79,0.04,0.00,0.00,1.20,0.55
-6.63,-7.41,1275383.37,4.40,0.04,0.00,0.00,1.42,0.64
-6.06,-6.90,1278895.87,0.00,0.04,0.00,0.00,2.95,1.28
-5.45,-6.43,1282408.62,13.18,0.04,0.00,0.00,1.59,0.73
-4.48,-5.54,1285921.12,8.79,0.04,0.00,0.00,1.86,0.84
-3.60,-4.64,1289433.62,4.39,0.04,0.00,0.00,1.96,0.88
-3.12,-4.16,1292946.12,4.39,0.04,0.00,0.00,1.95,0.88
-2.50,-3.68,1296458.62,4.39,0.04,0.00,0.00,2.23,1.01
-1.84,-3.12,1299971.12,8.79,0.04,0.00,0.00,2.29,1.04
-1.36,-2.55,1303483.62,0.00,0.04,0.00,0.00,2.38,1.07
-1.14,-2.33,1306996.12,0.00,0.04,0.00,0.00,2.38,1.07
-1.01,-2.24,1310508.75,0.00,0.04,0.00,0.00,2.47,1.11
-0.44,-1.82,1314021.25,13.19,0.04,0.00,0.00,2.39,1.09
0.49,-0.79,1317533.75,8.79,0.04,0.00,0.00,2.30,1.05
0.92,-0.13,1321046.25,0.00,0.04,0.00,0.00,2.12,0.95
1.01,-0.09,1324559.12,0.00,0.04,0.00,0.00,2.21,0.99
1.28,0.04,1328072.00,4.39,0.04,0.00,0.00,2.35,1.06
1.67,0.53,1331584.50,8.79,0.04,0.00,0.00,2.03,0.92
2.02,0.79,1335097.12,0.00,0.04,0.00,0.00,2.47,1.11
2.29,1.10,1338609.62,4.39,0.04,15.00,0.00,2.24,1.01
2.73,1.57,1342122.12,4.40,0.04,0.00,0.00,2.19,0.99
2.90,1.71,1345634.62,0.00,0.04,0.00,0.00,2.38,1.07
3.17,1.89,1349147.12,8.79,0.04,0.00,0.00,2.29,1.04
3.47,2.23,1352659.75,4.39,0.04,0.00,0.00,2.36,1.07
3.69,2.50,1356172.37,0.00,0.04,0.00,0.00,2.38,1.07
3.78,2.55,1359685.00,0.00,0.04,0.00,0.00,2.47,1.11
3.78,2.59,1363197.75,0.00,0.04,0.00,0.00,2.38,1.07
3.78,2.59,1366710.37,0.00,0.04,0.00,0.00,2.38,1.07
3.65,2.59,1370223.12,0.00,0.04,0.00,0.00,2.12,0.95
3.25,2.59,1373735.87,0.00,0.04,0.00,0.00,0.05,0.07
2.55,2.34,1377248.62,-4.39,0.04,0.00,0.00,0.54,0.24
0.18,0.89,1380761.12,-30.77,0.04,0.00,0.00,-0.54,-0.28
-1.62,-0.90,1384273.75,13.19,0.04,0.00,0.00,-1.84,-0.81
-2.81,-2.92,1387786.25,52.74,0.04,0.00,0.00,-1.32,-0.54
-4.57,-5.40,1391298.75,8.79,0.04,0.00,0.00,1.40,0.64
-4.66,-5.23,1394811.25,-39.55,0.04,1.00,0.00,2.29,0.99
-4.39,-3.94,1398323.87,-52.74,0.04,0.00,0.00,0.62,0.22
-3.65,-2.86,1401836.37,0.00,0.04,0.00,0.00,-1.57,-0.71
-0.92,-1.01,1405348.87,39.55,0.04,0.00,0.00,1.57,0.66
2.02,2.49,1408861.37,8.79,0.04,0.00,0.00,-1.19,-0.52
3.74,3.29,1412373.87,21.98,0.04,0.00,0.00,0.26,0.14
4.62,3.51,1415886.87,0.00,0.04,0.00,0.00,2.21,0.99
5.28,4.08,1419399.37,8.79,0.04,0.00,0.00,3.42,1.50
6.02,4.87,1422911.87,4.39,0.04,0.00,0.00,2.18,0.99
6.37,5.27,1426424.37,0.00,0.04,0.00,0.00,2.21,0.99
6.37,5.27,1429937.12,0.00,0.04,0.00,0.00,2.21,0.99
6.37,5.27,1433449.75,0.00,0.04,0.00,0.00,2.21,0.99
6.55,5.32,1436962.50,0.00,0.04,0.00,0.00,2.47,1.11
6.95,5.61,1440475.00,4.40,0.04,0.00,0.00,2.54,1.15
7.96,6.68,1443987.50,8.79,0.04,0.00,0.00,2.29,1.04
8.04,7.03,1447500.00,0.00,0.04,0.00,0.00,2.03,0.91
8.13,7.03,1451012.75,0.00,0.04,0.00,0.00,2.21,0.99
8.26,7.03,1454525.50,0.00,0.04,0.00,0.00,2.47,1.11
8.75,7.43,1458038.12,8.79,0.04,0.00,0.00,3.66,1.61
9.19,7.95,1461550.62,0.00,0.04,0.00,0.00,2.47,1.11
9.63,8.32,1465063.25,4.39,0.04,0.00,0.00,2.49,1.13
10.15,8.92,1468575.87,4.39,0.04,0.00,0.00,2.34,1.06
10.64,9.34,1472088.37,4.39,0.04,0.00,0.00,2.47,1.12
11.38,10.07,1475600.87,4.39,0.04,0.00,0.00,2.49,1.13
11.96,10.57,1479113.37,4.39,0.04,0.00,0.00,2.64,1.19
12.75,11.44,1482625.87,13.18,0.04,0.00,0.00,2.24,1.02
13.49,12.17,1486138.37,8.79,0.04,0.00,0.00,2.39,1.09
14.42,13.09,1489650.87,8.79,0.04,0.00,0.00,3.67,1.62
15.25,13.85,1493163.37,8.79,0.04,0.00,0.00,2.54,1.15
15.91,14.56,1496675.87,4.40,0.04,0.00,0.00,2.57,1.16
15.87,14.63,1500188.50,0.00,0.04,0.00,0.00,2.47,1.11
15.34,14.63,1503701.12,0.00,0.04,0.00,0.00,1.42,0.64
14.64,14.28,1507213.62,0.00,0.04,0.00,0.00,0.71,0.32
13.45,13.49,1510726.12,-13.19,0.04,0.00,0.00,0.29,0.12
12.09,12.15,1514238.62,-13.19,0.04,0.00,0.00,0.26,0.10
11.21,11.43,1517751.12,-4.39,0.04,0.00,0.00,-1.59,-0.67
10.37,10.84,1521263.62,-4.39,0.04,0.00,0.00,-0.81,-0.37
9.49,9.71,1524776.25,0.00,0.04,0.00,0.00,-0.43,-0.19
9.19,9.58,1528288.75,0.00,0.04,0.00,0.00,-0.78,-0.35
8.79,9.36,1531801.37,-8.79,0.04,0.00,0.00,-0.89,-0.41
8.13,8.69,1535313.87,-8.79,0.04,0.00,0.00,-0.87,-0.40
7.25,7.81,1538826.37,-8.79,0.04,0.00,0.00,-0.85,-0.39
6.55,7.22,1542339.00,-4.39,0.04,0.00,0.00,-1.21,-0.55
6.20,6.99,1545851.62,0.00,0.04,0.00,0.00,-1.57,-0.71
5.58,6.35,1549364.12,-8.79,0.04,0.00,0.00,-1.28,-0.59
4.92,5.63,1552876.62,-4.39,0.04,0.00,0.00,-1.29,-0.58
4.66,5.36,1556389.25,0.00,0.04,0.00,0.00,-1.40,-0.63
4.35,5.23,1559901.87,-4.40,0.04,0.00,0.00,-1.62,-0.73
3.78,4.84,1563414.37,-13.18,0.04,0.00,0.00,-1.74,-0.79
3.03,4.06,1566927.00,-4.39,0.04,0.00,0.00,-1.93,-0.87
2.42,3.43,1570439.50,0.00,0.04,0.00,0.00,-2.01,-0.91
2.11,3.24,1573952.00,-4.39,0.04,0.00,0.00,-2.14,-0.97
1.94,3.03,1577464.50,0.00,0.04,0.00,0.00,-2.19,-0.98
1.50,2.58,1580977.00,-4.39,0.04,0.00,0.00,-2.03,-0.92
1.10,2.30,1584489.62,-4.39,0.04,0.00,0.00,-3.55,-1.55
0.57,1.67,1588002.12,-4.39,0.04,0.00,0.00,-2.07,-0.94
0.18,1.42,1591514.62,-4.39,0.04,0.00,0.00,-2.35,-1.06
-0.35,0.80,1595027.12,-4.39,0.04,0.00,0.00,-2.17,-0.98
-1.10,0.17,1598539.62,-8.79,0.04,0.00,0.00,-3.56,-1.56
-1.76,-0.56,1602052.12,-4.40,0.04,0.00,0.00,-2.27,-1.03
-2.46,-1.22,1605564.62,-4.39,0.04,0.00,0.00,-2.36,-1.07
-3.12,-1.86,1609077.12,-8.79,0.04,0.00,0.00,-2.26,-1.03
-3.47,-2.09,1612589.62,-4.39,0.04,0.00,0.00,-2.63,-1.19
-4.39,-2.97,1616102.12,-8.79,0.04,0.00,0.00,-2.60,-1.18
-5.62,-4.20,1619614.62,-17.58,0.04,0.00,0.00,-3.62,-1.60
-7.16,-5.70,1623127.12,-13.19,0.04,0.00,0.00,-3.81,-1.68
-8.26,-6.93,1626639.62,-4.39,0.04,0.00,0.00,-2.54,-1.15
-8.92,-7.59,1630152.12,-4.39,0.04,0.00,0.00,-2.54,-1.15
-9.67,-8.05,1633664.62,-8.79,0.04,0.00,0.00,-2.97,-1.35
-10.85,-9.25,1637177.12,-13.18,0.04,0.00,0.00,-2.83,-1.29
-12.57,-11.00,1640689.62,-17.58,0.04,0.00,0.00,-2.62,-1.20
-14.37,-12.86,1644202.12,-13.18,0.04,0.00,0.00,-3.92,-1.73
-15.56,-14.12,1647714.62,-8.79,0.04,0.00,0.00,-2.63,-1.19
-16.26,-14.72,1651227.12,-4.39,0.04,0.00,0.00,-2.95,-1.33
-17.10,-15.43,1654739.62,-8.79,0.04,0.00,0.00,-3.09,-1.40
-18.46,-16.76,1658252.12,-17.58,0.04,0.00,0.00,-4.16,-1.84
-20.13,-18.62,1661764.62,-17.58,0.04,0.00,0.00,-3.78,-1.67
-21.84,-20.69,1665277.12,-13.18,0.04,4.00,0.00,-1.91,-0.87
-21.93,-21.10,1668789.62,0.00,0.04,0.00,0.00,-0.39,-0.22
-20.26,-20.15,1672302.12,13.18,0.04,0.00,0.00,-0.59,-0.25
-17.62,-18.32,1675814.62,52.74,0.04,0.00,0.00,1.13,0.52
-15.82,-16.75,1679327.37,-8.79,0.04,0.00,0.00,2.12,0.94
-13.89,-14.64,1682839.87,-26.37,0.04,0.00,0.00,2.28,1.00
-12.74,-13.07,1686352.37,-52.74,0.04,0.00,0.00,3.45,1.45
-10.55,-9.76,1689864.87,-57.13,0.04,0.00,0.00,1.35,0.50
-7.65,-7.00,1693377.37,8.79,0.04,0.00,0.00,-0.26,-0.16
-4