0 - 0.00
0 - 0.00
0 - 0.00
0 - 0.00
0 - 0.00
0 - 0.00
0 - 0.00
0 - 0.00
0 - 0.00
0 - 0.00
0 - 0.00
0 - 0.00
0 - 0.00
0 - 0.00
0 - 0.00
0 - 0.00
0 - 0.00
0 - 0.00
0 - 0.00
0 - 0.00
0 - 0.00
0 - 0.00
0 - 0.00
0 - 0.00
0 - 0.00
0 - 0.00
0 - 0.00
0 - 0.00
0 - 0.00
0 - 0.00
0 - 0.00
0 - 0.00
0 - 0.00
0 - 0.00
0 - 0.00
0 - 0.00
0 - 0.00
0 - 0.00
0 - 0.00
0 - 0.00
0 - 0.00
0 - 0.00
0 - 0.00
0 - 0.00
0 - 0.00
0 - 0.00
0 - 0.00
0 - 0.00
0 - 0.00
0 - 0.00
0 - 0.00
0 - 0.00
0 - 0.00
0 - 0.00
0 - 0.00
0 - 0.00
0 - 0.00
0 - 0.00
0 - 0.00
0 - 0.00
0 - 0.00
0 - 0.00
0 - 0.00
0 - 0.00
0 - 0.00
0 - 0.00
0 - 0.00
0 - 0.00
0 - 0.00
0 - 0.00
0 - 0.00
0 - 0.00
0 - 0.00
0 - 0.00
0 - 0.00
0 - 0.00
0 - 0.00
0 - 0.00
0 - 0.00
0 - 0.00
0 - 0.00
0 - 0.00
0 - 0.00
0 - 0.00
0 - 0.00
0 - 0.00
0 - 0.00
0 - 0.00
0 - 0.00
0 - 0.00
0 - 0.00
0 - 0.00
0 - 0.00
0 - 0.00
0 - 0.00
0 - 0.00
0 - 0.00
0 - 0.00
0 - 0.00
0 - 0.00
0 - 0.00
0 - 0.00
0 - 0.00
0 - 0.00
0 - 0.00
0 - 0.00
0 - 0.00
0 - 0.00
0 - 0.00
0 - 0.00
0 - 0.00
0 - 0.00
0 - 0.00
0 - 0.00
0 - 0.00
0 - 0.00
0 - 0.00
0 - 0.00
0 - 0.00
0 - 0.00
0 - 0.00
0 - 0.00
0 - 0.00
0 - 0.00
0 - 0.00
0 - 0.00
0 - 0.00
0 - 0.00
0 - 0.00
0 - 0.00
0 - 0.00
0 - 0.00
0 - 0.00
0 - 0.00
0 - 0.00
0 - 0.00
0 - 0.00
0 - 0.00
0 - 0.00
0 - 0.00
0 - 0.00
0 - 0.00
0 - 0.00
0 - 0.00
0 - 0.00
0 - 0.00
0 - 0.00
0 - 0.00
0 - 0.00
0 - 0.00
0 - 0.00
0 - 0.00
0 - 0.00
0 - 0.00
0 - 0.00
0 - 0.00
0 - 0.00
0 - 0.00
0 - 0.00
0 - 0.00
0 - 0.00
0 - 0.00
0 - 0.00
0 - 0.00
0 - 0.00
0 - 0.00
0 - 0.00
0 - 0.00
0 - 0.00
0 - 0.00
0 - 0.00
0 - 0.00
0 - 0.00
0 - 0.00
0 - 0.00
0 - 0.00
0 - 0.00
0 - 0.00
0 - 0.00
0 - 0.00
0 - 0.00
0 - 0.00
0 - 0.00
0 - 0.00
0 - 0.00
0 - 0.00
0 - 0.00
0 - 0.00
0 - 0.00
0 - 0.00
0 - 0.00
0 - 0.00
0 - 0.00
0 - 0.00
0 - 0.00
0 - 0.00
0 - 0.00
0 - 0.00
0 - 0.00
0 - 0.00
0 - 0.00
0 - 0.00
0 - 0.00
0 - 0.00
0 - 0.00
0 - 0.00
0 - 0.00
0 - 0.00
0 - 0.00
0 - 0.00
0 - 0.00
0 - 0.00
0 - 0.00
0 - 0.00
0 - 0.00
0 - 0.00
0 - 0.00
0 - 0.00
0 - 0.00
0 - 0.00
0 - 0.00
0 - 0.00
0 - 0.00
0 - 0.00
0 - 0.00
0 - 0.00
0 - 0.00
0 - 0.00
0 - 0.00
0 - 0.00
0 - 0.00
0 - 0.00
0 - 0.00
0 - 0.00
0 - 0.00
0 - 0.00
0 - 0.00
0 - 0.00
0 - 0.00
0 - 0.00
0 - 0.00
0 - 0.00
0 - 0.00
0 - 0.00
0 - 0.00
0 - 0.00
0 - 0.00
0 - 0.00
0 - 0.00
0 - 0.00
0 - 0.00
0 - 0.00
0 - 0.00
0 - 0.00
0 - 0.00
0 - 0.00
0 - 0.00
0 - 0.00
0 - 0.00
0 - 0.00
0 - 0.00
0 - 0.00
0 - 0.00
0 - 0.00
0 - 0.00
0 - 0.00
0 - 0.00
0 - 0.00
0 - 0.00
0 - 0.00
0 - 0.00
0 - 0.00
0 - 0.00
0 - 0.00
0 - 0.00
0 - 0.00
0 - 0.00
0 - 0.00
0 - 0.00
0 - 0.00
0 - 0.00
0 - 0.00
0 - 0.00
0 - 0.00
0 - 0.00
0 - 0.00
0 - 0.00
0 - 0.00
0 - 0.00
0 - 0.00
0 - 0.00
0 - 0.00
0 - 0.00
0 - 0.00
0 - 0.00
0 - 0.00
0 - 0.00
0 - 0.00
0 - 0.00
0 - 0.00
0 - 0.00
0 - 0.00
0 - 0.00
0 - 0.00
0 - 0.00
0 - 0.00
0 - 0.00
0 - 0.00
0 - 0.00
0 - 0.00
0 - 0.00
0 - 0.00
0 - 0.00
0 - 0.00
0 - 0.00
0 - 0.00
0 - 0.00
0 - 0.00
0 - 0.00
0 - 0.00
0 - 0.00
0 - 0.00
0 - 0.00
0 - 0.00
0 - 0.00
0 - 0.00
0 - 0.00
0 - 0.00
0 - 0.00
0 - 0.00
0 - 0.00
0 - 0.00
0 - 0.00
0 - 0.00
0 - 0.00
0 - 0.00
0 - 0.00
0 - 0.00
0 - 0.00
0 - 0.00
0 - 0.00
0 - 0.00
0 - 0.00
0 - 0.00
0 - 0.00
0 - 0.00
0 - 0.00
0 - 0.00
0 - 0.00
0 - 0.00
0 - 0.00
0 - 0.00
0 - 0.00
0 - 0.00
0 - 0.00
0 - 0.00
0 - 0.00
0 - 0.00
0 - 0.00
0 - 0.00
0 - 0.00
0 - 0.00
0 - 0.00
0 - 0.00
0 - 0.00
0 - 0.00
0 - 0.00
0 - 0.00
0 - 0.00
0 - 0.00
0 - 0.00
0 - 0.00
0 - 0.00
0 - 0.00
0 - 0.00
0 - 0.00
0 - 0.00
0 - 0.00
0 - 0.00
0 - 0.00
0 - 0.00
0 - 0.00
0 - 0.00
0 - 0.00
0 - 0.00
0 - 0.00
0 - 0.00
0 - 0.00
0 - 0.00
0 - 0.00
0 - 0.00
0 - 0.00
0 - 0.00
0 - 0.00
0 - 0.00
0 - 0.00
0 - 0.00
0 - 0.00
0 - 0.00
0 - 0.00
0 - 0.00
0 - 0.00
0 - 0.00
0 - 0.00
0 - 0.00
0 - 0.00
0 - 0.00
0 - 0.00
0 - 0.00
0 - 0.00
0 - 0.00
0 - 0.00
0 - 0.00
0 - 0.00
0 - 0.00
0 - 0.00
0 - 0.00
0 - 0.00
0 - 0.00
0 - 0.00
0 - 0.00
0 - 0.00
0 - 0.00
0 - 0.00
0 - 0.00
0 - 0.00
0 - 0.00
0 - 0.00
0 - 0.00
0 - 0.00
0 - 0.00
0 - 0.00
0 - 0.00
0 - 0.00
0 - 0.00
0 - 0.00
0 - 0.00
0 - 0.00
0 - 0.00
0 - 0.00
0 - 0.00
0 - 0.00
0 - 0.00
0 - 0.00
0 - 0.00
0 - 0.00
0 - 0.00
0 - 0.00
0 - 0.00
0 - 0.00
0 - 0.00
0 - 0.00
0 - 0.00
0 - 0.00
0 - 0.00
0 - 0.00
0 - 0.00
0 - 0.00
0 - 0.00
0 - 0.00
0 - 0.00
0 - 0.00
0 - 0.00
0 - 0.00
0 - 0.00
0 - 0.00
0 - 0.00
0 - 0.00
0 - 0.00
0 - 0.00
0 - 0.00
0 - 0.00
0 - 0.00
0 - 0.00
0 - 0.00
0 - 0.00
0 - 0.00
0 - 0.00
0 - 0.00
0 - 0.00
0 - 0.00
0 - 0.00
0 - 0.00
0 - 0.00
0 - 0.00
0 - 0.00
0 - 0.00
0 - 0.00
0 - 0.00
0 - 0.00
0 - 0.00
0 - 0.00
0 - 0.00
0 - 0.00
0 - 0.00
0 - 0.00
0 - 0.00
0 - 0.00
0 - 0.00
0 - 0.00
0 - 0.00
0 - 0.00
0 - 0.00
0 - 0.00
0 - 0.00
0 - 0.00
0 - 0.00
0 - 0.00
0 - 0.00
0 - 0.00
0 - 0.00
0 - 0.00
0 - 0.00
0 - 0.00
0 - 0.00
0 - 0.00
0 - 0.00
0 - 0.00
0 - 0.00
0 - 0.00
0 - 0.00
0 - 0.00
0 - 0.00
0 - 0.00
0 - 0.00
0 - 0.00
0 - 0.00
0 - 0.00
0 - 0.00
0 - 0.00
0 - 0.00
0 - 0.00
0 - 0.00
0 - 0.00
0 - 0.00
0 - 0.00
0 - 0.00
0 - 0.00
0 - 0.00
0 - 0.00
0 - 0.00
0 - 0.00
0 - 0.00
0 - 0.00
0 - 0.00
0 - 0.00
0 - 0.00
0 - 0.00
0 - 0.00
0 - 0.00
0 - 0.00
0 - 0.00
0 - 0.00
0 - 0.00
0 - 0.00
0 - 0.00
0 - 0.00
0 - 0.00
0 - 0.00
0 - 0.00
0 - 0.00
0 - 0.00
0 - 0.00
0 - 0.00
0 - 0.00
0 - 0.00
0 - 0.00
0 - 0.00
0 - 0.00
0 - 0.00
0 - 0.00
0 - 0.00
0 - 0.00
0 - 0.00
0 - 0.00
0 - 0.00
0 - 0.00
0 - 0.00
0 - 0.00
0 - 0.00
0 - 0.00
0 - 0.00
0 - 0.00
0 - 0.00
0 - 0.00
0 - 0.00
0 - 0.00
0 - 0.00
0 - 0.00
0 - 0.00
0 - 0.00
0 - 0.00
0 - 0.00
0 - 0.00
0 - 0.00
0 - 0.00
0 - 0.00
0 - 0.00
0 - 0.00
0 - 0.00
0 - 0.00
0 - 0.00
0 - 0.00
0 - 0.00
0 - 0.00
0 - 0.00
0 - 0.00
0 - 0.00
0 - 0.00
0 - 0.00
0 - 0.00
0 - 0.00
0 - 0.00
0 - 0.00
0 - 0.00
0 - 0.00
0 - 0.00
0 - 0.00
0 - 0.00
0 - 0.00
0 - 0.00
0 - 0.00
0 - 0.00
0 - 0.00
0 - 0.00
0 - 0.00
0 - 0.00
0 - 0.00
0 - 0.00
0 - 0.00
0 - 0.00
0 - 0.00
0 - 0.00
0 - 0.00
0 - 0.00
0 - 0.00
0 - 0.00
0 - 0.00
0 - 0.00
0 - 0.00
0 - 0.00
0 - 0.00
0 - 0.00
0 - 0.00
0 - 0.00
0 - 0.00
0 - 0.00
0 - 0.00
0 - 0.00
0 - 0.00
0 - 0.00
0 - 0.00
0 - 0.00
0 - 0.00
0 - 0.00
0 - 0.00
0 - 0.00
0 - 0.00
0 - 0.00
0 - 0.00
0 - 0.00
0 - 0.00
0 - 0.00
0 - 0.00
0 - 0.00
0 - 0.00
0 - 0.00
0 - 0.00
0 - 0.00
0 - 0.00
0 - 0.00
0 - 0.00
0 - 0.00
0 - 0.00
0 - 0.00
0 - 0.00
0 - 0.00
0 - 0.00
0 - 0.00
0 - 0.00
0 - 0.00
0 - 0.00
0 - 0.00
0 - 0.00
0 - 0.00
0 - 0.00
0 - 0.00
0 - 0.00
0 - 0.00
0 - 0.00
0 - 0.00
0 - 0.00
0 - 0.00
0 - 0.00
0 - 0.00
0 - 0.00
0 - 0.00
0 - 0.00
0 - 0.00
0 - 0.00
0 - 0.00
0 - 0.00
0 - 0.00
0 - 0.00
0 - 0.00
0 - 0.00
0 - 0.00
0 - 0.00
0 - 0.00
0 - 0.00
0 - 0.00
0 - 0.00
0 - 0.00
0 - 0.00
0 - 0.00
0 - 0.00
0 - 0.00
0 - 0.00
0 - 0.00
0 - 0.00
0 - 0.00
0 - 0.00
0 - 0.00
0 - 0.00
0 - 0.00
0 - 0.00
0 - 0.00
0 - 0.00
0 - 0.00
0 - 0.00
0 - 0.00
0 - 0.00
0 - 0.00
0 - 0.00
0 - 0.00
0 - 0.00
0 - 0.00
0 - 0.00
0 - 0.00
0 - 0.00
0 - 0.00
0 - 0.00
0 - 0.00
0 - 0.00
0 - 0.00
0 - 0.00
0 - 0.00
0 - 0.00
0 - 0.00
0 - 0.00
0 - 0.00
0 - 0.00
0 - 0.00
0 - 0.00
0 - 0.00
0 - 0.00
0 - 0.00
0 - 0.00
0 - 0.00
0 - 0.00
0 - 0.00
0 - 0.00
0 - 0.00
0 - 0.00
0 - 0.00
0 - 0.00
0 - 0.00
0 - 0.00
0 - 0.00
0 - 0.00
0 - 0.00
0 - 0.00
0 - 0.00
0 - 0.00
0 - 0.00
0 - 0.00
0 - 0.00
0 - 0.00
0 - 0.00
0 - 0.00
0 - 0.00
0 - 0.00
0 - 0.00
0 - 0.00
0 - 0.00
0 - 0.00
0 - 0.00
0 - 0.00
0 - 0.00
0 - 0.00
0 - 0.00
0 - 0.00
0 - 0.00
0 - 0.00
0 - 0.00
0 - 0.00
0 - 0.00
0 - 0.00
0 - 0.00
0 - 0.00
0 - 0.00
0 - 0.00
0 - 0.00
0 - 0.00
0 - 0.00
0 - 0.00
0 - 0.00
0 - 0.00
0 - 0.00
0 - 0.00
0 - 0.00
0 - 0.00
0 - 0.00
0 - 0.00
0 - 0.00
0 - 0.00
0 - 0.00
0 - 0.00
0 - 0.00
0 - 0.00
0 - 0.00
0 - 0.00
0 - 0.00
0 - 0.00
0 - 0.00
0 - 0.00
0 - 0.00
0 - 0.00
0 - 0.00
0 - 0.00
0 - 0.00
0 - 0.00
0 - 0.00
0 - 0.00
0 - 0.00
0 - 0.00
0 - 0.00
0 - 0.00
0 - 0.00
0 - 0.00
0 - 0.00
0 - 0.00
0 - 0.00
0 - 0.00
0 - 0.00
0 - 0.00
0 - 0.00
0 - 0.00
0 - 0.00
0 - 0.00
0 - 0.00
0 - 0.00
0 - 0.00
0 - 0.00
0 - 0.00
0 - 0.00
0 - 0.00
0 - 0.00
0 - 0.00
0 - 0.00
0 - 0.00
0 - 0.00
0 - 0.00
0 - 0.00
0 - 0.00
0 - 0.00
0 - 0.00
0 - 0.00
0 - 0.00
0 - 0.00
0 - 0.00
0 - 0.00
0 - 0.00
0 - 0.00
0 - 0.00
0 - 0.00
0 - 0.00
0 - 0.00
0 - 0.00
0 - 0.00
0 - 0.00
0 - 0.00
0 - 0.00
0 - 0.00
0 - 0.00
0 - 0.00
0 - 0.00
0 - 0.00
0 - 0.00
0 - 0.00
0 - 0.00
0 - 0.00
0 - 0.00
0 - 0.00
0 - 0.00
0 - 0.00
0 - 0.00
0 - 0.00
0 - 0.00
0 - 0.00
0 - 0.00
0 - 0.00
0 - 0.00
0 - 0.00
0 - 0.00
0 - 0.00
0 - 0.00
0 - 0.00
0 - 0.00
0 - 0.00
0 - 0.00
0 - 0.00
0 - 0.00
0 - 0.00
0 - 0.00
0 - 0.00
0 - 0.00
0 - 0.00
0 - 0.00
0 - 0.00
0 - 0.00
0 - 0.00
0 - 0.00
0 - 0.00
0 - 0.00
0 - 0.00
0 - 0.00
0 - 0.00
0 - 0.00
0 - 0.00
0 - 0.00
0 - 0.00
0 - 0.00
0 - 0.00
0 - 0.00
0 - 0.00
0 - 0.00
0 - 0.00
0 - 0.00
0 - 0.00
0 - 0.00
0 - 0.00
0 - 0.00
0 - 0.00
0 - 0.00
0 - 0.00
0 - 0.00
0 - 0.00
0 - 0.00
0 - 0.00
0 - 0.00
0 - 0.00
0 - 0.00
0 - 0.00
0 - 0.00
0 - 0.00
0 - 0.00
0 - 0.00
0 - 0.00
0 - 0.00
0 - 0.00
0 - 0.00
0 - 0.00
0 - 0.00
0 - 0.00
0 - 0.00
0 - 0.00
0 - 0.00
0 - 0.00
0 - 0.00
0 - 0.00
0 - 0.00
0 - 0.00
0 - 0.00
0 - 0.00
0 - 0.00
0 - 0.00
0 - 0.00
0 - 0.00
0 - 0.00
0 - 0.00
0 - 0.00
0 - 0.00
0 - 0.00
0 - 0.00
0 - 0.00
0 - 0.00
0 - 0.00
0 - 0.00
0 - 0.00
0 - 0.00
0 - 0.00
0 - 0.00
0 - 0.00
0 - 0.00
0 - 0.00
0 - 0.00
0 - 0.00
0 - 0.00
0 - 0.00
0 - 0.00
0 - 0.00
0 - 0.00
0 - 0.00
0 - 0.00
0 - 0.00
0 - 0.00
0 - 0.00
0 - 0.00
0 - 0.00
0 - 0.00
0 - 0.00
0 - 0.00
0 - 0.00
0 - 0.00
0 - 0.00
0 - 0.00
0 - 0.00
0 - 0.00
0 - 0.00
0 - 0.00
0 - 0.00
0 - 0.00
0 - 0.00
0 - 0.00
0 - 0.00
0 - 0.00
0 - 0.00
0 - 0.00
0 - 0.00
0 - 0.00
0 - 0.00
0 - 0.00
0 - 0.00
0 - 0.00
0 - 0.00
0 - 0.00
0 - 0.00
0 - 0.00
0 - 0.00
0 - 0.00
0 - 0.00
0 - 0.00
0 - 0.00
0 - 0.00
0 - 0.00
0 - 0.00
0 - 0.00
0 - 0.00
0 - 0.00
0 - 0.00
0 - 0.00
0 - 0.00
0 - 0.00
0 - 0.00
0 - 0.00
0 - 0.00
0 - 0.00
0 - 0.00
0 - 0.00
0 - 0.00
0 - 0.00
0 - 0.00
0 - 0.00
0 - 0.00
0 - 0.00
0 - 0.00
0 - 0.00
0 - 0.00
0 - 0.00
0 - 0.00
0 - 0.00
0 - 0.00
0 - 0.00
0 - 0.00
0 - 0.00
0 - 0.00
0 - 0.00
0 - 0.00
0 - 0.00
0 - 0.00
0 - 0.00
0 - 0.00
0 - 0.00
0 - 0.00
0 - 0.00
0 - 0.00
0 - 0.00
0 - 0.00
0 - 0.00
0 - 0.00
0 - 0.00
0 - 0.00
0 - 0.00
0 - 0.00
0 - 0.00
0 - 0.00
0 - 0.00
0 - 0.00
0 - 0.00
0 - 0.00
0 - 0.00
0 - 0.00
0 - 0.00
0 - 0.00
0 - 0.00
0 - 0.00
0 - 0.00
0 - 0.00
0 - 0.00
0 - 0.00
0 - 0.00
0 - 0.00
0 - 0.00
0 - 0.00
0 - 0.00
0 - 0.00
0 - 0.00
0 - 0.00
0 - 0.00
0 - 0.00
0 - 0.00
0 - 0.00
0 - 0.00
0 - 0.00
0 - 0.00
0 - 0.00
0 - 0.00
0 - 0.00
0 - 0.00
0 - 0.00
0 - 0.00
0 - 0.00
0 - 0.00
0 - 0.00
0 - 0.00
0 - 0.00
0 - 0.00
0 - 0.00
0 - 0.00
0 - 0.00
0 - 0.00
0 - 0.00
0 - 0.00
0 - 0.00
0 - 0.00
0 - 0.00
0 - 0.00
0 - 0.00
0 - 0.00
0 - 0.00
0 - 0.00
0 - 0.00
0 - 0.00
0 - 0.00
0 - 0.00
0 - 0.00
0 - 0.00
0 - 0.00
0 - 0.00
0 - 0.00
0 - 0.00
0 - 0.00
0 - 0.00
0 - 0.00
0 - 0.00
0 - 0.00
0 - 0.00
0 - 0.00
0 - 0.00
0 - 0.00
0 - 0.00
0 - 0.00
0 - 0.00
0 - 0.00
0 - 0.00
0 - 0.00
0 - 0.00
0 - 0.00
0 - 0.00
0 - 0.00
0 - 0.00
0 - 0.00
0 - 0.00
0 - 0.00
0 - 0.00
0 - 0.00
0 - 0.00
0 - 0.00
0 - 0.00
0 - 0.00
0 - 0.00
0 - 0.00
0 - 0.00
0 - 0.00
0 - 0.00
0 - 0.00
0 - 0.00
0 - 0.00
0 - 0.00
0 - 0.00
0 - 0.00
0 - 0.00
0 - 0.00
0 - 0.00
0 - 0.00
0 - 0.00
0 - 0.00
0 - 0.00
0 - 0.00
0 - 0.00
0 - 0.00
0 - 0.00
0 - 0.00
0 - 0.00
0 - 0.00
0 - 0.00
0 - 0.00
0 - 0.00
0 - 0.00
0 - 0.00
0 - 0.00
0 - 0.00
0 - 0.00
0 - 0.00
0 - 0.00
0 - 0.00
0 - 0.00
0 - 0.00
0 - 0.00
0 - 0.00
0 - 0.00
0 - 0.00
0 - 0.00
0 - 0.00
0 - 0.00
0 - 0.00
0 - 0.00
0 - 0.00
0 - 0.00
0 - 0.00
0 - 0.00
0 - 0.00
0 - 0.00
0 - 0.00
0 - 0.00
0 - 0.00
0 - 0.00
0 - 0.00
0 - 0.00
0 - 0.00
0 - 0.00
0 - 0.00
0 - 0.00
0 - 0.00
0 - 0.00
0 - 0.00
0 - 0.00
0 - 0.00
0 - 0.00
0 - 0.00
0 - 0.00
0 - 0.00
0 - 0.00
0 - 0.00
0 - 0.00
0 - 0.00
0 - 0.00
0 - 0.00
0 - 0.00
0 - 0.00
0 - 0.00
0 - 0.00
0 - 0.00
0 - 0.00
0 - 0.00
0 - 0.00
0 - 0.00
0 - 0.00
0 - 0.00
0 - 0.00
0 - 0.00
0 - 0.00
0 - 0.00
0 - 0.00
0 - 0.00
0 - 0.00
0 - 0.00
0 - 0.00
0 - 0.00
0 - 0.00
0 - 0.00
0 - 0.00
0 - 0.00
0 - 0.00
0 - 0.00
0 - 0.00
0 - 0.00
0 - 0.00
0 - 0.00
0 - 0.00
0 - 0.00
0 - 0.00
0 - 0.00
0 - 0.00
0 - 0.00
0 - 0.00
0 - 0.00
0 - 0.00
0 - 0.00
0 - 0.00
0 - 0.00
0 - 0.00
0 - 0.00
0 - 0.00
0 - 0.00
0 - 0.00
0 - 0.00
0 - 0.00
0 - 0.00
0 - 0.00
0 - 0.00
0 - 0.00
0 - 0.00
0 - 0.00
0 - 0.00
0 - 0.00
0 - 0.00
0 - 0.00
0 - 0.00
0 - 0.00
0 - 0.00
0 - 0.00
0 - 0.00
0 - 0.00
0 - 0.00
0 - 0.00
0 - 0.00
0 - 0.00
0 - 0.00
0 - 0.00
0 - 0.00
0 - 0.00
0 - 0.00
0 - 0.00
0 - 0.00
0 - 0.00
0 - 0.00
0 - 0.00
0 - 0.00
0 - 0.00
0 - 0.00
0 - 0.00
0 - 0.00
0 - 0.00
0 - 0.00
0 - 0.00
0 - 0.00
0 - 0.00
0 - 0.00
0 - 0.00
0 - 0.00
0 - 0.00
0 - 0.00
0 - 0.00
0 - 0.00
0 - 0.00
0 - 0.00
0 - 0.00
0 - 0.00
0 - 0.00
0 - 0.00
0 - 0.00
0 - 0.00
0 - 0.00
0 - 0.00
0 - 0.00
0 - 0.00
0 - 0.00
0 - 0.00
0 - 0.00
0 - 0.00
0 - 0.00
0 - 0.00
0 - 0.00
0 - 0.00
0 - 0.00
0 - 0.00
0 - 0.00
0 - 0.00
0 - 0.00
0 - 0.00
0 - 0.00
0 - 0.00
0 - 0.00
0 - 0.00
0 - 0.00
0 - 0.00
0 - 0.00
0 - 0.00
0 - 0.00
0 - 0.00
0 - 0.00
0 - 0.00
0 - 0.00
0 - 0.00
0 - 0.00
0 - 0.00
0 - 0.00
0 - 0.00
0 - 0.00
0 - 0.00
0 - 0.00
0 - 0.00
0 - 0.00
0 - 0.00
0 - 0.00
0 - 0.00
0 - 0.00
0 - 0.00
0 - 0.00
0 - 0.00
0 - 0.00
0 - 0.00
0 - 0.00
0 - 0.00
0 - 0.00
0 - 0.00
0 - 0.00
0 - 0.00
0 - 0.00
0 - 0.00
0 - 0.00
0 - 0.00
0 - 0.00
0 - 0.00
-1 - -0.02
-1 - -0.02
-1 - -0.02
-1 - -0.02
-1 - -0.02
-1 - -0.02
-1 - -0.02
-1 - -0.02
-1 - -0.02
-1 - -0.02
-1 - -0.02
-1 - -0.02
-1 - -0.02
-1 - -0.02
-1 - -0.02
-1 - -0.02
-1 - -0.02
-1 - -0.02
-1 - -0.02
-1 - -0.02
-1 - -0.02
-1 - -0.02
-1 - -0.02
-1 - -0.02
-1 - -0.02
-1 - -0.02
-1 - -0.02
-1 - -0.02
-1 - -0.02
-1 - -0.02
-2 - -0.04
-2 - -0.04
-2 - -0.04
-2 - -0.04
-2 - -0.04
-2 - -0.04
-2 - -0.04
-2 - -0.04
-2 - -0.04
-2 - -0.04
-2 - -0.04
-2 - -0.04
-2 - -0.04
-2 - -0.04
-2 - -0.04
-2 - -0.04
-2 - -0.04
-2 - -0.04
-2 - -0.04
-2 - -0.04
-2 - -0.04
-2 - -0.04
-2 - -0.04
-2 - -0.04
-2 - -0.04
-2 - -0.04
-2 - -0.04
-2 - -0.04
-2 - -0.04
-2 - -0.04
-2 - -0.04
-2 - -0.04
-2 - -0.04
-2 - -0.04
0 - -0.04
0 - -0.04
0 - -0.04
0 - -0.04
0 - -0.04
0 - -0.04
0 - -0.04
0 - -0.04
0 - -0.04
0 - -0.04
0 - -0.04
0 - -0.04
0 - -0.04
0 - -0.04
0 - -0.04
0 - -0.04
0 - -0.04
0 - -0.04
0 - -0.04
0 - -0.04
0 - -0.04
0 - -0.04
0 - -0.04
0 - -0.04
0 - -0.04
0 - -0.04
0 - -0.04
0 - -0.04
0 - -0.04
0 - -0.04
0 - -0.04
0 - -0.04
0 - -0.04
0 - -0.04
-1 - -0.06
-1 - -0.06
-1 - -0.06
-1 - -0.06
-1 - -0.06
-1 - -0.06
-1 - -0.06
-1 - -0.06
-1 - -0.06
-1 - -0.06
-1 - -0.06
-1 - -0.06
-1 - -0.06
-1 - -0.06
-1 - -0.06
-1 - -0.06
-1 - -0.06
-1 - -0.06
-1 - -0.06
-1 - -0.06
-1 - -0.06
-2 - -0.09
-2 - -0.09
-2 - -0.09
-2 - -0.09
-2 - -0.09
-2 - -0.09
-2 - -0.09
-2 - -0.09
-2 - -0.09
-2 - -0.09
-2 - -0.09
-2 - -0.09
-2 - -0.09
-3 - -0.11
-3 - -0.11
-3 - -0.11
-3 - -0.11
-3 - -0.11
-3 - -0.11
-3 - -0.11
-3 - -0.11
-4 - -0.13
-4 - -0.13
-4 - -0.13
-4 - -0.13
-4 - -0.13
-4 - -0.13
-4 - -0.13
-5 - -0.15
-5 - -0.15
-5 - -0.15
-5 - -0.15
-5 - -0.15
-5 - -0.15
-6 - -0.17
-6 - -0.17
-6 - -0.17
-6 - -0.17
-6 - -0.17
-6 - -0.17
-7 - -0.19
-7 - -0.19
-7 - -0.19
-7 - -0.19
-7 - -0.19
-8 - -0.22
-8 - -0.22
-8 - -0.22
-8 - -0.22
-8 - -0.22
-9 - -0.24
-9 - -0.24
-9 - -0.24
-9 - -0.24
-10 - -0.26
-10 - -0.26
-10 - -0.26
-10 - -0.26
-10 - -0.26
-11 - -0.28
-11 - -0.28
-11 - -0.28
-11 - -0.28
-12 - -0.30
-12 - -0.30
-12 - -0.30
-12 - -0.30
-13 - -0.32
-13 - -0.32
-13 - -0.32
-13 - -0.32
-14 - -0.35
-14 - -0.35
-14 - -0.35
-15 - -0.37
-15 - -0.37
-15 - -0.37
-15 - -0.37
-16 - -0.39
-16 - -0.39
-16 - -0.39
-17 - -0.41
-17 - -0.41
-17 - -0.41
-17 - -0.41
-18 - -0.43
-18 - -0.43
-18 - -0.43
-19 - -0.45
-19 - -0.45
-19 - -0.45
-20 - -0.48
-20 - -0.48
-20 - -0.48
-21 - -0.50
-21 - -0.50
-21 - -0.50
-22 - -0.52
-22 - -0.52
-22 - -0.52
-23 - -0.54
-23 - -0.54
-23 - -0.54
-24 - -0.56
-24 - -0.56
-24 - -0.56
-25 - -0.58
-25 - -0.58
-25 - -0.58
-26 - -0.60
-26 - -0.60
-26 - -0.60
-27 - -0.63
-27 - -0.63
-28 - -0.65
-28 - -0.65
-28 - -0.65
-29 - -0.67
-29 - -0.67
-29 - -0.67
-30 - -0.69
-30 - -0.69
-30 - -0.69
-31 - -0.71
-31 - -0.71
-32 - -0.73
-32 - -0.73
-32 - -0.73
-33 - -0.76
-33 - -0.76
-33 - -0.76
-34 - -0.78
-34 - -0.78
-34 - -0.78
-35 - -0.80
-35 - -0.80
-36 - -0.82
-36 - -0.82
-36 - -0.82
-37 - -0.84
-37 - -0.84
-37 - -0.84
-38 - -0.86
-38 - -0.86
-39 - -0.89
-39 - -0.89
-39 - -0.89
-40 - -0.91
-40 - -0.91
-40 - -0.91
-41 - -0.93
-41 - -0.93
-41 - -0.93
-42 - -0.95
-42 - -0.95
-43 - -0.97
-43 - -0.97
-43 - -0.97
-44 - -0.99
-44 - -0.99
-44 - -0.99
-45 - -1.02
-45 - -1.02
-45 - -1.02
-46 - -1.04
-46 - -1.04
-47 - -1.06
-47 - -1.06
-47 - -1.06
-48 - -1.08
-48 - -1.08
-48 - -1.08
-49 - -1.10
-49 - -1.10
-49 - -1.10
-50 - -1.12
-50 - -1.12
-51 - -1.14
-51 - -1.14
-51 - -1.14
-52 - -1.17
-52 - -1.17
-52 - -1.17
-53 - -1.19
-53 - -1.19
-53 - -1.19
-54 - -1.21
-54 - -1.21
-55 - -1.23
-55 - -1.23
-55 - -1.23
-56 - -1.25
-56 - -1.25
-56 - -1.25
-57 - -1.27
-57 - -1.27
-57 - -1.27
-58 - -1.30
-58 - -1.30
-59 - -1.32
-59 - -1.32
-59 - -1.32
-60 - -1.34
-60 - -1.34
-60 - -1.34
-61 - -1.36
-61 - -1.36
-61 - -1.36
-62 - -1.38
-62 - -1.38
-62 - -1.38
-63 - -1.40
-63 - -1.40
-64 - -1.43
-64 - -1.43
-64 - -1.43
-65 - -1.45
-65 - -1.45
-65 - -1.45
-66 - -1.47
-66 - -1.47
-66 - -1.47
-67 - -1.49
-67 - -1.49
-68 - -1.51
-68 - -1.51
-68 - -1.51
-69 - -1.53
-69 - -1.53
-69 - -1.53
-70 - -1.56
-70 - -1.56
-70 - -1.56
-71 - -1.58
-71 - -1.58
-71 - -1.58
-72 - -1.60
-72 - -1.60
-73 - -1.62
-73 - -1.62
-73 - -1.62
-74 - -1.64
-74 - -1.64
-74 - -1.64
-75 - -1.66
-75 - -1.66
-75 - -1.66
-76 - -1.68
-76 - -1.68
-76 - -1.68
-77 - -1.71
-77 - -1.71
-78 - -1.73
-78 - -1.73
-78 - -1.73
-79 - -1.75
-79 - -1.75
-79 - -1.75
-80 - -1.77
-80 - -1.77
-80 - -1.77
-81 - -1.79
-81 - -1.79
-81 - -1.79
-82 - -1.81
-82 - -1.81
-82 - -1.81
-83 - -1.84
-83 - -1.84
-84 - -1.86
-84 - -1.86
-84 - -1.86
-85 - -1.88
-85 - -1.88
-85 - -1.88
-86 - -1.90
-86 - -1.90
-86 - -1.90
-87 - -1.92
-87 - -1.92
-87 - -1.92
-88 - -1.94
-88 - -1.94
-88 - -1.94
-89 - -1.97
-89 - -1.97
-90 - -1.99
-90 - -1.99
-90 - -1.99
-91 - -2.01
-91 - -2.01
-91 - -2.01
-92 - -2.03
-92 - -2.03
-92 - -2.03
-93 - -2.05
-93 - -2.05
-93 - -2.05
-94 - -2.07
-94 - -2.07
-94 - -2.07
-95 - -2.10
-95 - -2.10
-96 - -2.12
-96 - -2.12
-96 - -2.12
-97 - -2.14
-97 - -2.14
-97 - -2.14
-98 - -2.16
-98 - -2.16
-98 - -2.16
-99 - -2.18
-99 - -2.18
-99 - -2.18
-100 - -2.20
-100 - -2.20
-100 - -2.20
-101 - -2.22
-101 - -2.22
-102 - -2.25
-102 - -2.25
-102 - -2.25
-103 - -2.27
-103 - -2.27
-103 - -2.27
-104 - -2.29
-104 - -2.29
-104 - -2.29
-105 - -2.31
-105 - -2.31
-105 - -2.31
-106 - -2.33
-106 - -2.33
-106 - -2.33
-107 - -2.35
-107 - -2.35
-107 - -2.35
-108 - -2.38
-108 - -2.38
-109 - -2.40
-109 - -2.40
-109 - -2.40
-110 - -2.42
-110 - -2.42
-110 - -2.42
-111 - -2.44
-111 - -2.44
-111 - -2.44
-112 - -2.46
-112 - -2.46
-112 - -2.46
-113 - -2.48
-113 - -2.48
-113 - -2.48
-114 - -2.51
-114 - -2.51
-114 - -2.51
-115 - -2.53
-115 - -2.53
-115 - -2.53
-116 - -2.55
-116 - -2.55
-117 - -2.57
-117 - -2.57
-117 - -2.57
-118 - -2.59
-118 - -2.59
-118 - -2.59
-119 - -2.61
-119 - -2.61
-119 - -2.61
-120 - -2.64
-120 - -2.64
-120 - -2.64
-121 - -2.66
-121 - -2.66
-121 - -2.66
-122 - -2.68
-122 - -2.68
-122 - -2.68
-123 - -2.68
-123 - -2.68
-123 - -2.68
-124 - -2.70
-124 - -2.70
-124 - -2.70
-125 - -2.72
-125 - -2.72
-125 - -2.72
-126 - -2.74
-126 - -2.74
-126 - -2.74
-127 - -2.76
-127 - -2.76
-127 - -2.76
-128 - -2.79
-128 - -2.79
-129 - -2.81
-129 - -2.81
-129 - -2.81
-130 - -2.83
-130 - -2.83
-130 - -2.83
-131 - -2.85
-131 - -2.85
-131 - -2.85
-132 - -2.87
-132 - -2.87
-132 - -2.87
-133 - -2.89
-133 - -2.87
-133 - -2.87
-134 - -2.89
-134 - -2.89
-134 - -2.89
-135 - -2.92
-135 - -2.92
-135 - -2.92
-136 - -2.94
-136 - -2.94
-136 - -2.94
-137 - -2.96
-137 - -2.96
-137 - -2.96
-138 - -2.98
-138 - -2.98
-138 - -2.98
-139 - -3.00
-139 - -3.00
-139 - -3.00
-140 - -3.02
-140 - -3.02
-140 - -3.02
-141 - -3.05
-141 - -3.05
-141 - -3.05
-142 - -3.07
-142 - -3.07
-142 - -3.07
-143 - -3.09
-143 - -3.09
-143 - -3.09
-144 - -3.11
-144 - -3.11
0 - -3.11
-1 - -3.13
-1 - -3.13
-1 - -3.13
-2 - -3.15
-2 - -3.15
-2 - -3.15
-3 - -3.17
-3 - -3.17
-3 - -3.17
-4 - -3.20
-4 - -3.20
-4 - -3.20
-5 - -3.22
-5 - -3.22
-5 - -3.22
-6 - -3.24
-6 - -3.24
-6 - -3.24
-7 - -3.26
-7 - -3.26
-7 - -3.26
-8 - -3.28
-8 - -3.28
-8 - -3.28
-9 - -3.30
-9 - -3.30
-9 - -3.30
-10 - -3.33
-10 - -3.33
-10 - -3.33
-11 - -3.35
-11 - -3.35
-11 - -3.35
-12 - -3.35
-12 - -3.35
-12 - -3.35
-13 - -3.37
-13 - -3.37
-13 - -3.37
-14 - -3.39
-14 - -3.39
-14 - -3.39
-15 - -3.41
-15 - -3.41
-15 - -3.41
-16 - -3.43
-16 - -3.43
-16 - -3.43
-17 - -3.46
-17 - -3.46
-17 - -3.46
-18 - -3.48
-18 - -3.48
-18 - -3.48
-19 - -3.48
-19 - -3.48
-19 - -3.48
-20 - -3.50
-20 - -3.50
-20 - -3.50
-21 - -3.52
-21 - -3.52
-21 - -3.52
-22 - -3.54
-22 - -3.54
-22 - -3.54
-23 - -3.56
-23 - -3.54
-23 - -3.54
-24 - -3.56
-24 - -3.56
-24 - -3.56
-25 - -3.59
-25 - -3.59
-25 - -3.59
-26 - -3.59
-26 - -3.59
-26 - -3.59
-27 - -3.61
-27 - -3.61
-27 - -3.61
-28 - -3.63
-28 - -3.61
-28 - -3.61
-29 - -3.63
-29 - -3.63
-29 - -3.63
-30 - -3.65
-30 - -3.63
-30 - -3.63
-31 - -3.65
-31 - -3.65
-31 - -3.65
-32 - -3.67
-32 - -3.65
-32 - -3.65
-33 - -3.67
-33 - -3.67
-33 - -3.67
-34 - -3.67
-34 - -3.67
-34 - -3.67
-35 - -3.69
-35 - -3.69
-35 - -3.67
-36 - -3.69
-36 - -3.69
-36 - -3.69
-37 - -3.69
-37 - -3.69
-37 - -3.69
-38 - -3.71
-38 - -3.71
-38 - -3.69
-38 - -3.69
-39 - -3.71
-39 - -3.71
-39 - -3.69
-40 - -3.71
-40 - -3.71
-40 - -3.71
-41 - -3.71
-41 - -3.71
-41 - -3.71
-42 - -3.74
-42 - -3.71
-42 - -3.71
-43 - -3.74
-43 - -3.71
-43 - -3.71
-44 - -3.74
-44 - -3.74
-44 - -3.71
-45 - -3.74
-45 - -3.74
-45 - -3.71
-46 - -3.74
-46 - -3.74
-46 - -3.74
-47 - -3.74
-47 - -3.74
-47 - -3.74
-48 - -3.74
-48 - -3.74
-48 - -3.74
-49 - -3.74
-49 - -3.74
-49 - -3.74
-50 - -3.74
-50 - -3.74
-50 - -3.74
-50 - -3.71
-51 - -3.74
-51 - -3.74
-51 - -3.71
-52 - -3.74
-52 - -3.74
-52 - -3.71
-53 - -3.74
-53 - -3.74
-53 - -3.71
-54 - -3.74
-54 - -3.74
-54 - -3.71
-55 - -3.74
-55 - -3.74
-55 - -3.71
-56 - -3.74
-56 - -3.71
-56 - -3.71
-57 - -3.74
-57 - -3.71
-57 - -3.71
-58 - -3.74
-58 - -3.71
-58 - -3.71
-58 - -3.71
-59 - -3.71
-59 - -3.71
-59 - -3.69
-60 - -3.71
-60 - -3.71
-60 - -3.69
-61 - -3.71
-61 - -3.71
-61 - -3.69
-62 - -3.71
-62 - -3.71
-62 - -3.69
-63 - -3.71
-63 - -3.69
-63 - -3.69
-64 - -3.71
-64 - -3.69
-64 - -3.69
-64 - -3.69
-65 - -3.69
-65 - -3.69
-65 - -3.67
-66 - -3.69
-66 - -3.69
-66 - -3.67
-67 - -3.69
-67 - -3.69
-67 - -3.67
-68 - -3.69
-68 - -3.69
-68 - -3.67
-69 - -3.69
-69 - -3.67
-69 - -3.67
-70 - -3.69
-70 - -3.67
-70 - -3.67
-70 - -3.67
-71 - -3.67
-71 - -3.67
-71 - -3.67
-72 - -3.67
-72 - -3.67
-72 - -3.65
-73 - -3.67
-73 - -3.67
-73 - -3.65
-74 - -3.67
-74 - -3.67
-74 - -3.65
-75 - -3.67
-75 - -3.67
-75 - -3.65
-75 - -3.65
-76 - -3.65
-76 - -3.65
-76 - -3.65
-77 - -3.65
-77 - -3.65
-77 - -3.65
-78 - -3.65
-78 - -3.65
-78 - -3.65
-79 - -3.65
-79 - -3.65
-79 - -3.63
-80 - -3.65
-80 - -3.65
-80 - -3.63
-80 - -3.63
-81 - -3.65
-81 - -3.63
-81 - -3.63
-82 - -3.65
-82 - -3.63
-82 - -3.63
-83 - -3.63
-83 - -3.63
-83 - -3.63
-84 - -3.63
-84 - -3.63
-84 - -3.63
-85 - -3.63
-85 - -3.63
-85 - -3.63
-85 - -3.61
-86 - -3.63
-86 - -3.63
-86 - -3.61
-87 - -3.63
-87 - -3.61
-87 - -3.61
-88 - -3.63
-88 - -3.61
-88 - -3.61
-89 - -3.63
-89 - -3.61
-89 - -3.61
-89 - -3.61
-90 - -3.61
-90 - -3.61
-90 - -3.59
-91 - -3.61
-91 - -3.61
-91 - -3.59
-92 - -3.61
-92 - -3.61
-92 - -3.59
-93 - -3.61
-93 - -3.61
-93 - -3.59
-93 - -3.59
-94 - -3.61
-94 - -3.59
-94 - -3.59
-95 - -3.59
-95 - -3.59
-95 - -3.59
-96 - -3.59
-96 - -3.59
-96 - -3.59
-97 - -3.59
-97 - -3.59
-97 - -3.59
-97 - -3.56
-98 - -3.59
-98 - -3.59
-98 - -3.56
-99 - -3.59
-99 - -3.56
-99 - -3.56
-100 - -3.59
-100 - -3.56
-100 - -3.56
-101 - -3.59
-101 - -3.56
-101 - -3.56
-101 - -3.56
-102 - -3.56
-102 - -3.56
-102 - -3.56
-103 - -3.56
-103 - -3.56
-103 - -3.56
-104 - -3.56
-104 - -3.56
-104 - -3.54
-105 - -3.56
-105 - -3.56
-105 - -3.54
-105 - -3.54
-106 - -3.56
-106 - -3.54
-106 - -3.54
-107 - -3.56
-107 - -3.54
-107 - -3.54
-108 - -3.56
-108 - -3.54
-108 - -3.54
-108 - -3.54
-109 - -3.54
-109 - -3.54
-109 - -3.52
-110 - -3.54
-110 - -3.54
-110 - -3.52
-111 - -3.54
-111 - -3.54
-111 - -3.52
-111 - -3.52
-112 - -3.54
-112 - -3.52
-112 - -3.52
-113 - -3.54
-113 - -3.52
-113 - -3.52
-114 - -3.54
-114 - -3.52
-114 - -3.52
-114 - -3.50
-115 - -3.52
-115 - -3.52
-115 - -3.50
-116 - -3.52
-116 - -3.52
-116 - -3.50
-117 - -3.52
-117 - -3.52
-117 - -3.50
-117 - -3.50
-118 - -3.52
-118 - -3.50
-118 - -3.50
-119 - -3.52
-119 - -3.50
-119 - -3.50
-120 - -3.50
-120 - -3.50
-120 - -3.50
-120 - -3.48
-121 - -3.50
-121 - -3.50
-121 - -3.48
-122 - -3.50
-122 - -3.50
-122 - -3.48
-122 - -3.48
-123 - -3.50
-123 - -3.48
-123 - -3.48
-124 - -3.50
-124 - -3.48
-124 - -3.48
-125 - -3.50
-125 - -3.48
-125 - -3.48
-125 - -3.46
-126 - -3.48
-126 - -3.48
-126 - -3.46
-126 - -3.46
-127 - -3.48
-127 - -3.46
-127 - -3.46
-128 - -3.48
-128 - -3.46
-128 - -3.46
-128 - -3.46
-129 - -3.46
-129 - -3.46
-129 - -3.46
-129 - -3.43
-130 - -3.46
-130 - -3.46
-130 - -3.43
-130 - -3.43
-131 - -3.46
-131 - -3.43
-131 - -3.43
-131 - -3.41
-132 - -3.43
-132 - -3.43
-132 - -3.41
-132 - -3.41
-132 - -3.41
-133 - -3.41
-133 - -3.41
-133 - -3.41
-133 - -3.39
-134 - -3.41
-134 - -3.41
-134 - -3.39
-134 - -3.39
-134 - -3.39
-134 - -3.37
-135 - -3.39
-135 - -3.39
-135 - -3.37
-135 - -3.37
-135 - -3.37
-136 - -3.37
-136 - -3.37
-136 - -3.37
-136 - -3.35
-136 - -3.35
-136 - -3.35
-137 - -3.35
-137 - -3.35
-137 - -3.35
-137 - -3.33
-137 - -3.33
-138 - -3.35
-138 - -3.33
-138 - -3.33
-138 - -3.30
-138 - -3.30
-138 - -3.30
-138 - -3.28
-139 - -3.30
-139 - -3.30
-139 - -3.28
-139 - -3.28
-139 - -3.28
-139 - -3.26
-139 - -3.26
-140 - -3.28
-140 - -3.26
-140 - -3.26
-140 - -3.26
-140 - -3.24
-140 - -3.24
-140 - -3.24
-140 - -3.22
-140 - -3.22
-141 - -3.24
-141 - -3.22
-141 - -3.22
-141 - -3.22
-141 - -3.20
-141 - -3.20
-141 - -3.20
-141 - -3.17
-141 - -3.17
-141 - -3.17
-141 - -3.15
-141 - -3.15
-141 - -3.15
-142 - -3.15
-142 - -3.15
-142 - -3.15
-142 - -3.13
-142 - -3.13
-142 - -3.13
-142 - -3.11
-142 - -3.11
-142 - -3.11
-142 - -3.09
-142 - -3.09
-142 - -3.09
-142 - -3.07
-142 - -3.07
0 - -3.07
0 - -3.05
0 - -3.05
0 - -3.05
0 - -3.02
0 - -3.02
0 - -3.02
0 - -3.00
0 - -3.00
0 - -3.00
0 - -2.98
0 - -2.98
0 - -2.98
0 - -2.96
0 - -2.96
0 - -2.96
0 - -2.94
0 - -2.94
0 - -2.94
0 - -2.92
1 - -2.89
1 - -2.89
1 - -2.87
1 - -2.87
1 - -2.87
1 - -2.85
1 - -2.85
1 - -2.85
1 - -2.83
1 - -2.83
1 - -2.83
1 - -2.81
1 - -2.81
1 - -2.81
1 - -2.79
2 - -2.76
2 - -2.76
2 - -2.74
2 - -2.74
2 - -2.74
2 - -2.72
2 - -2.72
2 - -2.72
2 - -2.70
2 - -2.70
2 - -2.70
2 - -2.68
2 - -2.68
2 - -2.68
2 - -2.66
2 - -2.66
2 - -2.66
2 - -2.64
2 - -2.64
2 - -2.64
2 - -2.61
2 - -2.61
2 - -2.61
2 - -2.59
2 - -2.59
2 - -2.59
2 - -2.57
2 - -2.57
2 - -2.57
3 - -2.53
3 - -2.53
3 - -2.53
3 - -2.51
3 - -2.51
3 - -2.51
3 - -2.48
3 - -2.48
3 - -2.48
3 - -2.46
3 - -2.46
3 - -2.46
3 - -2.44
3 - -2.44
3 - -2.44
3 - -2.42
3 - -2.42
3 - -2.42
3 - -2.40
3 - -2.40
3 - -2.40
3 - -2.38
3 - -2.38
3 - -2.38
4 - -2.33
4 - -2.33
4 - -2.33
4 - -2.31
4 - -2.31
4 - -2.31
4 - -2.29
4 - -2.29
4 - -2.29
4 - -2.27
4 - -2.27
4 - -2.27
4 - -2.25
4 - -2.25
4 - -2.25
4 - -2.22
4 - -2.22
4 - -2.22
4 - -2.20
4 - -2.20
4 - -2.20
4 - -2.18
4 - -2.18
5 - -2.16
5 - -2.14
5 - -2.14
5 - -2.14
5 - -2.14
5 - -2.12
5 - -2.12
5 - -2.12
5 - -2.10
5 - -2.10
5 - -2.10
5 - -2.07
5 - -2.07
5 - -2.07
5 - -2.05
5 - -2.05
5 - -2.05
5 - -2.03
5 - -2.03
5 - -2.03
5 - -2.01
5 - -2.01
5 - -2.01
5 - -1.99
5 - -1.99
6 - -1.97
6 - -1.94
6 - -1.94
6 - -1.94
6 - -1.92
6 - -1.92
6 - -1.92
6 - -1.90
6 - -1.90
6 - -1.90
6 - -1.88
6 - -1.88
6 - -1.88
6 - -1.86
6 - -1.86
6 - -1.86
6 - -1.86
6 - -1.84
6 - -1.84
6 - -1.84
6 - -1.81
6 - -1.81
6 - -1.81
6 - -1.79
6 - -1.79
7 - -1.77
7 - -1.75
7 - -1.75
7 - -1.75
7 - -1.73
7 - -1.73
7 - -1.73
7 - -1.71
7 - -1.71
7 - -1.71
7 - -1.68
7 - -1.68
7 - -1.68
7 - -1.66
7 - -1.66
7 - -1.66
7 - -1.66
7 - -1.64
7 - -1.64
7 - -1.64
7 - -1.62
7 - -1.62
7 - -1.62
7 - -1.60
7 - -1.60
7 - -1.60
8 - -1.56
8 - -1.56
8 - -1.56
8 - -1.53
8 - -1.53
8 - -1.53
8 - -1.51
8 - -1.51
8 - -1.51
8 - -1.51
8 - -1.49
8 - -1.49
8 - -1.49
8 - -1.47
8 - -1.47
8 - -1.47
8 - -1.45
8 - -1.45
8 - -1.45
8 - -1.43
8 - -1.43
8 - -1.43
8 - -1.40
8 - -1.40
8 - -1.40
8 - -1.38
9 - -1.36
9 - -1.36
9 - -1.36
9 - -1.34
9 - -1.34
9 - -1.34
9 - -1.32
9 - -1.32
9 - -1.32
9 - -1.30
9 - -1.30
9 - -1.30
9 - -1.27
9 - -1.27
9 - -1.27
9 - -1.25
9 - -1.25
9 - -1.25
9 - -1.25
9 - -1.23
9 - -1.23
9 - -1.23
9 - -1.21
9 - -1.21
9 - -1.21
9 - -1.19
10 - -1.17
10 - -1.17
10 - -1.14
10 - -1.14
10 - -1.14
10 - -1.12
10 - -1.12
10 - -1.12
10 - -1.12
10 - -1.10
10 - -1.10
10 - -1.10
10 - -1.08
10 - -1.08
10 - -1.08
10 - -1.06
10 - -1.06
10 - -1.06
10 - -1.04
10 - -1.04
10 - -1.04
10 - -1.02
10 - -1.02
10 - -1.02
10 - -1.02
11 - -0.97
11 - -0.97
11 - -0.97
11 - -0.95
11 - -0.95
11 - -0.95
11 - -0.93
11 - -0.93
11 - -0.93
11 - -0.91
11 - -0.91
11 - -0.91
11 - -0.91
11 - -0.89
11 - -0.89
11 - -0.89
11 - -0.86
11 - -0.86
11 - -0.86
11 - -0.84
11 - -0.84
11 - -0.84
12 - -0.80
12 - -0.80
12 - -0.80
12 - -0.80
12 - -0.78
12 - -0.78
12 - -0.78
12 - -0.76
12 - -0.76
12 - -0.76
12 - -0.73
12 - -0.73
12 - -0.73
12 - -0.71
12 - -0.71
12 - -0.71
12 - -0.71
12 - -0.69
12 - -0.69
12 - -0.69
12 - -0.67
12 - -0.67
12 - -0.67
13 - -0.63
13 - -0.63
13 - -0.63
13 - -0.60
13 - -0.60
13 - -0.60
13 - -0.60
13 - -0.58
13 - -0.58
13 - -0.58
13 - -0.56
13 - -0.56
13 - -0.56
13 - -0.54
13 - -0.54
13 - -0.54
13 - -0.52
13 - -0.52
13 - -0.52
13 - -0.52
13 - -0.50
13 - -0.50
13 - -0.50
13 - -0.48
14 - -0.45
14 - -0.45
14 - -0.43
14 - -0.43
14 - -0.43
14 - -0.43
14 - -0.41
14 - -0.41
14 - -0.41
14 - -0.39
14 - -0.39
14 - -0.39
14 - -0.37
14 - -0.37
14 - -0.37
14 - -0.37
14 - -0.35
14 - -0.35
14 - -0.35
14 - -0.32
14 - -0.32
14 - -0.32
14 - -0.30
15 - -0.28
15 - -0.28
15 - -0.28
15 - -0.26
15 - -0.26
15 - -0.26
15 - -0.24
15 - -0.24
15 - -0.24
15 - -0.22
15 - -0.22
15 - -0.22
15 - -0.22
15 - -0.19
15 - -0.19
15 - -0.19
15 - -0.17
15 - -0.17
15 - -0.17
15 - -0.15
15 - -0.15
15 - -0.15
15 - -0.15
15 - -0.13
16 - -0.11
16 - -0.11
16 - -0.09
16 - -0.09
16 - -0.09
16 - -0.09
16 - -0.06
16 - -0.06
16 - -0.06
16 - -0.04
16 - -0.04
16 - -0.04
16 - -0.02
16 - -0.02
16 - -0.02
16 - -0.02
16 - 0.00
16 - 0.00
16 - 0.00
16 - 0.00
16 - 0.02
16 - 0.02
16 - 0.02
16 - 0.04
16 - 0.04
16 - 0.04
16 - 0.04
16 - 0.06
16 - 0.06
17 - 0.09
17 - 0.09
17 - 0.11
17 - 0.11
17 - 0.11
17 - 0.11
17 - 0.13
17 - 0.13
17 - 0.13
17 - 0.13
17 - 0.15
17 - 0.15
17 - 0.15
17 - 0.15
17 - 0.15
17 - 0.17
17 - 0.17
17 - 0.17
17 - 0.17
17 - 0.19
17 - 0.19
17 - 0.19
17 - 0.19
17 - 0.19
17 - 0.19
17 - 0.22
17 - 0.22
17 - 0.22
17 - 0.22
17 - 0.22
17 - 0.24
17 - 0.24
17 - 0.24
17 - 0.24
17 - 0.24
17 - 0.24
18 - 0.28
18 - 0.28
18 - 0.28
18 - 0.28
18 - 0.28
18 - 0.30
18 - 0.30
18 - 0.30
18 - 0.30
18 - 0.30
18 - 0.30
18 - 0.30
18 - 0.32
18 - 0.32
18 - 0.32
18 - 0.32
18 - 0.32
18 - 0.32
18 - 0.32
18 - 0.35
18 - 0.35
18 - 0.35
18 - 0.35
18 - 0.35
18 - 0.35
18 - 0.35
18 - 0.35
18 - 0.35
18 - 0.37
18 - 0.37
18 - 0.37
18 - 0.37
18 - 0.37
18 - 0.37
18 - 0.37
18 - 0.37
18 - 0.37
18 - 0.37
18 - 0.37
18 - 0.37
18 - 0.37
18 - 0.39
18 - 0.39
18 - 0.39
18 - 0.39
18 - 0.39
18 - 0.39
18 - 0.39
18 - 0.39
18 - 0.39
18 - 0.39
18 - 0.39
18 - 0.39
18 - 0.39
18 - 0.39
0 - 0.39
1 - 0.41
1 - 0.41
1 - 0.41
1 - 0.41
1 - 0.41
1 - 0.41
1 - 0.41
1 - 0.41
1 - 0.41
1 - 0.41
1 - 0.41
1 - 0.41
1 - 0.41
1 - 0.41
1 - 0.41
1 - 0.41
1 - 0.41
1 - 0.41
1 - 0.41
1 - 0.39
1 - 0.39
1 - 0.39
1 - 0.39
1 - 0.39
1 - 0.39
1 - 0.39
1 - 0.39
1 - 0.39
1 - 0.39
1 - 0.39
1 - 0.39
1 - 0.39
1 - 0.39
1 - 0.39
1 - 0.37
1 - 0.37
1 - 0.37
1 - 0.37
1 - 0.37
1 - 0.37
1 - 0.37
1 - 0.37
1 - 0.37
1 - 0.37
1 - 0.37
1 - 0.37
1 - 0.37
1 - 0.37
1 - 0.37
1 - 0.37
1 - 0.37
1 - 0.37
1 - 0.37
1 - 0.37
1 - 0.37
1 - 0.37
1 - 0.37
1 - 0.37
1 - 0.37
1 - 0.37
1 - 0.37
1 - 0.37
1 - 0.37
1 - 0.35
1 - 0.35
1 - 0.35
1 - 0.35
1 - 0.35
1 - 0.35
1 - 0.35
1 - 0.35
1 - 0.35
1 - 0.35
1 - 0.35
1 - 0.35
1 - 0.35
1 - 0.35
1 - 0.35
1 - 0.35
1 - 0.35
1 - 0.35
1 - 0.35
1 - 0.35
1 - 0.35
1 - 0.35
1 - 0.35
1 - 0.35
1 - 0.32
1 - 0.32
1 - 0.32
1 - 0.32
1 - 0.32
1 - 0.32
1 - 0.32
1 - 0.32
1 - 0.32
1 - 0.32
1 - 0.32
1 - 0.32
1 - 0.32
1 - 0.32
1 - 0.32
1 - 0.32
1 - 0.32
1 - 0.32
1 - 0.32
1 - 0.32
1 - 0.32
1 - 0.32
1 - 0.32
1 - 0.30
1 - 0.30
1 - 0.30
1 - 0.30
1 - 0.30
1 - 0.30
1 - 0.30
1 - 0.30
1 - 0.30
1 - 0.30
1 - 0.30
1 - 0.30
1 - 0.30
1 - 0.30
1 - 0.30
1 - 0.30
1 - 0.30
1 - 0.30
1 - 0.30
1 - 0.30
1 - 0.30
1 - 0.30
1 - 0.30
1 - 0.30
1 - 0.30
1 - 0.28
1 - 0.28
1 - 0.28
1 - 0.28
1 - 0.28
1 - 0.28
1 - 0.28
1 - 0.28
1 - 0.28
1 - 0.28
1 - 0.28
1 - 0.28
1 - 0.28
1 - 0.28
1 - 0.28
1 - 0.28
1 - 0.28
1 - 0.28
1 - 0.28
1 - 0.28
0 - 0.26
0 - 0.26
0 - 0.26
0 - 0.26
0 - 0.26
0 - 0.24
0 - 0.24
0 - 0.24
0 - 0.24
0 - 0.24
0 - 0.24
0 - 0.24
0 - 0.24
0 - 0.24
0 - 0.24
0 - 0.24
0 - 0.24
0 - 0.24
0 - 0.24
0 - 0.24
0 - 0.24
0 - 0.24
0 - 0.24
0 - 0.24
0 - 0.24
0 - 0.24
0 - 0.24
0 - 0.24
0 - 0.24
0 - 0.24
0 - 0.24
0 - 0.22
0 - 0.22
0 - 0.22
0 - 0.22
0 - 0.22
-1 - 0.19
-1 - 0.19
-1 - 0.19
-1 - 0.19
-1 - 0.19
-1 - 0.19
-1 - 0.19
-1 - 0.19
-1 - 0.19
-1 - 0.19
-1 - 0.19
-1 - 0.19
-1 - 0.19
-1 - 0.19
-1 - 0.19
-1 - 0.19
-1 - 0.19
-1 - 0.19
-1 - 0.19
-1 - 0.19
-1 - 0.19
-1 - 0.17
-1 - 0.17
-1 - 0.17
-1 - 0.17
-1 - 0.17
-1 - 0.17
-1 - 0.17
-1 - 0.17
-1 - 0.17
-1 - 0.17
-1 - 0.17
-1 - 0.17
-1 - 0.17
-1 - 0.17
-1 - 0.17
-1 - 0.17
-1 - 0.17
-1 - 0.17
-1 - 0.17
-1 - 0.17
-1 - 0.17
-1 - 0.17
-1 - 0.17
-1 - 0.17
-1 - 0.17
-1 - 0.17
-1 - 0.15
-1 - 0.15
-1 - 0.15
-1 - 0.15
-1 - 0.15
-1 - 0.15
-1 - 0.15
-1 - 0.15
-1 - 0.15
-1 - 0.15
-1 - 0.15
-1 - 0.15
-1 - 0.15
-1 - 0.15
-1 - 0.15
-1 - 0.15
-1 - 0.15
-1 - 0.15
-1 - 0.15
-1 - 0.15
-1 - 0.15
-1 - 0.15
-1 - 0.15
-1 - 0.15
-1 - 0.15
-1 - 0.13
-1 - 0.13
-1 - 0.13
-1 - 0.13
-1 - 0.13
-1 - 0.13
-1 - 0.13
-1 - 0.13
-1 - 0.13
-1 - 0.13
-1 - 0.13
-1 - 0.13
-1 - 0.13
-1 - 0.13
-1 - 0.13
-1 - 0.13
-1 - 0.13
-1 - 0.13
-1 - 0.13
-1 - 0.13
-1 - 0.13
-2 - 0.11
-2 - 0.09
-2 - 0.09
-2 - 0.09
-2 - 0.09
-2 - 0.09
-2 - 0.09
-2 - 0.09
-2 - 0.09
-2 - 0.09
-2 - 0.09
-2 - 0.09
-2 - 0.09
-3 - 0.06
-3 - 0.06
-3 - 0.06
-3 - 0.06
-3 - 0.06
-3 - 0.06
-3 - 0.06
-3 - 0.06
-3 - 0.06
-3 - 0.06
-3 - 0.06
-3 - 0.04
-3 - 0.04
-3 - 0.04
-3 - 0.04
-3 - 0.04
-3 - 0.04
-3 - 0.04
-3 - 0.04
-3 - 0.04
-3 - 0.04
-3 - 0.04
-3 - 0.04
-3 - 0.04
-3 - 0.04
-3 - 0.04
-3 - 0.04
-3 - 0.04
-3 - 0.04
-3 - 0.04
-3 - 0.04
-3 - 0.04
-3 - 0.04
-3 - 0.04
-3 - 0.04
-3 - 0.02
-3 - 0.02
-3 - 0.02
-3 - 0.02
-3 - 0.02
-3 - 0.02
-3 - 0.02
-3 - 0.02
-3 - 0.02
-3 - 0.02
-3 - 0.02
-3 - 0.02
-3 - 0.02
-3 - 0.02
-3 - 0.02
-3 - 0.02
-3 - 0.02
-3 - 0.02
-3 - 0.02
-3 - 0.02
-3 - 0.02
-3 - 0.02
-3 - 0.02
-3 - 0.00
-3 - 0.00
-3 - 0.00
-3 - 0.00
-3 - 0.00
-3 - 0.00
-3 - 0.00
-3 - 0.00
-3 - 0.00
-3 - 0.00
-3 - 0.00
-3 - 0.00
-3 - 0.00
-3 - 0.00
-3 - 0.00
-3 - 0.00
-3 - 0.00
-3 - 0.00
-3 - 0.00
-3 - 0.00
-4 - -0.02
-4 - -0.02
-4 - -0.02
-4 - -0.02
-4 - -0.04
-4 - -0.04
-4 - -0.04
-4 - -0.04
-4 - -0.04
-4 - -0.04
-4 - -0.04
-4 - -0.04
-4 - -0.04
-4 - -0.04
-4 - -0.04
-4 - -0.04
-4 - -0.04
-4 - -0.04
-4 - -0.04
-4 - -0.04
-4 - -0.04
-4 - -0.04
-4 - -0.04
-4 - -0.04
-4 - -0.04
-4 - -0.04
-4 - -0.04
-4 - -0.04
-4 - -0.04
-4 - -0.04
-4 - -0.04
-4 - -0.04
-4 - -0.04
-4 - -0.06
-4 - -0.06
-4 - -0.06
-4 - -0.06
-4 - -0.06
-4 - -0.06
-4 - -0.06
-4 - -0.06
-4 - -0.06
-4 - -0.06
-4 - -0.06
-4 - -0.06
-4 - -0.06
-4 - -0.06
-4 - -0.06
-4 - -0.06
-4 - -0.06
-4 - -0.06
-4 - -0.06
-4 - -0.06
-4 - -0.06
-4 - -0.06
-4 - -0.06
-4 - -0.06
-4 - -0.06
-4 - -0.06
-4 - -0.06
-4 - -0.06
-4 - -0.06
-4 - -0.06
-4 - -0.06
-4 - -0.06
-4 - -0.06
-4 - -0.06
-4 - -0.06
-4 - -0.06
-4 - -0.09
-4 - -0.09
-4 - -0.09
-4 - -0.09
-4 - -0.09
-4 - -0.09
-4 - -0.09
-4 - -0.09
-4 - -0.09
-4 - -0.09
-4 - -0.09
-4 - -0.09
-4 - -0.09
-4 - -0.09
-4 - -0.09
-4 - -0.09
-4 - -0.09
-4 - -0.09
-4 - -0.09
-4 - -0.09
-4 - -0.09
-4 - -0.09
-4 - -0.09
-4 - -0.09
-4 - -0.09
-4 - -0.09
-4 - -0.09
-5 - -0.11
-5 - -0.11
-5 - -0.11
-5 - -0.11
-5 - -0.11
-5 - -0.11
-5 - -0.11
-5 - -0.11
-5 - -0.11
-5 - -0.11
-5 - -0.11
-5 - -0.11
-5 - -0.11
-5 - -0.11
-5 - -0.11
-5 - -0.11
-5 - -0.11
-5 - -0.11
-5 - -0.11
-5 - -0.11
-5 - -0.11
-5 - -0.11
-5 - -0.11
-5 - -0.11
-5 - -0.11
-5 - -0.11
-5 - -0.11
-5 - -0.11
0 - -0.11
0 - -0.13
0 - -0.13
0 - -0.13
0 - -0.13
0 - -0.13
0 - -0.13
0 - -0.13
0 - -0.13
-1 - -0.15
-1 - -0.15
-1 - -0.15
-1 - -0.15
-1 - -0.15
-1 - -0.15
-1 - -0.15
-1 - -0.15
-1 - -0.15
-1 - -0.15
-1 - -0.15
-1 - -0.15
-1 - -0.15
-1 - -0.15
-1 - -0.15
-1 - -0.15
-1 - -0.15
-1 - -0.15
-2 - -0.17
-2 - -0.17
-2 - -0.17
-2 - -0.17
-2 - -0.17
-2 - -0.17
-2 - -0.17
-2 - -0.17
-2 - -0.17
-2 - -0.17
-3 - -0.19
-3 - -0.19
-3 - -0.19
-3 - -0.19
-3 - -0.19
-3 - -0.19
-4 - -0.22
-4 - -0.22
-4 - -0.22
-4 - -0.22
-4 - -0.22
-4 - -0.22
-5 - -0.24
-5 - -0.24
-5 - -0.24
-5 - -0.24
-5 - -0.24
-5 - -0.24
-5 - -0.24
-6 - -0.26
-6 - -0.26
-6 - -0.26
-6 - -0.26
-6 - -0.26
-7 - -0.28
-7 - -0.28
-7 - -0.28
-7 - -0.28
-7 - -0.28
-8 - -0.30
-8 - -0.30
-8 - -0.30
-8 - -0.30
-9 - -0.32
-9 - -0.32
-9 - -0.32
-9 - -0.32
-9 - -0.32
-10 - -0.35
-10 - -0.35
-10 - -0.35
-10 - -0.35
-11 - -0.37
-11 - -0.37
-11 - -0.37
-11 - -0.37
-12 - -0.39
-12 - -0.39
-12 - -0.39
-12 - -0.39
-13 - -0.41
-13 - -0.41
-13 - -0.41
-14 - -0.43
-14 - -0.43
-14 - -0.43
-14 - -0.43
-15 - -0.45
-15 - -0.45
-15 - -0.45
-16 - -0.48
-16 - -0.48
-16 - -0.48
-16 - -0.48
-17 - -0.50
-17 - -0.50
-17 - -0.50
-18 - -0.52
-18 - -0.52
-18 - -0.52
-19 - -0.54
-19 - -0.54
-19 - -0.54
-20 - -0.56
-20 - -0.56
-20 - -0.56
-21 - -0.58
-21 - -0.58
-21 - -0.58
-22 - -0.60
-22 - -0.60
-22 - -0.60
-23 - -0.63
-23 - -0.63
-24 - -0.65
-24 - -0.65
-24 - -0.65
-25 - -0.67
-25 - -0.67
-25 - -0.67
-26 - -0.69
-26 - -0.69
-26 - -0.69
-27 - -0.71
-27 - -0.71
-28 - -0.73
-28 - -0.73
-28 - -0.73
-29 - -0.76
-29 - -0.76
-29 - -0.76
-30 - -0.78
-30 - -0.78
-31 - -0.80
-31 - -0.80
-31 - -0.80
-32 - -0.82
-32 - -0.82
-32 - -0.82
-33 - -0.84
-33 - -0.84
-34 - -0.86
-34 - -0.86
-34 - -0.86
-35 - -0.89
-35 - -0.89
-35 - -0.89
-36 - -0.91
-36 - -0.91
-37 - -0.91
-37 - -0.91
-37 - -0.91
-38 - -0.93
-38 - -0.93
-38 - -0.93
-39 - -0.95
-39 - -0.95
-40 - -0.97
-40 - -0.97
-40 - -0.97
-41 - -0.99
-41 - -0.99
-41 - -0.99
-42 - -1.02
-42 - -1.02
-42 - -1.02
-43 - -1.04
-43 - -1.04
-44 - -1.06
-44 - -1.06
-44 - -1.06
-45 - -1.08
-45 - -1.08
-45 - -1.08
-46 - -1.10
-46 - -1.10
-47 - -1.12
-47 - -1.12
-47 - -1.12
-48 - -1.14
-48 - -1.14
-48 - -1.14
-49 - -1.17
-49 - -1.17
-49 - -1.17
-50 - -1.17
-50 - -1.17
-51 - -1.19
-51 - -1.19
-51 - -1.19
-52 - -1.21
-52 - -1.21
-52 - -1.21
-53 - -1.23
-53 - -1.23
-54 - -1.25
-54 - -1.25
-54 - -1.25
-55 - -1.27
-55 - -1.27
-55 - -1.27
-56 - -1.30
-56 - -1.30
-56 - -1.30
-57 - -1.32
-57 - -1.32
-58 - -1.34
-58 - -1.34
-58 - -1.34
-59 - -1.36
-59 - -1.36
-59 - -1.36
-60 - -1.38
-60 - -1.38
-61 - -1.40
-61 - -1.40
-61 - -1.40
-62 - -1.43
-62 - -1.43
-62 - -1.43
-63 - -1.45
-63 - -1.45
-63 - -1.45
-64 - -1.47
-64 - -1.47
-65 - -1.49
-65 - -1.49
-65 - -1.49
-66 - -1.51
-66 - -1.51
-66 - -1.51
-67 - -1.53
-67 - -1.53
-67 - -1.53
-68 - -1.56
-68 - -1.56
-69 - -1.58
-69 - -1.58
-69 - -1.58
-70 - -1.60
-70 - -1.60
-70 - -1.60
-71 - -1.62
-71 - -1.62
-71 - -1.62
-72 - -1.64
-72 - -1.64
-73 - -1.66
-73 - -1.66
-73 - -1.66
-74 - -1.68
-74 - -1.68
-74 - -1.68
-75 - -1.71
-75 - -1.71
-75 - -1.71
-76 - -1.73
-76 - -1.73
-76 - -1.73
-77 - -1.75
-77 - -1.75
-78 - -1.77
-78 - -1.77
-78 - -1.77
-79 - -1.79
-79 - -1.79
-79 - -1.79
-80 - -1.81
-80 - -1.81
-80 - -1.81
-81 - -1.84
-81 - -1.84
-82 - -1.86
-82 - -1.86
-82 - -1.86
-83 - -1.88
-83 - -1.88
-83 - -1.88
-84 - -1.88
-84 - -1.88
-84 - -1.88
-85 - -1.90
-85 - -1.90
-85 - -1.90
-86 - -1.92
-86 - -1.92
-87 - -1.94
-87 - -1.94
-87 - -1.94
-88 - -1.97
-88 - -1.97
-88 - -1.94
-89 - -1.97
-89 - -1.97
-89 - -1.97
-90 - -1.99
-90 - -1.99
-91 - -2.01
-91 - -2.01
-91 - -2.01
-92 - -2.03
-92 - -2.03
-92 - -2.03
-93 - -2.05
-93 - -2.05
-93 - -2.05
-94 - -2.07
-94 - -2.07
-94 - -2.07
-95 - -2.10
-95 - -2.10
-96 - -2.12
-96 - -2.12
-96 - -2.12
-97 - -2.14
-97 - -2.14
-97 - -2.14
-98 - -2.16
-98 - -2.16
-98 - -2.16
-99 - -2.18
-99 - -2.18
-99 - -2.18
-100 - -2.20
-100 - -2.20
-101 - -2.22
-101 - -2.22
-101 - -2.22
-102 - -2.25
-102 - -2.25
-102 - -2.25
-103 - -2.27
-103 - -2.27
-103 - -2.27
-104 - -2.29
-104 - -2.29
-104 - -2.29
-105 - -2.31
-105 - -2.31
-105 - -2.31
-106 - -2.33
-106 - -2.33
-106 - -2.33
-107 - -2.35
-107 - -2.35
-108 - -2.38
-108 - -2.38
-108 - -2.38
-109 - -2.40
-109 - -2.40
-109 - -2.40
-110 - -2.42
-110 - -2.42
-110 - -2.42
-111 - -2.44
-111 - -2.44
-111 - -2.44
-112 - -2.46
-112 - -2.46
-113 - -2.48
-113 - -2.48
-113 - -2.48
-114 - -2.51
-114 - -2.51
-114 - -2.51
-115 - -2.53
-115 - -2.53
-115 - -2.53
-116 - -2.55
-116 - -2.53
-116 - -2.53
-117 - -2.55
-117 - -2.55
-117 - -2.55
-118 - -2.57
-118 - -2.57
-118 - -2.57
-119 - -2.59
-119 - -2.59
-120 - -2.61
-120 - -2.61
-120 - -2.61
-121 - -2.64
-121 - -2.64
-121 - -2.64
-122 - -2.66
-122 - -2.66
-122 - -2.66
-123 - -2.68
-123 - -2.68
-123 - -2.68
-124 - -2.70
-124 - -2.70
-124 - -2.70
-125 - -2.72
-125 - -2.72
-125 - -2.72
-126 - -2.74
-126 - -2.74
-126 - -2.74
-127 - -2.76
-127 - -2.76
-128 - -2.79
-128 - -2.79
-128 - -2.79
-129 - -2.81
-129 - -2.81
-129 - -2.81
-130 - -2.83
-130 - -2.83
-130 - -2.83
-131 - -2.85
-131 - -2.85
-131 - -2.85
-132 - -2.87
-132 - -2.87
-132 - -2.87
-133 - -2.89
-133 - -2.89
-133 - -2.89
-134 - -2.92
-134 - -2.92
-134 - -2.92
-135 - -2.94
-135 - -2.94
-135 - -2.94
-136 - -2.96
-136 - -2.96
-136 - -2.96
-137 - -2.98
-137 - -2.98
-137 - -2.98
-138 - -3.00
-138 - -3.00
-139 - -3.02
-139 - -3.02
-139 - -3.02
-140 - -3.05
-140 - -3.05
-140 - -3.05
-141 - -3.07
-141 - -3.07
-141 - -3.07
-142 - -3.09
-142 - -3.09
-142 - -3.09
-143 - -3.11
-143 - -3.11
-143 - -3.11
-144 - -3.13
-144 - -3.13
-144 - -3.13
-145 - -3.15
-145 - -3.15
-145 - -3.15
-146 - -3.17
-146 - -3.17
-146 - -3.17
-147 - -3.20
-147 - -3.20
-147 - -3.20
-148 - -3.22
-148 - -3.22
-148 - -3.22
-149 - -3.24
-149 - -3.22
-149 - -3.22
-150 - -3.24
-150 - -3.24
-150 - -3.24
-151 - -3.26
-151 - -3.26
-152 - -3.28
-152 - -3.28
-152 - -3.28
-153 - -3.30
-153 - -3.30
-153 - -3.30
-154 - -3.33
-154 - -3.33
-154 - -3.33
-155 - -3.35
-155 - -3.35
-155 - -3.35
-156 - -3.37
-156 - -3.37
-156 - -3.37
-157 - -3.39
-157 - -3.39
-157 - -3.39
-158 - -3.41
-158 - -3.41
-158 - -3.41
-1 - -3.43
-1 - -3.43
-1 - -3.43
-2 - -3.46
-2 - -3.46
-2 - -3.46
-3 - -3.48
-3 - -3.48
-3 - -3.48
-4 - -3.48
-4 - -3.48
-4 - -3.48
-5 - -3.50
-5 - -3.50
-5 - -3.50
-6 - -3.52
-6 - -3.52
-6 - -3.52
-7 - -3.54
-7 - -3.54
-7 - -3.54
-8 - -3.56
-8 - -3.56
-8 - -3.56
-9 - -3.59
-9 - -3.59
-9 - -3.59
-10 - -3.59
-10 - -3.59
-10 - -3.59
-11 - -3.61
-11 - -3.61
-11 - -3.61
-12 - -3.63
-12 - -3.63
-12 - -3.63
-13 - -3.65
-13 - -3.63
-13 - -3.63
-14 - -3.65
-14 - -3.65
-14 - -3.65
-15 - -3.67
-15 - -3.65
-15 - -3.65
-16 - -3.67
-16 - -3.67
-16 - -3.67
-17 - -3.69
-17 - -3.67
-17 - -3.67
-18 - -3.69
-18 - -3.69
-18 - -3.69
-19 - -3.71
-19 - -3.71
-19 - -3.69
-20 - -3.71
-20 - -3.71
-20 - -3.71
-21 - -3.74
-21 - -3.71
-21 - -3.71
-22 - -3.74
-22 - -3.74
-22 - -3.74
-23 - -3.74
-23 - -3.74
-23 - -3.74
-24 - -3.76
-24 - -3.74
-24 - -3.74
-25 - -3.76
-25 - -3.76
-25 - -3.76
-26 - -3.76
-26 - -3.76
-26 - -3.76
-27 - -3.78
-27 - -3.76
-27 - -3.76
-28 - -3.78
-28 - -3.78
-28 - -3.76
-29 - -3.78
-29 - -3.78
-29 - -3.78
-30 - -3.78
-30 - -3.78
-30 - -3.78
-31 - -3.78
-31 - -3.78
-31 - -3.78
-32 - -3.80
-32 - -3.78
-32 - -3.78
-33 - -3.80
-33 - -3.78
-33 - -3.78
-34 - -3.80
-34 - -3.80
-34 - -3.78
-35 - -3.80
-35 - -3.80
-35 - -3.78
-36 - -3.80
-36 - -3.80
-36 - -3.78
-37 - -3.80
-37 - -3.80
-37 - -3.78
-38 - -3.80
-38 - -3.80
-38 - -3.78
-39 - -3.80
-39 - -3.80
-39 - -3.78
-40 - -3.80
-40 - -3.80
-40 - -3.78
-41 - -3.80
-41 - -3.78
-41 - -3.78
-42 - -3.80
-42 - -3.78
-42 - -3.78
-43 - -3.80
-43 - -3.78
-43 - -3.78
-43 - -3.78
-44 - -3.78
-44 - -3.78
-44 - -3.76
-45 - -3.78
-45 - -3.78
-45 - -3.76
-46 - -3.78
-46 - -3.78
-46 - -3.76
-47 - -3.78
-47 - -3.76
-47 - -3.76
-48 - -3.78
-48 - -3.76
-48 - -3.76
-49 - -3.78
-49 - -3.76
-49 - -3.76
-50 - -3.76
-50 - -3.76
-50 - -3.76
-51 - -3.76
-51 - -3.76
-51 - -3.76
-52 - -3.76
-52 - -3.76
-52 - -3.74
-53 - -3.76
-53 - -3.76
-53 - -3.74
-54 - -3.76
-54 - -3.76
-54 - -3.74
-55 - -3.76
-55 - -3.74
-55 - -3.74
-55 - -3.74
-56 - -3.74
-56 - -3.74
-56 - -3.74
-57 - -3.74
-57 - -3.74
-57 - -3.74
-58 - -3.74
-58 - -3.74
-58 - -3.71
-59 - -3.74
-59 - -3.74
-59 - -3.71
-60 - -3.74
-60 - -3.74
-60 - -3.71
-61 - -3.74
-61 - -3.71
-61 - -3.71
-62 - -3.74
-62 - -3.71
-62 - -3.71
-63 - -3.74
-63 - -3.71
-63 - -3.71
-63 - -3.71
-64 - -3.71
-64 - -3.71
-64 - -3.69
-65 - -3.71
-65 - -3.71
-65 - -3.69
-66 - -3.71
-66 - -3.71
-66 - -3.69
-67 - -3.71
-67 - -3.69
-67 - -3.69
-68 - -3.71
-68 - -3.69
-68 - -3.69
-69 - -3.71
-69 - -3.69
-69 - -3.69
-70 - -3.71
-70 - -3.69
-70 - -3.69
-71 - -3.69
-71 - -3.69
-71 - -3.69
-71 - -3.67
-72 - -3.69
-72 - -3.69
-72 - -3.67
-73 - -3.69
-73 - -3.67
-73 - -3.67
-74 - -3.69
-74 - -3.67
-74 - -3.67
-75 - -3.69
-75 - -3.67
-75 - -3.67
-76 - -3.69
-76 - -3.67
-76 - -3.67
-77 - -3.67
-77 - -3.67
-77 - -3.67
-77 - -3.65
-78 - -3.67
-78 - -3.67
-78 - -3.65
-79 - -3.67
-79 - -3.67
-79 - -3.65
-80 - -3.67
-80 - -3.65
-80 - -3.65
-81 - -3.67
-81 - -3.65
-81 - -3.65
-82 - -3.67
-82 - -3.65
-82 - -3.65
-83 - -3.67
-83 - -3.65
-83 - -3.65
-83 - -3.63
-84 - -3.65
-84 - -3.65
-84 - -3.63
-85 - -3.65
-85 - -3.65
-85 - -3.63
-86 - -3.65
-86 - -3.65
-86 - -3.63
-87 - -3.65
-87 - -3.65
-87 - -3.63
-88 - -3.65
-88 - -3.63
-88 - -3.63
-88 - -3.63
-89 - -3.63
-89 - -3.63
-89 - -3.63
-90 - -3.63
-90 - -3.63
-90 - -3.63
-91 - -3.63
-91 - -3.63
-91 - -3.61
-92 - -3.63
-92 - -3.63
-92 - -3.61
-93 - -3.63
-93 - -3.63
-93 - -3.61
-93 - -3.61
-94 - -3.63
-94 - -3.61
-94 - -3.61
-95 - -3.63
-95 - -3.61
-95 - -3.61
-96 - -3.61
-96 - -3.61
-96 - -3.61
-97 - -3.61
-97 - -3.61
-97 - -3.61
-97 - -3.59
-98 - -3.61
-98 - -3.61
-98 - -3.59
-99 - -3.61
-99 - -3.59
-99 - -3.59
-100 - -3.61
-100 - -3.59
-100 - -3.59
-101 - -3.61
-101 - -3.59
-101 - -3.59
-102 - -3.61
-102 - -3.59
-102 - -3.59
-102 - -3.59
-103 - -3.59
-103 - -3.59
-103 - -3.56
-104 - -3.59
-104 - -3.59
-104 - -3.56
-105 - -3.59
-105 - -3.59
-105 - -3.56
-105 - -3.56
-106 - -3.59
-106 - -3.56
-106 - -3.56
-107 - -3.59
-107 - -3.56
-107 - -3.56
-108 - -3.56
-108 - -3.56
-108 - -3.56
-109 - -3.56
-109 - -3.56
-109 - -3.56
-109 - -3.54
-110 - -3.56
-110 - -3.56
-110 - -3.54
-111 - -3.56
-111 - -3.56
-111 - -3.54
-112 - -3.56
-112 - -3.56
-112 - -3.54
-112 - -3.54
-113 - -3.56
-113 - -3.54
-113 - -3.54
-114 - -3.54
-114 - -3.54
-114 - -3.54
-115 - -3.54
-115 - -3.54
-115 - -3.54
-116 - -3.54
-116 - -3.54
-116 - -3.54
-116 - -3.52
-117 - -3.54
-117 - -3.54
-117 - -3.52
-118 - -3.54
-118 - -3.52
-118 - -3.52
-119 - -3.54
-119 - -3.52
-119 - -3.52
-119 - -3.52
-120 - -3.52
-120 - -3.52
-120 - -3.52
-121 - -3.52
-121 - -3.52
-121 - -3.52
-122 - -3.52
-122 - -3.52
-122 - -3.52
-122 - -3.50
-123 - -3.52
-123 - -3.52
-123 - -3.50
-124 - -3.52
-124 - -3.50
-124 - -3.50
-124 - -3.50
-125 - -3.50
-125 - -3.50
-125 - -3.50
-126 - -3.50
-126 - -3.50
-126 - -3.50
-126 - -3.48
-127 - -3.50
-127 - -3.50
-127 - -3.48
-128 - -3.50
-128 - -3.50
-128 - -3.48
-128 - -3.48
-129 - -3.50
-129 - -3.48
-129 - -3.48
-129 - -3.48
-130 - -3.48
-130 - -3.48
-130 - -3.46
-130 - -3.46
-130 - -3.46
-131 - -3.46
-131 - -3.46
-131 - -3.46
-131 - -3.43
-131 - -3.43
-132 - -3.46
-132 - -3.43
-132 - -3.43
-132 - -3.43
-132 - -3.41
-133 - -3.43
-133 - -3.43
-133 - -3.41
-133 - -3.41
-133 - -3.41
-133 - -3.39
-134 - -3.41
-134 - -3.41
-134 - -3.39
-134 - -3.39
-134 - -3.39
-134 - -3.37
-134 - -3.37
-135 - -3.39
-135 - -3.37
-135 - -3.37
-135 - -3.37
-135 - -3.35
-135 - -3.35
-135 - -3.33
-135 - -3.33
-135 - -3.33
-136 - -3.33
-136 - -3.33
-136 - -3.33
-136 - -3.30
-136 - -3.30
-136 - -3.30
-136 - -3.28
-136 - -3.28
-137 - -3.30
-137 - -3.28
-137 - -3.28
-137 - -3.28
-137 - -3.26
-137 - -3.26
-137 - -3.26
-137 - -3.24
-137 - -3.24
-137 - -3.24
-137 - -3.22
-138 - -3.24
-138 - -3.24
-138 - -3.22
-138 - -3.22
-138 - -3.22
-138 - -3.20
-138 - -3.20
-138 - -3.20
-138 - -3.17
-138 - -3.17
-138 - -3.17
-138 - -3.15
-138 - -3.15
-138 - -3.15
-138 - -3.13
-139 - -3.15
-139 - -3.13
-139 - -3.13
-139 - -3.13
-139 - -3.11
-139 - -3.11
-139 - -3.11
-139 - -3.09
-139 - -3.09
-139 - -3.09
-139 - -3.07
-139 - -3.07
-139 - -3.07
-139 - -3.05
-139 - -3.05
-139 - -3.05
-139 - -3.02
-139 - -3.02
-139 - -3.02
-139 - -3.00
-139 - -3.00
-139 - -3.00
0 - -2.98
0 - -2.98
0 - -2.98
0 - -2.96
0 - -2.96
0 - -2.96
1 - -2.92
1 - -2.92
1 - -2.92
1 - -2.89
1 - -2.89
1 - -2.89
1 - -2.87
1 - -2.87
1 - -2.87
1 - -2.85
2 - -2.83
2 - -2.83
2 - -2.81
2 - -2.81
2 - -2.81
2 - -2.79
2 - -2.79
2 - -2.79
2 - -2.76
2 - -2.76
2 - -2.76
2 - -2.74
2 - -2.74
2 - -2.74
2 - -2.72
2 - -2.72
2 - -2.72
2 - -2.70
2 - -2.70
2 - -2.70
2 - -2.68
2 - -2.68
3 - -2.66
3 - -2.64
3 - -2.64
3 - -2.64
3 - -2.61
3 - -2.61
3 - -2.61
3 - -2.59
3 - -2.59
3 - -2.59
3 - -2.57
3 - -2.57
3 - -2.57
3 - -2.55
3 - -2.55
3 - -2.55
3 - -2.53
4 - -2.51
4 - -2.51
4 - -2.48
4 - -2.48
4 - -2.48
4 - -2.46
4 - -2.46
4 - -2.46
4 - -2.44
4 - -2.44
4 - -2.44
4 - -2.42
4 - -2.42
4 - -2.42
4 - -2.40
5 - -2.38
5 - -2.38
5 - -2.35
5 - -2.35
5 - -2.35
5 - -2.33
5 - -2.33
5 - -2.33
5 - -2.31
5 - -2.31
5 - -2.31
5 - -2.29
5 - -2.29
5 - -2.29
5 - -2.27
6 - -2.25
6 - -2.25
6 - -2.22
6 - -2.22
6 - -2.22
6 - -2.20
6 - -2.20
6 - -2.20
6 - -2.18
6 - -2.18
6 - -2.18
6 - -2.16
6 - -2.16
6 - -2.16
6 - -2.14
6 - -2.14
6 - -2.14
6 - -2.12
6 - -2.12
7 - -2.10
7 - -2.07
7 - -2.07
7 - -2.07
7 - -2.05
7 - -2.05
7 - -2.05
7 - -2.03
7 - -2.03
7 - -2.03
7 - -2.01
7 - -2.01
7 - -2.01
7 - -1.99
7 - -1.99
7 - -1.99
7 - -1.97
7 - -1.97
7 - -1.97
7 - -1.94
7 - -1.94
7 - -1.94
7 - -1.92
7 - -1.92
8 - -1.90
8 - -1.90
8 - -1.88
8 - -1.88
8 - -1.88
8 - -1.86
8 - -1.86
8 - -1.86
8 - -1.84
8 - -1.84
8 - -1.84
8 - -1.81
8 - -1.81
8 - -1.81
8 - -1.79
8 - -1.79
8 - -1.79
8 - -1.77
8 - -1.77
8 - -1.77
8 - -1.75
8 - -1.75
8 - -1.75
8 - -1.73
8 - -1.73
8 - -1.73
8 - -1.71
8 - -1.71
8 - -1.71
8 - -1.68
8 - -1.68
8 - -1.68
8 - -1.66
8 - -1.66
8 - -1.66
8 - -1.64
8 - -1.64
9 - -1.62
9 - -1.62
9 - -1.60
9 - -1.60
9 - -1.60
9 - -1.58
9 - -1.58
9 - -1.58
9 - -1.56
9 - -1.56
9 - -1.56
9 - -1.53
9 - -1.53
9 - -1.53
9 - -1.51
9 - -1.51
9 - -1.51
9 - -1.49
9 - -1.49
9 - -1.49
9 - -1.47
9 - -1.47
9 - -1.47
9 - -1.45
9 - -1.45
9 - -1.45
9 - -1.45
9 - -1.43
9 - -1.43
9 - -1.43
9 - -1.40
9 - -1.40
9 - -1.40
9 - -1.38
9 - -1.38
9 - -1.38
9 - -1.36
9 - -1.36
9 - -1.36
9 - -1.34
9 - -1.34
9 - -1.34
9 - -1.32
9 - -1.32
9 - -1.32
9 - -1.30
9 - -1.30
9 - -1.30
9 - -1.27
9 - -1.27
9 - -1.27
9 - -1.27
9 - -1.25
9 - -1.25
9 - -1.25
9 - -1.23
9 - -1.23
9 - -1.23
9 - -1.21
9 - -1.21
9 - -1.21
9 - -1.19
9 - -1.19
9 - -1.19
9 - -1.17
9 - -1.17
9 - -1.17
9 - -1.14
9 - -1.14
9 - -1.14
9 - -1.14
9 - -1.12
9 - -1.12
9 - -1.12
9 - -1.10
9 - -1.10
9 - -1.10
9 - -1.08
9 - -1.08
9 - -1.08
9 - -1.06
9 - -1.06
9 - -1.06
9 - -1.04
9 - -1.04
9 - -1.04
9 - -1.02
9 - -1.02
9 - -1.02
9 - -1.02
9 - -0.99
9 - -0.99
9 - -0.99
9 - -0.97
9 - -0.97
9 - -0.97
9 - -0.95
9 - -0.95
9 - -0.95
9 - -0.93
9 - -0.93
9 - -0.93
9 - -0.91
9 - -0.91
9 - -0.91
9 - -0.91
9 - -0.89
9 - -0.89
9 - -0.89
9 - -0.86
10 - -0.84
10 - -0.84
10 - -0.82
10 - -0.82
10 - -0.82
10 - -0.80
10 - -0.80
10 - -0.80
10 - -0.78
10 - -0.78
10 - -0.78
10 - -0.78
10 - -0.76
10 - -0.76
10 - -0.76
10 - -0.73
10 - -0.73
10 - -0.73
10 - -0.71
10 - -0.71
10 - -0.71
10 - -0.69
10 - -0.69
10 - -0.69
10 - -0.69
10 - -0.67
10 - -0.67
10 - -0.67
10 - -0.65
10 - -0.65
10 - -0.65
10 - -0.63
10 - -0.63
10 - -0.63
10 - -0.60
10 - -0.60
10 - -0.60
10 - -0.58
10 - -0.58
10 - -0.58
10 - -0.58
10 - -0.56
10 - -0.56
10 - -0.56
10 - -0.54
10 - -0.54
10 - -0.54
10 - -0.52
10 - -0.52
10 - -0.52
10 - -0.52
10 - -0.50
10 - -0.50
10 - -0.50
10 - -0.48
10 - -0.48
10 - -0.48
10 - -0.45
10 - -0.45
10 - -0.45
10 - -0.43
10 - -0.43
10 - -0.43
10 - -0.43
10 - -0.41
10 - -0.41
10 - -0.41
10 - -0.39
10 - -0.39
10 - -0.39
10 - -0.37
10 - -0.37
10 - -0.37
10 - -0.37
10 - -0.35
10 - -0.35
10 - -0.35
10 - -0.32
10 - -0.32
10 - -0.32
10 - -0.30
10 - -0.30
10 - -0.30
10 - -0.28
10 - -0.28
10 - -0.28
10 - -0.28
10 - -0.26
10 - -0.26
10 - -0.26
10 - -0.24
10 - -0.24
10 - -0.24
10 - -0.22
10 - -0.22
10 - -0.22
10 - -0.22
10 - -0.19
10 - -0.19
10 - -0.19
10 - -0.17
10 - -0.17
10 - -0.17
10 - -0.15
10 - -0.15
10 - -0.15
10 - -0.15
10 - -0.13
10 - -0.13
10 - -0.13
10 - -0.11
10 - -0.11
10 - -0.11
10 - -0.11
10 - -0.09
10 - -0.09
10 - -0.09
10 - -0.06
10 - -0.06
10 - -0.06
10 - -0.06
10 - -0.04
10 - -0.04
10 - -0.04
10 - -0.02
10 - -0.02
10 - -0.02
10 - -0.02
10 - 0.00
10 - 0.00
11 - 0.02
11 - 0.02
11 - 0.04
11 - 0.04
11 - 0.04
12 - 0.06
12 - 0.06
12 - 0.09
12 - 0.09
12 - 0.09
12 - 0.09
12 - 0.09
12 - 0.11
12 - 0.11
12 - 0.11
12 - 0.11
12 - 0.11
12 - 0.13
12 - 0.13
12 - 0.13
12 - 0.13
12 - 0.13
12 - 0.13
12 - 0.15
12 - 0.15
12 - 0.15
12 - 0.15
12 - 0.15
12 - 0.15
12 - 0.15
12 - 0.17
12 - 0.17
12 - 0.17
12 - 0.17
12 - 0.17
12 - 0.17
12 - 0.17
12 - 0.17
12 - 0.17
12 - 0.19
12 - 0.19
12 - 0.19
12 - 0.19
12 - 0.19
12 - 0.19
12 - 0.19
12 - 0.19
12 - 0.22
12 - 0.22
12 - 0.22
12 - 0.22
12 - 0.22
12 - 0.22
12 - 0.22
12 - 0.22
12 - 0.22
12 - 0.22
12 - 0.22
12 - 0.24
12 - 0.24
12 - 0.24
12 - 0.24
12 - 0.24
12 - 0.24
12 - 0.24
12 - 0.24
12 - 0.24
12 - 0.24
12 - 0.24
12 - 0.24
12 - 0.24
12 - 0.24
12 - 0.24
12 - 0.26
12 - 0.26
12 - 0.26
12 - 0.26
12 - 0.26
12 - 0.26
12 - 0.26
12 - 0.26
12 - 0.26
12 - 0.26
12 - 0.26
12 - 0.26
12 - 0.26
12 - 0.26
12 - 0.26
12 - 0.26
12 - 0.26
12 - 0.26
12 - 0.26
12 - 0.26
12 - 0.26
12 - 0.26
0 - 0.26
0 - 0.26
0 - 0.26
0 - 0.26
0 - 0.26
0 - 0.26
0 - 0.24
0 - 0.24
0 - 0.24
0 - 0.24
1 - 0.26
1 - 0.26
1 - 0.26
1 - 0.26
1 - 0.26
1 - 0.26
1 - 0.24
1 - 0.24
1 - 0.24
1 - 0.24
1 - 0.24
1 - 0.24
1 - 0.24
1 - 0.24
1 - 0.24
1 - 0.24
1 - 0.24
1 - 0.24
1 - 0.24
1 - 0.24
2 - 0.26
2 - 0.26
2 - 0.26
2 - 0.26
2 - 0.26
2 - 0.26
2 - 0.26
2 - 0.26
2 - 0.24
2 - 0.24
2 - 0.24
2 - 0.24
2 - 0.24
2 - 0.24
2 - 0.24
2 - 0.24
2 - 0.24
2 - 0.24
2 - 0.24
2 - 0.24
2 - 0.24
2 - 0.24
2 - 0.24
2 - 0.24
2 - 0.24
2 - 0.22
2 - 0.22
2 - 0.22
2 - 0.22
2 - 0.22
2 - 0.22
2 - 0.22
2 - 0.22
2 - 0.22
2 - 0.22
2 - 0.22
2 - 0.22
2 - 0.22
2 - 0.22
2 - 0.22
2 - 0.19
2 - 0.19
2 - 0.19
2 - 0.19
2 - 0.19
2 - 0.19
2 - 0.19
2 - 0.19
2 - 0.19
2 - 0.19
2 - 0.19
2 - 0.19
2 - 0.19
2 - 0.19
2 - 0.19
2 - 0.17
2 - 0.17
2 - 0.17
2 - 0.17
2 - 0.17
2 - 0.17
2 - 0.17
2 - 0.17
2 - 0.17
2 - 0.17
2 - 0.17
2 - 0.17
2 - 0.17
2 - 0.17
2 - 0.17
2 - 0.17
2 - 0.17
2 - 0.17
2 - 0.17
3 - 0.17
3 - 0.17
3 - 0.17
3 - 0.17
3 - 0.17
3 - 0.17
3 - 0.17
3 - 0.17
3 - 0.17
3 - 0.17
3 - 0.17
3 - 0.17
3 - 0.17
3 - 0.17
3 - 0.17
3 - 0.17
3 - 0.17
3 - 0.17
3 - 0.17
3 - 0.17
3 - 0.17
3 - 0.17
3 - 0.17
3 - 0.17
3 - 0.15
3 - 0.15
3 - 0.15
3 - 0.15
3 - 0.15
3 - 0.15
3 - 0.15
3 - 0.15
3 - 0.15
3 - 0.15
3 - 0.15
3 - 0.15
3 - 0.15
3 - 0.15
3 - 0.15
3 - 0.15
3 - 0.15
3 - 0.15
3 - 0.15
3 - 0.15
3 - 0.15
3 - 0.15
3 - 0.15
3 - 0.15
3 - 0.15
3 - 0.15
3 - 0.15
3 - 0.15
3 - 0.15
3 - 0.15
3 - 0.15
3 - 0.15
3 - 0.15
3 - 0.15
3 - 0.15
3 - 0.15
3 - 0.15
3 - 0.13
3 - 0.13
3 - 0.13
3 - 0.13
3 - 0.13
3 - 0.13
3 - 0.13
3 - 0.13
3 - 0.13
3 - 0.13
3 - 0.13
3 - 0.13
3 - 0.13
3 - 0.13
3 - 0.13
3 - 0.13
3 - 0.13
2 - 0.11
2 - 0.11
2 - 0.11
2 - 0.11
2 - 0.11
2 - 0.11
2 - 0.11
2 - 0.11
2 - 0.11
2 - 0.11
2 - 0.11
2 - 0.11
2 - 0.11
2 - 0.11
2 - 0.11
2 - 0.11
2 - 0.11
2 - 0.11
2 - 0.11
2 - 0.11
2 - 0.11
2 - 0.11
2 - 0.11
2 - 0.11
2 - 0.11
2 - 0.11
2 - 0.11
2 - 0.11
2 - 0.11
2 - 0.11
2 - 0.11
2 - 0.11
2 - 0.11
2 - 0.11
2 - 0.11
2 - 0.11
2 - 0.11
2 - 0.11
2 - 0.11
2 - 0.11
2 - 0.11
2 - 0.11
2 - 0.11
2 - 0.11
2 - 0.11
2 - 0.11
2 - 0.11
2 - 0.11
2 - 0.11
2 - 0.11
2 - 0.11
2 - 0.11
2 - 0.11
2 - 0.11
2 - 0.11
2 - 0.11
2 - 0.11
2 - 0.11
2 - 0.11
2 - 0.11
2 - 0.11
2 - 0.11
2 - 0.11
2 - 0.11
2 - 0.11
2 - 0.11
2 - 0.11
2 - 0.11
2 - 0.11
2 - 0.11
2 - 0.11
2 - 0.11
2 - 0.11
2 - 0.11
2 - 0.11
2 - 0.11
2 - 0.11
2 - 0.11
2 - 0.11
2 - 0.11
2 - 0.11
2 - 0.11
2 - 0.11
2 - 0.11
2 - 0.11
2 - 0.11
2 - 0.11
2 - 0.11
2 - 0.11
2 - 0.11
2 - 0.11
2 - 0.11
2 - 0.11
2 - 0.09
2 - 0.09
2 - 0.09
2 - 0.09
2 - 0.09
2 - 0.09
2 - 0.09
2 - 0.09
2 - 0.09
2 - 0.09
2 - 0.09
2 - 0.09
2 - 0.09
2 - 0.09
3 - 0.11
3 - 0.11
3 - 0.11
3 - 0.11
3 - 0.11
3 - 0.11
3 - 0.11
3 - 0.11
3 - 0.11
3 - 0.11
3 - 0.11
3 - 0.11
3 - 0.11
3 - 0.11
3 - 0.11
3 - 0.11
3 - 0.11
3 - 0.11
3 - 0.11
3 - 0.11
3 - 0.11
3 - 0.11
3 - 0.11
3 - 0.11
3 - 0.11
3 - 0.11
3 - 0.11
3 - 0.11
3 - 0.11
3 - 0.11
3 - 0.11
3 - 0.11
3 - 0.11
3 - 0.11
3 - 0.11
3 - 0.11
3 - 0.11
3 - 0.11
3 - 0.11
3 - 0.11
3 - 0.11
3 - 0.11
3 - 0.11
3 - 0.11
3 - 0.11
3 - 0.11
3 - 0.11
3 - 0.11
3 - 0.11
3 - 0.11
3 - 0.11
3 - 0.11
3 - 0.11
3 - 0.11
3 - 0.11
3 - 0.11
3 - 0.11
3 - 0.11
3 - 0.11
3 - 0.11
3 - 0.11
3 - 0.11
3 - 0.11
3 - 0.11
3 - 0.11
3 - 0.11
3 - 0.11
3 - 0.11
3 - 0.11
3 - 0.11
3 - 0.11
3 - 0.11
3 - 0.11
3 - 0.11
3 - 0.11
3 - 0.11
3 - 0.11
3 - 0.11
3 - 0.11
3 - 0.11
3 - 0.11
3 - 0.11
3 - 0.11
3 - 0.11
3 - 0.11
3 - 0.11
3 - 0.11
3 - 0.11
3 - 0.11
3 - 0.11
3 - 0.11
3 - 0.11
3 - 0.11
3 - 0.11
3 - 0.11
3 - 0.11
3 - 0.11
3 - 0.11
3 - 0.11
3 - 0.11
3 - 0.11
3 - 0.11
3 - 0.11
3 - 0.11
3 - 0.11
3 - 0.11
3 - 0.11
3 - 0.11
3 - 0.11
3 - 0.11
3 - 0.11
3 - 0.11
3 - 0.11
3 - 0.11
3 - 0.11
3 - 0.11
3 - 0.09
3 - 0.09
3 - 0.09
3 - 0.09
3 - 0.09
3 - 0.06
3 - 0.06
3 - 0.06
4 - 0.09
4 - 0.09
4 - 0.09
4 - 0.09
4 - 0.09
4 - 0.09
4 - 0.09
4 - 0.09
4 - 0.09
4 - 0.09
4 - 0.09
4 - 0.09
4 - 0.09
4 - 0.09
4 - 0.09
4 - 0.09
4 - 0.09
4 - 0.09
4 - 0.09
4 - 0.09
4 - 0.09
4 - 0.09
4 - 0.09
4 - 0.09
4 - 0.09
4 - 0.09
4 - 0.09
4 - 0.09
4 - 0.09
4 - 0.09
4 - 0.09
4 - 0.09
4 - 0.09
4 - 0.09
4 - 0.09
4 - 0.09
4 - 0.09
4 - 0.09
4 - 0.09
4 - 0.09
4 - 0.09
4 - 0.09
4 - 0.09
4 - 0.09
4 - 0.09
4 - 0.09
4 - 0.09
4 - 0.09
4 - 0.09
4 - 0.09
4 - 0.09
4 - 0.09
3 - 0.06
3 - 0.06
3 - 0.06
3 - 0.06
3 - 0.06
3 - 0.06
3 - 0.06
3 - 0.06
3 - 0.06
3 - 0.06
3 - 0.06
3 - 0.06
3 - 0.06
3 - 0.06
3 - 0.06
3 - 0.06
3 - 0.06
3 - 0.06
3 - 0.06
3 - 0.06
3 - 0.06
3 - 0.06
3 - 0.06
3 - 0.06
3 - 0.06
3 - 0.06
3 - 0.06
3 - 0.06
3 - 0.06
3 - 0.06
3 - 0.06
3 - 0.06
3 - 0.06
3 - 0.06
3 - 0.06
0 - 0.06
0 - 0.06
-1 - 0.04
-1 - 0.04
-1 - 0.04
-1 - 0.04
-1 - 0.04
-1 - 0.04
-1 - 0.04
-1 - 0.04
-1 - 0.02
-1 - 0.02
-1 - 0.02
-1 - 0.02
-1 - 0.02
-1 - 0.02
-1 - 0.02
-2 - 0.00
-2 - 0.00
-2 - 0.00
-2 - 0.00
-2 - 0.00
-2 - 0.00
-2 - 0.00
-2 - 0.00
-2 - 0.00
-2 - 0.00
-3 - -0.02
-3 - -0.02
-3 - -0.02
-3 - -0.04
-3 - -0.04
-3 - -0.04
-3 - -0.04
-3 - -0.04
-4 - -0.06
-4 - -0.06
-4 - -0.06
-4 - -0.06
-4 - -0.06
-4 - -0.06
-4 - -0.06
-5 - -0.09
-5 - -0.09
-5 - -0.09
-5 - -0.09
-5 - -0.09
-5 - -0.09
-6 - -0.11
-6 - -0.11
-6 - -0.11
-6 - -0.11
-6 - -0.11
-7 - -0.13
-7 - -0.13
-7 - -0.13
-7 - -0.13
-7 - -0.13
-8 - -0.15
-8 - -0.15
-8 - -0.15
-8 - -0.15
-8 - -0.15
-9 - -0.17
-9 - -0.17
-9 - -0.17
-9 - -0.17
-10 - -0.19
-10 - -0.19
-10 - -0.19
-10 - -0.19
-11 - -0.22
-11 - -0.22
-11 - -0.22
-11 - -0.22
-12 - -0.24
-12 - -0.24
-12 - -0.24
-12 - -0.24
-13 - -0.26
-13 - -0.26
-13 - -0.26
-14 - -0.28
-14 - -0.28
-14 - -0.28
-14 - -0.28
-15 - -0.30
-15 - -0.30
-15 - -0.30
-16 - -0.32
-16 - -0.32
-16 - -0.32
-16 - -0.32
-17 - -0.35
-17 - -0.35
-17 - -0.35
-18 - -0.37
-18 - -0.37
-18 - -0.37
-19 - -0.39
-19 - -0.39
-19 - -0.39
-20 - -0.41
-20 - -0.41
-20 - -0.43
-21 - -0.45
-21 - -0.45
-21 - -0.45
-22 - -0.48
-22 - -0.48
-23 - -0.50
-23 - -0.50
-23 - -0.50
-24 - -0.52
-24 - -0.52
-24 - -0.52
-25 - -0.54
-25 - -0.54
-25 - -0.54
-26 - -0.56
-26 - -0.56
-27 - -0.58
-27 - -0.58
-27 - -0.58
-28 - -0.60
-28 - -0.60
-29 - -0.63
-29 - -0.63
-29 - -0.63
-30 - -0.65
-30 - -0.65
-31 - -0.67
-31 - -0.67
-31 - -0.67
-32 - -0.69
-32 - -0.69
-33 - -0.71
-33 - -0.71
-33 - -0.71
-34 - -0.73
-34 - -0.73
-35 - -0.76
-35 - -0.76
-35 - -0.76
-36 - -0.78
-36 - -0.78
-37 - -0.80
-37 - -0.80
-37 - -0.80
-38 - -0.82
-38 - -0.82
-39 - -0.84
-39 - -0.84
-39 - -0.84
-40 - -0.86
-40 - -0.86
-41 - -0.89
-41 - -0.89
-41 - -0.89
-42 - -0.91
-42 - -0.91
-43 - -0.93
-43 - -0.93
-43 - -0.93
-44 - -0.95
-44 - -0.95
-45 - -0.97
-45 - -0.97
-45 - -0.97
-46 - -0.99
-46 - -0.99
-47 - -1.02
-47 - -1.02
-47 - -1.02
-48 - -1.04
-48 - -1.04
-49 - -1.06
-49 - -1.06
-49 - -1.06
-50 - -1.08
-50 - -1.08
-51 - -1.10
-51 - -1.08
-51 - -1.08
-52 - -1.10
-52 - -1.10
-53 - -1.12
-53 - -1.12
-54 - -1.14
-54 - -1.14
-54 - -1.14
-55 - -1.17
-55 - -1.17
-55 - -1.17
-56 - -1.19
-56 - -1.19
-57 - -1.21
-57 - -1.21
-58 - -1.23
-58 - -1.23
-58 - -1.23
-59 - -1.25
-59 - -1.25
-59 - -1.25
-60 - -1.27
-60 - -1.27
-61 - -1.30
-61 - -1.30
-62 - -1.32
-62 - -1.32
-62 - -1.32
-63 - -1.34
-63 - -1.34
-63 - -1.34
-64 - -1.36
-64 - -1.36
-65 - -1.38
-65 - -1.38
-66 - -1.40
-66 - -1.40
-66 - -1.40
-67 - -1.43
-67 - -1.43
-67 - -1.43
-68 - -1.45
-68 - -1.45
-69 - -1.47
-69 - -1.47
-70 - -1.49
-70 - -1.49
-70 - -1.49
-71 - -1.51
-71 - -1.51
-71 - -1.51
-72 - -1.53
-72 - -1.53
-73 - -1.56
-73 - -1.56
-73 - -1.56
-74 - -1.58
-74 - -1.58
-75 - -1.60
-75 - -1.60
-75 - -1.60
-76 - -1.62
-76 - -1.62
-77 - -1.64
-77 - -1.64
-77 - -1.64
-78 - -1.66
-78 - -1.66
-79 - -1.68
-79 - -1.68
-79 - -1.68
-80 - -1.71
-80 - -1.71
-81 - -1.73
-81 - -1.73
-81 - -1.73
-82 - -1.75
-82 - -1.75
-83 - -1.77
-83 - -1.77
-83 - -1.77
-84 - -1.79
-84 - -1.79
-85 - -1.81
-85 - -1.81
-85 - -1.81
-86 - -1.84
-86 - -1.84
-87 - -1.86
-87 - -1.86
-87 - -1.86
-88 - -1.88
-88 - -1.88
-88 - -1.88
-89 - -1.90
-89 - -1.90
-90 - -1.92
-90 - -1.92
-90 - -1.92
-91 - -1.94
-91 - -1.94
-92 - -1.97
-92 - -1.97
-92 - -1.97
-93 - -1.99
-93 - -1.99
-94 - -2.03
-94 - -2.03
-94 - -2.03
-95 - -2.05
-95 - -2.05
-96 - -2.07
-96 - -2.07
-96 - -2.07
-97 - -2.10
-97 - -2.10
-98 - -2.12
-98 - -2.12
-98 - -2.12
-99 - -2.14
-99 - -2.14
-99 - -2.14
-100 - -2.16
-100 - -2.16
-101 - -2.18
-101 - -2.18
-101 - -2.18
-102 - -2.20
-102 - -2.20
-103 - -2.22
-103 - -2.22
-103 - -2.22
-104 - -2.25
-104 - -2.25
-105 - -2.27
-105 - -2.27
-105 - -2.27
-106 - -2.29
-106 - -2.29
-106 - -2.29
-107 - -2.31
-107 - -2.31
-108 - -2.33
-108 - -2.33
-108 - -2.33
-109 - -2.35
-109 - -2.35
-110 - -2.38
-110 - -2.38
-110 - -2.38
-111 - -2.40
-111 - -2.40
-111 - -2.40
-112 - -2.42
-112 - -2.42
-113 - -2.44
-113 - -2.44
-113 - -2.44
-114 - -2.46
-114 - -2.46
-115 - -2.48
-115 - -2.48
-115 - -2.48
-116 - -2.51
-116 - -2.51
-117 - -2.53
-117 - -2.53
-117 - -2.53
-118 - -2.55
-118 - -2.55
-118 - -2.55
-119 - -2.57
-119 - -2.57
-120 - -2.59
-120 - -2.59
-120 - -2.59
-121 - -2.61
-121 - -2.61
-122 - -2.64
-122 - -2.64
-122 - -2.64
-123 - -2.66
-123 - -2.66
-123 - -2.66
-124 - -2.68
-124 - -2.68
-125 - -2.70
-125 - -2.70
-125 - -2.70
-126 - -2.72
-126 - -2.72
-127 - -2.74
-127 - -2.74
-127 - -2.74
-128 - -2.76
-128 - -2.76
-128 - -2.76
-129 - -2.79
-129 - -2.79
-130 - -2.81
-130 - -2.81
-130 - -2.81
-131 - -2.83
-131 - -2.83
-132 - -2.85
-132 - -2.85
-132 - -2.85
-133 - -2.87
-133 - -2.87
-133 - -2.87
-134 - -2.89
-134 - -2.89
-135 - -2.92
-135 - -2.92
-135 - -2.92
-136 - -2.94
-136 - -2.94
-136 - -2.94
-137 - -2.96
-137 - -2.96
-138 - -2.98
-138 - -2.98
-138 - -2.98
-139 - -3.00
-139 - -3.00
-140 - -3.02
-140 - -3.02
-140 - -3.02
-141 - -3.05
-141 - -3.05
-141 - -3.07
-142 - -3.09
-142 - -3.09
-143 - -3.11
-143 - -3.11
-143 - -3.11
-144 - -3.13
-144 - -3.13
-144 - -3.13
-145 - -3.15
-145 - -3.15
-146 - -3.17
-146 - -3.17
-146 - -3.17
-147 - -3.20
-147 - -3.20
-148 - -3.22
-148 - -3.22
-148 - -3.22
-149 - -3.24
-149 - -3.24
-149 - -3.24
-150 - -3.26
-150 - -3.26
-151 - -3.28
-151 - -3.28
-151 - -3.28
-152 - -3.30
-152 - -3.30
-152 - -3.30
-153 - -3.33
-153 - -3.33
-154 - -3.35
-154 - -3.35
-154 - -3.35
-155 - -3.37
-155 - -3.37
-155 - -3.37
-156 - -3.39
-156 - -3.39
-157 - -3.41
-157 - -3.41
-157 - -3.41
-158 - -3.43
-158 - -3.43
-158 - -3.43
-159 - -3.46
-159 - -3.46
-160 - -3.48
-160 - -3.48
-160 - -3.48
-161 - -3.50
-161 - -3.48
-161 - -3.48
-162 - -3.50
-162 - -3.50
-163 - -3.52
-163 - -3.52
-163 - -3.52
-164 - -3.54
-164 - -3.54
-164 - -3.54
-165 - -3.56
-165 - -3.56
-166 - -3.59
-166 - -3.59
-166 - -3.59
-167 - -3.61
-167 - -3.61
-167 - -3.61
-168 - -3.63
-168 - -3.63
-169 - -3.65
-169 - -3.65
-169 - -3.65
-170 - -3.67
-170 - -3.67
-170 - -3.67
-171 - -3.69
-171 - -3.69
-171 - -3.69
-172 - -3.71
-172 - -3.71
-173 - -3.74
-173 - -3.74
-173 - -3.74
-174 - -3.76
0 - -3.76
0 - -3.76
-1 - -3.76
-1 - -3.76
-2 - -3.78
-2 - -3.78
-2 - -3.78
-3 - -3.80
-3 - -3.80
-3 - -3.80
-4 - -3.82
-4 - -3.82
-5 - -3.84
-5 - -3.84
-5 - -3.84
-6 - -3.87
-6 - -3.87
-6 - -3.84
-7 - -3.87
-7 - -3.87
-7 - -3.87
-8 - -3.89
-8 - -3.89
-9 - -3.91
-9 - -3.91
-9 - -3.91
-10 - -3.93
-10 - -3.91
-10 - -3.91
-11 - -3.93
-11 - -3.93
-12 - -3.95
-12 - -3.95
-12 - -3.95
-13 - -3.97
-13 - -3.95
-13 - -3.95
-14 - -3.97
-14 - -3.97
-14 - -3.97
-15 - -4.00
-15 - -4.00
-16 - -4.00
-16 - -4.00
-16 - -4.00
-17 - -4.02
-17 - -4.02
-17 - -4.02
-18 - -4.02
-18 - -4.02
-18 - -4.02
-19 - -4.04
-19 - -4.04
-20 - -4.04
-20 - -4.04
-20 - -4.04
-21 - -4.06
-21 - -4.06
-21 - -4.04
-22 - -4.06
-22 - -4.06
-22 - -4.06
-23 - -4.08
-23 - -4.06
-24 - -4.08
-24 - -4.08
-24 - -4.08
-25 - -4.08
-25 - -4.08
-25 - -4.08
-26 - -4.10
-26 - -4.08
-26 - -4.08
-27 - -4.10
-27 - -4.10
-28 - -4.10
-28 - -4.10
-28 - -4.10
-29 - -4.13
-29 - -4.10
-29 - -4.10
-30 - -4.13
-30 - -4.10
-30 - -4.10
-31 - -4.13
-31 - -4.13
-32 - -4.13
-32 - -4.13
-32 - -4.13
-33 - -4.13
-33 - -4.13
-33 - -4.13
-34 - -4.15
-34 - -4.13
-34 - -4.13
-35 - -4.15
-35 - -4.13
-35 - -4.13
-36 - -4.15
-36 - -4.13
-37 - -4.15
-37 - -4.15
-37 - -4.13
-38 - -4.15
-38 - -4.15
-38 - -4.13
-39 - -4.15
-39 - -4.15
-39 - -4.13
-40 - -4.15
-40 - -4.13
-41 - -4.15
-41 - -4.15
-41 - -4.13
-42 - -4.15
-42 - -4.15
-42 - -4.13
-43 - -4.15
-43 - -4.15
-43 - -4.13
-44 - -4.15
-44 - -4.13
-44 - -4.13
-45 - -4.15
-45 - -4.13
-45 - -4.13
-46 - -4.13
-46 - -4.13
-47 - -4.15
-47 - -4.13
-47 - -4.13
-48 - -4.13
-48 - -4.13
-48 - -4.13
-49 - -4.13
-49 - -4.13
-49 - -4.10
-50 - -4.13
-50 - -4.13
-50 - -4.10
-51 - -4.13
-51 - -4.10
-52 - -4.13
-52 - -4.13
-52 - -4.10
-53 - -4.13
-53 - -4.10
-53 - -4.10
-54 - -4.13
-54 - -4.10
-54 - -4.10
-55 - -4.10
-55 - -4.10
-55 - -4.10
-56 - -4.10
-56 - -4.10
-56 - -4.08
-57 - -4.10
-57 - -4.10
-58 - -4.10
-58 - -4.10
-58 - -4.08
-59 - -4.10
-59 - -4.10
-59 - -4.08
-60 - -4.10
-60 - -4.08
-60 - -4.08
-61 - -4.10
-61 - -4.08
-61 - -4.08
-62 - -4.08
-62 - -4.08
-62 - -4.08
-63 - -4.08
-63 - -4.08
-64 - -4.08
-64 - -4.08
-64 - -4.08
-65 - -4.08
-65 - -4.08
-65 - -4.06
-66 - -4.08
-66 - -4.08
-66 - -4.06
-67 - -4.08
-67 - -4.06
-67 - -4.06
-68 - -4.06
-68 - -4.06
-68 - -4.06
-69 - -4.06
-69 - -4.06
-69 - -4.06
-70 - -4.06
-70 - -4.06
-71 - -4.06
-71 - -4.06
-71 - -4.04
-72 - -4.06
-72 - -4.06
-72 - -4.04
-73 - -4.06
-73 - -4.06
-73 - -4.04
-74 - -4.06
-74 - -4.04
-74 - -4.04
-75 - -4.04
-75 - -4.04
-75 - -4.04
-76 - -4.04
-76 - -4.04
-76 - -4.04
-77 - -4.04
-77 - -4.04
-77 - -4.02
-78 - -4.04
-78 - -4.02
-78 - -4.02
-79 - -4.04
-79 - -4.02
-80 - -4.04
-80 - -4.04
-80 - -4.02
-81 - -4.04
-81 - -4.02
-81 - -4.02
-82 - -4.02
-82 - -4.02
-82 - -4.02
-83 - -4.02
-83 - -4.02
-83 - -4.02
-84 - -4.02
-84 - -4.02
-84 - -4.00
-85 - -4.02
-85 - -4.02
-85 - -4.00
-86 - -4.02
-86 - -4.00
-86 - -4.00
-87 - -4.02
-87 - -4.00
-87 - -4.00
-88 - -4.00
-88 - -4.00
-88 - -4.00
-89 - -4.00
-89 - -4.00
-89 - -3.97
-89 - -3.97
-90 - -4.00
-90 - -3.97
-90 - -3.97
-91 - -3.97
-91 - -3.97
-91 - -3.97
-91 - -3.95
-92 - -3.97
-92 - -3.95
-92 - -3.95
-92 - -3.95
-93 - -3.95
-93 - -3.95
-93 - -3.93
-93 - -3.93
-93 - -3.93
-94 - -3.93
-94 - -3.93
-94 - -3.91
-94 - -3.91
-94 - -3.91
-95 - -3.91
-95 - -3.91
-95 - -3.91
-95 - -3.89
-95 - -3.89
-96 - -3.89
-96 - -3.89
-96 - -3.89
-96 - -3.87
-96 - -3.87
-96 - -3.84
-97 - -3.87
-97 - -3.87
-97 - -3.84
-97 - -3.84
-97 - -3.82
-97 - -3.82
-98 - -3.84
-98 - -3.82
-98 - -3.82
-98 - -3.80
-98 - -3.80
-98 - -3.80
-99 - -3.80
-99 - -3.80
-99 - -3.78
-99 - -3.78
-99 - -3.78
-99 - -3.76
-99 - -3.76
-100 - -3.78
-100 - -3.76
-100 - -3.76
-100 - -3.74
-100 - -3.74
-100 - -3.74
-100 - -3.71
-101 - -3.74
-101 - -3.71
-101 - -3.71
-101 - -3.71
-101 - -3.69
-101 - -3.69
-101 - -3.67
-101 - -3.67
-101 - -3.67
-101 - -3.65
-102 - -3.67
-102 - -3.67
-102 - -3.65
-102 - -3.65
-102 - -3.63
-102 - -3.63
-102 - -3.63
-102 - -3.61
-102 - -3.61
-102 - -3.59
-102 - -3.59
-102 - -3.59
-102 - -3.56
-102 - -3.56
-102 - -3.56
-103 - -3.56
-103 - -3.56
-103 - -3.54
-103 - -3.54
-103 - -3.54
-103 - -3.52
-103 - -3.52
-103 - -3.50
-103 - -3.50
-103 - -3.50
-103 - -3.48
-103 - -3.48
-103 - -3.46
-103 - -3.46
-103 - -3.46
-103 - -3.43
-103 - -3.43
-103 - -3.43
-103 - -3.41
-103 - -3.41
-103 - -3.39
-103 - -3.39
-103 - -3.39
-103 - -3.37
-103 - -3.37
-103 - -3.35
-103 - -3.35
-103 - -3.35
-103 - -3.33
-103 - -3.33
-102 - -3.30
-102 - -3.28
-102 - -3.28
-102 - -3.26
-102 - -3.26
-102 - -3.26
-102 - -3.24
-102 - -3.24
-102 - -3.22
-102 - -3.22
-102 - -3.22
-101 - -3.17
-101 - -3.17
-101 - -3.17
-101 - -3.15
-101 - -3.15
-101 - -3.13
-101 - -3.13
-101 - -3.13
-101 - -3.11
-101 - -3.11
-101 - -3.09
-101 - -3.09
-101 - -3.09
-101 - -3.07
-101 - -3.07
-101 - -3.07
-101 - -3.05
-101 - -3.05
-101 - -3.02
-101 - -3.02
-101 - -3.02
-101 - -3.00
-101 - -3.00
-101 - -3.00
-101 - -2.98
-100 - -2.96
-100 - -2.94
-100 - -2.94
-100 - -2.94
-100 - -2.92
-100 - -2.92
-100 - -2.89
-100 - -2.89
-100 - -2.89
-100 - -2.87
-100 - -2.87
-100 - -2.87
-100 - -2.85
-100 - -2.85
-100 - -2.83
-100 - -2.83
-100 - -2.83
-100 - -2.81
-100 - -2.81
-100 - -2.81
-100 - -2.79
-100 - -2.79
-99 - -2.74
-99 - -2.74
-99 - -2.74
-99 - -2.72
-99 - -2.72
-99 - -2.70
-99 - -2.70
-99 - -2.70
-99 - -2.68
-99 - -2.68
-99 - -2.68
-99 - -2.66
-99 - -2.66
-99 - -2.64
-99 - -2.64
-99 - -2.64
-99 - -2.61
-99 - -2.61
-99 - -2.61
-99 - -2.59
-98 - -2.57
-98 - -2.55
-98 - -2.55
-98 - -2.55
-98 - -2.53
-98 - -2.53
-98 - -2.53
-98 - -2.51
-98 - -2.51
-98 - -2.48
-98 - -2.48
-98 - -2.48
-98 - -2.46
-98 - -2.46
-98 - -2.46
-98 - -2.44
-98 - -2.44
-98 - -2.42
-98 - -2.42
-98 - -2.42
-98 - -2.40
-98 - -2.40
-98 - -2.40
-97 - -2.35
-97 - -2.35
-97 - -2.33
-97 - -2.33
-97 - -2.33
-97 - -2.31
-97 - -2.31
-97 - -2.31
-97 - -2.29
-97 - -2.29
-97 - -2.27
-97 - -2.27
-97 - -2.27
-97 - -2.25
-97 - -2.25
-97 - -2.25
-97 - -2.22
-97 - -2.22
-97 - -2.20
-97 - -2.20
-97 - -2.20
-97 - -2.18
-97 - -2.18
-97 - -2.18
-97 - -2.16
-97 - -2.16
-97 - -2.16
-97 - -2.14
-97 - -2.14
-97 - -2.12
-97 - -2.12
-97 - -2.12
-96 - -2.07
0 - -2.07
0 - -2.07
0 - -2.05
0 - -2.05
0 - -2.03
0 - -2.03
0 - -2.03
0 - -2.01
0 - -2.01
0 - -2.01
0 - -1.99
0 - -1.99
0 - -1.97
0 - -1.97
0 - -1.97
0 - -1.94
0 - -1.94
0 - -1.94
0 - -1.92
0 - -1.92
0 - -1.92
0 - -1.90
0 - -1.90
0 - -1.88
0 - -1.88
0 - -1.88
0 - -1.86
0 - -1.86
0 - -1.86
0 - -1.84
0 - -1.84
0 - -1.81
0 - -1.81
0 - -1.81
0 - -1.79
0 - -1.79
0 - -1.79
0 - -1.77
0 - -1.77
0 - -1.77
0 - -1.75
0 - -1.75
0 - -1.73
0 - -1.73
0 - -1.73
1 - -1.68
1 - -1.68
1 - -1.68
1 - -1.66
1 - -1.66
1 - -1.66
1 - -1.64
1 - -1.64
1 - -1.62
1 - -1.62
1 - -1.62
1 - -1.60
1 - -1.60
1 - -1.60
1 - -1.58
1 - -1.58
1 - -1.58
1 - -1.56
1 - -1.56
1 - -1.53
1 - -1.53
1 - -1.53
1 - -1.51
1 - -1.51
1 - -1.51
1 - -1.49
1 - -1.49
1 - -1.49
1 - -1.47
1 - -1.47
1 - -1.45
1 - -1.45
1 - -1.45
1 - -1.43
1 - -1.43
1 - -1.43
1 - -1.40
1 - -1.40
1 - -1.40
1 - -1.38
1 - -1.38
1 - -1.36
1 - -1.36
1 - -1.36
1 - -1.34
1 - -1.34
1 - -1.34
1 - -1.32
1 - -1.32
1 - -1.32
1 - -1.30
1 - -1.30
2 - -1.27
2 - -1.25
2 - -1.25
2 - -1.23
2 - -1.23
2 - -1.23
2 - -1.21
2 - -1.21
2 - -1.21
2 - -1.19
2 - -1.19
2 - -1.19
2 - -1.17
2 - -1.17
2 - -1.14
2 - -1.14
2 - -1.14
2 - -1.12
2 - -1.12
2 - -1.12
2 - -1.10
2 - -1.10
2 - -1.10
2 - -1.08
2 - -1.08
2 - -1.08
2 - -1.06
2 - -1.06
2 - -1.06
2 - -1.04
2 - -1.04
2 - -1.02
2 - -1.02
2 - -1.02
2 - -0.99
2 - -0.99
2 - -0.99
2 - -0.97
2 - -0.97
2 - -0.97
2 - -0.95
2 - -0.95
2 - -0.95
2 - -0.93
2 - -0.93
2 - -0.91
2 - -0.91
2 - -0.91
2 - -0.89
2 - -0.89
2 - -0.89
2 - -0.86
2 - -0.86
2 - -0.86
2 - -0.84
2 - -0.84
2 - -0.84
2 - -0.82
2 - -0.82
3 - -0.80
3 - -0.78
3 - -0.78
3 - -0.76
3 - -0.76
3 - -0.76
3 - -0.73
3 - -0.73
3 - -0.73
3 - -0.71
3 - -0.71
3 - -0.71
3 - -0.69
3 - -0.69
3 - -0.69
3 - -0.67
3 - -0.67
3 - -0.67
3 - -0.65
3 - -0.65
3 - -0.63
3 - -0.63
3 - -0.63
3 - -0.60
3 - -0.60
3 - -0.60
3 - -0.58
3 - -0.58
3 - -0.58
3 - -0.56
3 - -0.56
3 - -0.56
3 - -0.54
3 - -0.54
3 - -0.54
3 - -0.52
3 - -0.52
3 - -0.52
3 - -0.50
3 - -0.50
3 - -0.48
3 - -0.48
3 - -0.48
3 - -0.45
3 - -0.45
3 - -0.45
3 - -0.43
3 - -0.43
3 - -0.43
3 - -0.41
3 - -0.41
3 - -0.41
3 - -0.39
3 - -0.39
3 - -0.39
3 - -0.37
3 - -0.37
3 - -0.37
3 - -0.35
3 - -0.35
3 - -0.35
3 - -0.32
3 - -0.32
3 - -0.32
3 - -0.30
3 - -0.30
3 - -0.28
3 - -0.28
3 - -0.28
3 - -0.26
3 - -0.26
3 - -0.26
3 - -0.24
3 - -0.24
3 - -0.24
3 - -0.22
3 - -0.22
3 - -0.22
3 - -0.19
3 - -0.19
3 - -0.19
3 - -0.17
3 - -0.17
3 - -0.17
3 - -0.15
3 - -0.15
3 - -0.15
3 - -0.13
3 - -0.13
3 - -0.13
3 - -0.11
3 - -0.11
4 - -0.09
4 - -0.06
4 - -0.06
4 - -0.06
4 - -0.06
4 - -0.04
4 - -0.04
4 - -0.04
4 - -0.02
4 - -0.02
4 - -0.02
4 - -0.02
4 - 0.00
4 - 0.00
4 - 0.00
4 - 0.00
4 - 0.02
4 - 0.02
4 - 0.02
4 - 0.02
4 - 0.02
4 - 0.04
4 - 0.04
4 - 0.04
4 - 0.04
4 - 0.04
4 - 0.06
4 - 0.06
4 - 0.06
4 - 0.06
4 - 0.06
4 - 0.09
4 - 0.09
4 - 0.09
4 - 0.09
4 - 0.09
4 - 0.09
4 - 0.11
4 - 0.11
4 - 0.11
4 - 0.11
4 - 0.11
4 - 0.11
4 - 0.13
4 - 0.13
4 - 0.13
4 - 0.13
4 - 0.13
4 - 0.13
4 - 0.15
4 - 0.15
4 - 0.15
4 - 0.15
4 - 0.15
4 - 0.15
4 - 0.15
4 - 0.17
4 - 0.17
4 - 0.17
4 - 0.17
4 - 0.17
4 - 0.17
4 - 0.17
4 - 0.19
4 - 0.19
4 - 0.19
4 - 0.19
4 - 0.19
4 - 0.19
4 - 0.19
4 - 0.19
4 - 0.19
4 - 0.19
4 - 0.22
4 - 0.22
4 - 0.22
4 - 0.22
4 - 0.22
4 - 0.22
4 - 0.22
4 - 0.22
4 - 0.22
4 - 0.22
4 - 0.22
4 - 0.22
4 - 0.22
4 - 0.22
4 - 0.22
4 - 0.24
4 - 0.24
4 - 0.24
4 - 0.24
4 - 0.24
4 - 0.24
4 - 0.24
4 - 0.24
4 - 0.24
4 - 0.24
4 - 0.24
4 - 0.24
4 - 0.24
4 - 0.24
4 - 0.24
4 - 0.24
4 - 0.24
4 - 0.24
4 - 0.24
4 - 0.24
4 - 0.24
4 - 0.24
4 - 0.24
4 - 0.24
4 - 0.24
4 - 0.24
4 - 0.24
4 - 0.24
4 - 0.24
4 - 0.24
4 - 0.22
4 - 0.22
4 - 0.22
4 - 0.22
4 - 0.22
4 - 0.22
4 - 0.22
4 - 0.22
4 - 0.22
4 - 0.22
4 - 0.22
4 - 0.19
4 - 0.19
4 - 0.19
4 - 0.19
4 - 0.19
4 - 0.19
4 - 0.19
4 - 0.19
4 - 0.19
4 - 0.19
4 - 0.19
4 - 0.19
4 - 0.19
4 - 0.19
4 - 0.19
4 - 0.19
4 - 0.19
4 - 0.19
4 - 0.19
4 - 0.19
4 - 0.19
4 - 0.19
3 - 0.17
3 - 0.17
3 - 0.17
3 - 0.15
3 - 0.15
2 - 0.13
2 - 0.13
2 - 0.13
2 - 0.13
2 - 0.13
2 - 0.13
2 - 0.13
2 - 0.13
2 - 0.13
2 - 0.13
2 - 0.13
2 - 0.13
2 - 0.13
2 - 0.13
2 - 0.13
2 - 0.13
2 - 0.13
2 - 0.13
2 - 0.13
2 - 0.13
2 - 0.11
2 - 0.11
2 - 0.11
2 - 0.11
2 - 0.11
2 - 0.11
2 - 0.11
2 - 0.11
2 - 0.11
2 - 0.11
2 - 0.11
2 - 0.11
2 - 0.11
2 - 0.11
2 - 0.11
2 - 0.11
2 - 0.11
2 - 0.11
2 - 0.11
2 - 0.11
2 - 0.09
2 - 0.09
2 - 0.09
2 - 0.09
2 - 0.09
2 - 0.09
2 - 0.09
2 - 0.09
2 - 0.09
2 - 0.09
2 - 0.09
2 - 0.09
2 - 0.09
2 - 0.09
2 - 0.09
2 - 0.09
2 - 0.09
2 - 0.09
2 - 0.09
2 - 0.09
2 - 0.09
2 - 0.09
2 - 0.09
2 - 0.06
2 - 0.06
2 - 0.06
2 - 0.06
2 - 0.06
2 - 0.06
2 - 0.06
2 - 0.06
2 - 0.06
2 - 0.06
2 - 0.06
2 - 0.06
2 - 0.06
2 - 0.06
2 - 0.06
2 - 0.06
2 - 0.06
2 - 0.06
2 - 0.06
2 - 0.06
2 - 0.06
2 - 0.06
2 - 0.06
2 - 0.06
2 - 0.06
2 - 0.06
2 - 0.06
2 - 0.06
2 - 0.06
2 - 0.06
2 - 0.06
2 - 0.06
2 - 0.04
-1 - 0.02
-1 - 0.02
-1 - 0.02
-1 - 0.02
-1 - 0.02
-1 - 0.02
-1 - 0.02
-1 - 0.02
-1 - 0.02
-1 - 0.02
-1 - 0.02
-1 - 0.02
-1 - 0.02
-1 - 0.02
-1 - 0.02
-1 - 0.02
-1 - 0.02
-1 - 0.02
-1 - 0.02
-1 - 0.02
-1 - 0.02
-1 - 0.02
-1 - 0.02
-1 - 0.02
-1 - 0.02
-1 - 0.02
-1 - 0.02
-1 - 0.02
-1 - 0.02
-1 - 0.02
-1 - 0.02
-1 - 0.02
-1 - 0.02
-1 - 0.02
-1 - 0.02
-1 - 0.02
-1 - 0.02
-1 - 0.02
-1 - 0.02
-1 - 0.02
-1 - 0.02
-1 - 0.02
-1 - 0.02
-1 - 0.02
-1 - 0.02
-1 - 0.00
-1 - 0.00
-1 - 0.00
-1 - 0.00
-1 - 0.00
-1 - 0.00
-1 - 0.00
-1 - 0.00
-1 - 0.00
-1 - 0.00
-1 - 0.00
-1 - 0.00
-1 - 0.00
-1 - 0.00
-1 - 0.00
-1 - 0.00
-1 - 0.00
-1 - 0.00
-1 - 0.00
-1 - 0.00
-1 - 0.00
-1 - 0.00
-1 - 0.00
-1 - 0.00
-1 - 0.00
-1 - 0.00
-1 - 0.00
-1 - 0.00
-1 - 0.00
-1 - 0.00
-1 - 0.00
-1 - 0.00
-1 - 0.00
-1 - 0.00
-1 - 0.00
-1 - 0.00
-1 - 0.00
-1 - 0.00
-1 - 0.00
-1 - 0.00
-1 - 0.00
-1 - 0.00
-1 - 0.00
-1 - 0.00
-1 - 0.00
-1 - 0.00
-1 - 0.00
-1 - 0.00
-1 - 0.00
-1 - 0.00
-1 - 0.00
-1 - 0.00
-1 - -0.02
-1 - -0.02
-1 - -0.02
-1 - -0.02
-1 - -0.02
-1 - -0.02
-1 - -0.02
-1 - -0.02
-1 - -0.02
-1 - -0.02
-1 - -0.02
-1 - -0.02
-1 - -0.02
-1 - -0.02
-1 - -0.02
-1 - -0.02
-1 - -0.02
-1 - -0.02
-1 - -0.02
-1 - -0.02
-1 - -0.02
-1 - -0.02
-1 - -0.02
-1 - -0.02
-1 - -0.02
-1 - -0.02
-1 - -0.02
-1 - -0.02
-1 - -0.02
-1 - -0.02
-1 - -0.02
-1 - -0.02
-1 - -0.02
-1 - -0.02
-1 - -0.02
-1 - -0.02
-1 - -0.02
-1 - -0.02
-1 - -0.02
-1 - -0.02
-1 - -0.02
-1 - -0.02
-1 - -0.02
-1 - -0.02
-1 - -0.02
-1 - -0.02
-1 - -0.02
-1 - -0.02
-1 - -0.02
-1 - -0.02
-1 - -0.02
-1 - -0.02
-1 - -0.02
-1 - -0.02
-1 - -0.02
-1 - -0.02
-1 - -0.02
-1 - -0.02
-1 - -0.02
-1 - -0.04
-1 - -0.04
-1 - -0.04
-1 - -0.04
-1 - -0.04
-1 - -0.04
-1 - -0.04
-1 - -0.04
-1 - -0.04
-1 - -0.04
-1 - -0.04
-1 - -0.04
-1 - -0.04
-1 - -0.04
-1 - -0.04
-1 - -0.04
-1 - -0.04
-1 - -0.04
-1 - -0.04
-1 - -0.04
-1 - -0.04
-1 - -0.04
-1 - -0.04
-1 - -0.04
-1 - -0.04
-1 - -0.04
-1 - -0.04
-1 - -0.04
-1 - -0.04
-1 - -0.04
-1 - -0.04
-1 - -0.04
-1 - -0.04
-1 - -0.04
-1 - -0.04
-1 - -0.04
-1 - -0.04
-1 - -0.04
-1 - -0.04
-1 - -0.04
-1 - -0.04
-1 - -0.04
-1 - -0.04
-1 - -0.04
-1 - -0.04
-1 - -0.04
-1 - -0.04
-1 - -0.04
-1 - -0.04
-1 - -0.04
-1 - -0.04
-1 - -0.04
-1 - -0.04
-1 - -0.04
-1 - -0.04
-1 - -0.04
-1 - -0.04
-1 - -0.04
-1 - -0.04
-1 - -0.04
-1 - -0.04
-1 - -0.04
-1 - -0.04
-1 - -0.04
-1 - -0.04
-1 - -0.04
-1 - -0.04
-1 - -0.04
-1 - -0.04
-1 - -0.04
-1 - -0.04
-1 - -0.04
-1 - -0.04
-1 - -0.04
-1 - -0.04
-1 - -0.04
-1 - -0.04
-1 - -0.04
-1 - -0.04
-1 - -0.04
-1 - -0.04
-1 - -0.04
-1 - -0.04
-1 - -0.04
-1 - -0.04
-1 - -0.04
-1 - -0.04
-1 - -0.04
-1 - -0.04
-1 - -0.04
-1 - -0.04
-1 - -0.04
-1 - -0.06
-1 - -0.06
-1 - -0.06
-1 - -0.06
-1 - -0.06
-1 - -0.06
-1 - -0.06
-1 - -0.06
-1 - -0.06
-1 - -0.06
-1 - -0.06
-1 - -0.06
-1 - -0.06
-1 - -0.06
-1 - -0.06
-1 - -0.06
-1 - -0.06
-1 - -0.06
-1 - -0.06
-1 - -0.06
-1 - -0.06
-1 - -0.06
-1 - -0.06
-1 - -0.06
-1 - -0.06
-1 - -0.06
-1 - -0.06
-1 - -0.06
-1 - -0.06
-1 - -0.06
-1 - -0.06
-1 - -0.06
-1 - -0.06
-1 - -0.06
-1 - -0.06
-1 - -0.06
-1 - -0.06
-1 - -0.06
-1 - -0.06
-1 - -0.06
-1 - -0.06
-1 - -0.06
-1 - -0.06
-1 - -0.06
-1 - -0.06
-1 - -0.06
-1 - -0.06
-1 - -0.06
-1 - -0.06
-1 - -0.06
-1 - -0.06
-1 - -0.06
-1 - -0.06
-1 - -0.06
-1 - -0.06
-1 - -0.06
-1 - -0.06
-1 - -0.06
-1 - -0.06
-1 - -0.06
-1 - -0.06
-1 - -0.06
-1 - -0.06
-1 - -0.06
-1 - -0.06
-1 - -0.06
-1 - -0.06
-1 - -0.06
-1 - -0.06
-1 - -0.06
-1 - -0.06
-1 - -0.06
-1 - -0.06
-1 - -0.06
-1 - -0.06
-1 - -0.06
-1 - -0.06
-1 - -0.06
-1 - -0.06
-1 - -0.06
-1 - -0.06
-1 - -0.06
-1 - -0.06
-1 - -0.06
-1 - -0.06
-1 - -0.06
-1 - -0.06
-1 - -0.06
-1 - -0.06
-1 - -0.06
-1 - -0.06
-1 - -0.06
-1 - -0.06
-1 - -0.06
-1 - -0.06
-1 - -0.06
-1 - -0.06
-1 - -0.06
-1 - -0.06
-1 - -0.06
-1 - -0.06
-1 - -0.06
-1 - -0.06
-1 - -0.06
-1 - -0.06
-1 - -0.06
-1 - -0.06
-1 - -0.06
-1 - -0.06
-1 - -0.06
-1 - -0.06
-1 - -0.06
-1 - -0.06
-1 - -0.06
-1 - -0.06
-1 - -0.06
-1 - -0.06
-1 - -0.06
-1 - -0.06
-1 - -0.06
-1 - -0.06
-1 - -0.06
-1 - -0.06
-1 - -0.06
-1 - -0.06
-1 - -0.06
-1 - -0.06
-1 - -0.06
-1 - -0.06
-1 - -0.06
-1 - -0.06
-1 - -0.06
-1 - -0.06
-1 - -0.06
-1 - -0.06
-1 - -0.06
-1 - -0.06
-1 - -0.06
-1 - -0.06
-1 - -0.06
-1 - -0.06
-1 - -0.06
-1 - -0.06
-1 - -0.06
-1 - -0.06
-1 - -0.06
-1 - -0.06
-1 - -0.06
-1 - -0.06
-1 - -0.06
-1 - -0.06
-1 - -0.04
-1 - -0.04
-1 - -0.04
-1 - -0.04
-1 - -0.04
-1 - -0.02
-1 - -0.02
-1 - -0.02
-1 - -0.02
-1 - -0.02
-1 - -0.02
-1 - -0.02
-1 - -0.02
-1 - -0.02
-1 - -0.02
-1 - -0.02
-1 - -0.02
-1 - -0.02
-1 - -0.02
-1 - -0.02
-1 - -0.02
-1 - -0.02
-1 - -0.02
-1 - -0.02
-1 - -0.02
-1 - -0.02
-1 - -0.02
-1 - -0.02
-1 - -0.02
-1 - -0.02
-1 - -0.02
-1 - -0.02
-1 - -0.02
-1 - -0.02
-1 - -0.02
-1 - -0.02
-1 - -0.02
-1 - -0.02
-1 - -0.02
-1 - -0.02
-1 - -0.02
-1 - -0.02
-1 - -0.02
-1 - -0.02
-1 - -0.02
-1 - -0.02
-1 - -0.02
-1 - -0.02
-1 - -0.02
-1 - -0.02
-1 - -0.02
-1 - -0.02
-1 - -0.02
-1 - -0.02
-1 - -0.02
-1 - -0.02
-1 - -0.02
-1 - -0.02
-1 - -0.02
-1 - -0.02
-1 - -0.02
-1 - -0.02
-1 - -0.02
-1 - -0.02
-1 - -0.02
-1 - -0.02
-1 - -0.02
-1 - -0.02
-1 - -0.02
-1 - -0.02
-1 - -0.02
-1 - -0.02
-1 - -0.02
-1 - -0.02
-1 - -0.02
-1 - -0.02
-1 - -0.02
-1 - -0.02
-1 - -0.02
-1 - -0.02
-1 - -0.02
-1 - -0.02
-1 - -0.02
-1 - -0.02
-1 - -0.02
-1 - -0.02
-1 - -0.02
-1 - -0.02
-1 - -0.02
-1 - -0.02
-1 - -0.02
-1 - -0.02
-1 - -0.02
-1 - -0.02
-1 - -0.02
-1 - -0.02
-1 - -0.02
-1 - -0.02
-1 - -0.02
-1 - -0.02
-1 - -0.02
0 - 0.00
0 - 0.00
0 - 0.00
0 - 0.00
0 - 0.00
0 - 0.00
0 - 0.00
0 - 0.00
0 - 0.00
0 - 0.00
0 - 0.00
0 - 0.00
0 - 0.00
0 - 0.00
0 - 0.00
0 - 0.00
0 - 0.00
0 - 0.00
0 - 0.00
0 - 0.00
0 - 0.00
0 - 0.00
0 - 0.00
0 - 0.00
0 - 0.00
0 - 0.00
0 - 0.00
0 - 0.00
0 - 0.00
0 - 0.00
0 - 0.00
0 - 0.00
0 - 0.00
0 - 0.00
0 - 0.00
0 - 0.00
0 - 0.00
0 - 0.00
0 - 0.00
0 - 0.00
0 - 0.00
0 - 0.00
0 - 0.00
0 - 0.00
0 - 0.00
0 - 0.00
0 - 0.00
0 - 0.00
0 - 0.00
0 - 0.00
0 - 0.00
0 - 0.00
0 - 0.00
0 - 0.00
0 - 0.00
0 - 0.00
0 - 0.00
0 - 0.00
0 - 0.00
0 - 0.00
0 - 0.00
0 - 0.00
0 - 0.00
0 - 0.00
0 - 0.00
0 - 0.00
0 - 0.00
0 - 0.00
0 - 0.00
0 - 0.00
0 - 0.00
0 - 0.00
0 - 0.00
0 - 0.00
0 - 0.00
0 - 0.00
0 - 0.00
0 - 0.00
0 - 0.00
0 - 0.00
0 - 0.00
0 - 0.00
0 - 0.00
0 - 0.00
0 - 0.00
0 - 0.00
0 - 0.00
0 - 0.00
0 - 0.00
0 - 0.00
0 - 0.00
0 - 0.00
0 - 0.00
0 - 0.00
0 - 0.00
0 - 0.00
0 - 0.00
0 - 0.00
0 - 0.00
0 - 0.00
0 - 0.00
0 - 0.00
0 - 0.00
0 - 0.00
0 - 0.00
0 - 0.00
0 - 0.00
0 - 0.00
0 - 0.00
0 - 0.00
0 - 0.00
0 - 0.00
0 - 0.00
0 - 0.00
0 - 0.00
0 - 0.00
0 - 0.00
0 - 0.00
0 - 0.00
0 - 0.00
0 - 0.00
0 - 0.00
0 - 0.00
0 - 0.00
0 - 0.00
0 - 0.00
0 - 0.00
0 - 0.00
0 - 0.00
0 - 0.00
0 - 0.00
0 - 0.00
0 - 0.00
0 - 0.00
0 - 0.00
0 - 0.00
0 - 0.00
0 - 0.00
0 - 0.00
0 - 0.00
0 - 0.00
0 - 0.00
0 - 0.00
0 - 0.00
0 - 0.00
0 - 0.00
0 - 0.00
0 - 0.00
0 - 0.00
0 - 0.00
0 - 0.00
0 - 0.00
0 - 0.00
0 - 0.00
0 - 0.00
0 - 0.00
0 - 0.00
0 - 0.00
0 - 0.00
0 - 0.00
0 - 0.00
0 - 0.00
0 - 0.00
0 - 0.00
0 - 0.00
0 - 0.00
0 - 0.00
0 - 0.00
0 - 0.00
0 - 0.00
0 - 0.00
0 - 0.00
0 - 0.00
0 - 0.00
0 - 0.00
0 - 0.00
0 - 0.00
0 - 0.00
0 - 0.00
0 - 0.00
0 - 0.00
0 - 0.00
0 - 0.00
0 - 0.00
0 - 0.00
0 - 0.00
0 - 0.00
0 - 0.00
0 - 0.00
0 - 0.00
0 - 0.00
0 - 0.00
0 - 0.00
0 - 0.00
0 - 0.00
0 - 0.00
0 - 0.00
0 - 0.00
0 - 0.00
0 - 0.00
0 - 0.00
0 - 0.00
0 - 0.00
0 - 0.00
0 - 0.00
0 - 0.00
0 - 0.00
0 - 0.00
0 - 0.00
0 - 0.00
0 - 0.00
0 - 0.00
0 - 0.00
0 - 0.00
0 - 0.00
0 - 0.00
0 - 0.00
0 - 0.00
0 - 0.00
0 - 0.00
0 - 0.00
0 - 0.00
0 - 0.00
0 - 0.00
0 - 0.00
0 - 0.00
0 - 0.00
0 - 0.00
0 - 0.00
0 - 0.00
0 - 0.00
0 - 0.00
0 - 0.00
0 - 0.00
0 - 0.00
0 - 0.00
0 - 0.00
0 - 0.00
0 - 0.00
0 - 0.00
0 - 0.00
0 - 0.00
0 - 0.00
0 - 0.00
0 - 0.00
0 - 0.00
0 - 0.00
0 - 0.00
0 - 0.00
0 - 0.00
0 - 0.00
0 - 0.00
0 - 0.00
0 - 0.00
0 - 0.00
0 - 0.00
0 - 0.00
0 - 0.00
0 - 0.00
0 - 0.00
0 - 0.00
0 - 0.00
0 - 0.00
0 - 0.00
0 - 0.00
0 - 0.00
0 - 0.00
0 - 0.00
0 - 0.00
0 - 0.00
0 - 0.00
0 - 0.00
0 - 0.00
0 - 0.00
0 - 0.00
0 - 0.00
0 - 0.00
0 - 0.00
0 - 0.00
0 - 0.00
0 - 0.00
0 - 0.00
0 - 0.00
0 - 0.00
0 - 0.00
0 - 0.00
0 - 0.00
0 - 0.00
0 - 0.00
0 - 0.00
0 - 0.00
0 - 0.00
0 - 0.00
0 - 0.00
0 - 0.00
0 - 0.00
0 - 0.00
0 - 0.00
0 - 0.00
0 - 0.00
0 - 0.00
0 - 0.00
0 - 0.00
0 - 0.00
0 - 0.00
0 - 0.00
0 - 0.00
0 - 0.00
0 - 0.00
0 - 0.00
0 - 0.00
0 - 0.00
0 - 0.00
0 - 0.00
0 - 0.00
0 - 0.00
0 - 0.00
0 - 0.00
0 - 0.00
0 - 0.00
0 - 0.00
0 - 0.00
0 - 0.00
0 - 0.00
0 - 0.00
0 - 0.00
0 - 0.00
0 - 0.00
0 - 0.00
0 - 0.00
0 - 0.00
0 - 0.00
0 - 0.00
0 - 0.00
0 - 0.00
0 - 0.00
0 - 0.00
0 - 0.00
0 - 0.00
0 - 0.00
0 - 0.00
0 - 0.00
0 - 0.00
0 - 0.00
0 - 0.00
0 - 0.00
0 - 0.00
0 - 0.00
0 - 0.00
0 - 0.00
0 - 0.00
0 - 0.00
0 - 0.00
0 - 0.00
0 - 0.00
0 - 0.00
0 - 0.00
0 - 0.00
0 - 0.00
0 - 0.00
0 - 0.00
0 - 0.00
0 - 0.00
0 - 0.00
0 - 0.00
0 - 0.00
0 - 0.00
0 - 0.00
0 - 0.00
0 - 0.00
0 - 0.00
0 - 0.00
0 - 0.00
0 - 0.00
0 - 0.00
0 - 0.00
0 - 0.00
0 - 0.00
0 - 0.00
0 - 0.00
0 - 0.00
0 - 0.00
0 - 0.00
0 - 0.00
0 - 0.00
0 - 0.00
0 - 0.00
0 - 0.00
0 - 0.00
0 - 0.00
0 - 0.00
0 - 0.00
0 - 0.00
0 - 0.00
0 - 0.00
0 - 0.00
0 - 0.00
0 - 0.00
0 - 0.00
0 - 0.00
0 - 0.00
0 - 0.00
0 - 0.00
0 - 0.00
0 - 0.00
0 - 0.00
0 - 0.00
0 - 0.00
0 - 0.00
0 - 0.00
0 - 0.00
0 - 0.00
0 - 0.00
0 - 0.00
0 - 0.00
0 - 0.00
0 - 0.00
0