imu_acc_x,imu_acc_y,imu_acc_z
10.02,0.01,-1.14
10.00,-0.00,-1.13
10.05,-0.02,-1.10
10.01,0.00,-1.16
10.02,-0.03,-1.09
10.05,0.00,-1.14
10.00,-0.01,-1.11
10.01,0.01,-1.13
10.04,-0.04,-1.10
10.01,-0.04,-1.06
10.05,-0.02,-1.23
10.00,-0.03,-1.14
9.99,0.00,-1.09
10.03,0.01,-1.13
10.02,0.01,-1.09
10.00,-0.01,-1.13
10.03,0.00,-1.18
10.03,-0.01,-1.03
10.05,-0.01,-1.09
10.00,-0.01,-1.15
9.99,-0.02,-1.14
10.00,-0.04,-1.16
9.98,-0.01,-1.12
10.00,-0.02,-1.04
10.00,-0.05,-1.08
10.00,-0.00,-1.08
10.04,-0.01,-1.13
10.01,-0.06,-1.08
10.01,-0.03,-1.05
10.00,-0.02,-1.13
10.00,-0.06,-1.11
10.00,-0.04,-1.08
10.02,-0.03,-1.05
10.06,-0.06,-1.13
10.02,-0.01,-1.05
10.01,-0.00,-1.20
10.04,0.00,-1.12
10.02,-0.01,-1.04
10.00,-0.01,-1.14
10.02,-0.06,-1.11
10.01,0.00,-1.17
10.02,-0.02,-1.06
10.00,-0.07,-1.11
10.00,0.00,-1.15
10.02,-0.03,-1.07
10.00,-0.03,-1.05
10.01,-0.04,-1.14
10.04,-0.03,-1.11
10.04,-0.02,-1.10
9.99,-0.03,-1.12
10.00,0.00,-1.14
10.02,-0.01,-1.10
10.02,0.01,-1.08
9.99,-0.03,-1.16
10.01,-0.03,-1.08
10.04,-0.05,-1.02
9.99,-0.01,-1.15
10.02,0.01,-1.11
10.01,-0.02,-1.12
9.96,-0.11,-1.08
10.03,-0.06,-1.13
9.98,-0.02,-1.11
10.03,-0.01,-1.11
9.97,-0.04,-1.11
10.02,0.01,-1.09
10.02,-0.01,-1.14
10.01,-0.00,-1.12
10.04,-0.04,-1.15
9.96,-0.00,-1.07
10.03,-0.03,-1.11
9.99,-0.03,-1.09
10.01,-0.04,-1.18
9.99,0.01,-1.11
10.05,-0.02,-1.15
10.03,-0.03,-1.06
9.98,-0.02,-1.09
10.00,-0.02,-1.08
10.01,-0.04,-1.06
10.01,-0.02,-1.09
10.00,-0.07,-1.13
9.99,-0.03,-1.11
10.02,0.00,-1.12
10.01,-0.04,-1.07
9.99,-0.03,-1.07
10.00,-0.02,-1.10
10.06,-0.04,-1.13
10.03,0.00,-1.12
10.04,-0.02,-1.13
9.99,-0.05,-1.09
10.01,-0.04,-1.14
10.02,-0.01,-1.14
10.04,-0.01,-1.05
10.00,-0.02,-1.03
9.98,-0.04,-1.19
10.01,0.00,-1.12
10.01,-0.04,-1.11
10.06,-0.02,-1.07
9.99,-0.06,-1.09
9.99,-0.04,-1.10
9.99,-0.02,-1.13
10.00,-0.02,-1.11
9.99,-0.03,-1.09
10.02,-0.05,-1.14
10.02,-0.03,-1.12
10.02,-0.04,-1.04
10.04,-0.06,-1.10
9.99,-0.04,-1.14
9.97,-0.03,-1.10
10.06,0.00,-1.11
9.99,-0.02,-1.12
10.02,0.00,-1.08
10.01,-0.07,-1.08
10.03,0.02,-1.10
9.99,-0.06,-1.15
10.02,-0.06,-1.15
9.97,-0.04,-1.10
10.02,-0.01,-1.14
10.01,0.00,-1.12
9.98,-0.02,-1.13
10.02,-0.04,-1.08
10.01,0.05,-1.08
9.97,-0.07,-1.10
10.03,-0.01,-1.18
10.06,0.04,-1.15
10.01,-0.04,-1.11
9.96,-0.03,-1.04
10.01,-0.07,-1.14
10.01,-0.02,-1.08
9.98,-0.00,-1.15
9.97,-0.04,-1.07
10.02,0.19,-1.09
10.02,-0.08,-1.10
10.03,0.16,-1.10
9.98,-0.11,-1.05
10.01,0.01,-1.05
10.00,0.03,-1.08
10.04,-0.08,-1.10
10.02,0.01,-1.09
9.99,-0.05,-1.08
9.97,-0.10,-1.15
10.01,0.00,-0.99
10.00,-0.02,-1.13
10.03,-0.04,-1.12
10.02,-0.03,-1.05
10.03,0.00,-1.08
10.02,-0.04,-1.09
10.02,-0.07,-1.11
10.03,-0.01,-1.09
9.99,0.00,-1.12
10.01,-0.06,-1.10
10.05,-0.02,-1.11
10.04,-0.00,-1.12
10.00,-0.03,-1.16
10.01,-0.02,-1.11
10.03,-0.02,-1.11
9.99,-0.04,-1.12
10.01,-0.04,-1.10
10.03,0.00,-1.13
9.96,-0.07,-1.11
10.00,0.03,-1.12
10.02,-0.04,-1.13
10.03,-0.05,-1.07
9.99,0.00,-1.08
9.99,-0.00,-1.10
9.99,-0.04,-1.05
10.00,-0.04,-1.09
10.00,0.03,-1.10
9.99,0.01,-1.10
9.99,-0.04,-1.08
9.97,-0.07,-1.11
10.00,-0.04,-1.13
10.02,-0.10,-1.13
9.99,0.00,-1.09
10.04,0.00,-1.09
9.99,-0.08,-1.04
10.02,-0.01,-1.14
10.04,0.03,-1.09
10.01,-0.05,-1.08
10.03,-0.02,-1.13
10.02,-0.03,-1.11
10.04,-0.02,-1.10
10.02,-0.05,-1.07
9.99,-0.07,-1.08
10.03,-0.06,-1.03
9.98,-0.04,-1.07
10.01,-0.01,-1.14
10.00,-0.04,-1.08
10.03,-0.02,-1.12
9.96,-0.05,-1.09
10.00,-0.03,-1.17
10.02,-0.06,-1.13
10.00,-0.05,-1.18
9.98,-0.04,-1.16
10.03,-0.06,-1.09
10.04,-0.02,-1.09
9.99,-0.02,-1.17
10.01,-0.03,-1.10
10.01,-0.04,-1.10
9.98,-0.03,-1.08
9.98,-0.06,-1.13
10.04,-0.04,-1.08
10.02,-0.08,-1.13
10.03,-0.00,-1.11
10.02,-0.04,-1.14
10.03,-0.05,-1.10
10.03,-0.04,-1.14
10.04,-0.05,-1.07
10.00,-0.05,-1.14
10.03,-0.06,-1.06
10.03,-0.09,-1.17
9.98,-0.04,-1.02
10.03,-0.03,-1.13
9.98,-0.05,-1.14
10.01,-0.02,-1.15
9.99,-0.05,-1.12
10.00,-0.04,-1.04
10.01,-0.03,-1.09
10.06,-0.00,-1.11
10.03,-0.05,-1.13
10.00,-0.01,-1.10
10.01,-0.03,-1.10
10.00,-0.05,-1.08
10.02,-0.06,-1.13
10.02,-0.01,-1.09
10.00,-0.01,-1.14
9.99,-0.02,-1.11
10.02,0.00,-1.04
10.00,-0.03,-1.06
9.99,-0.07,-1.10
10.02,-0.05,-1.12
10.00,-0.04,-1.13
10.04,-0.01,-1.07
9.99,-0.07,-1.08
10.00,0.00,-1.12
10.03,-0.01,-1.06
10.06,-0.04,-1.11
10.03,0.00,-1.13
10.00,-0.01,-1.15
10.01,-0.03,-1.10
10.04,-0.03,-1.09
9.99,-0.07,-1.09
9.97,-0.02,-1.14
10.01,-0.07,-1.07
9.99,-0.03,-1.10
10.03,-0.06,-1.11
9.99,-0.02,-1.16
10.00,-0.03,-1.08
9.99,-0.04,-1.07
9.97,-0.04,-1.09
10.03,-0.04,-1.12
10.00,-0.03,-1.09
10.00,0.02,-1.05
10.01,-0.03,-1.10
10.02,0.00,-1.14
9.97,-0.02,-1.14
10.04,0.00,-1.09
10.01,0.02,-1.16
9.98,-0.01,-1.13
9.99,-0.02,-1.17
9.97,-0.07,-1.12
9.99,-0.05,-1.11
10.04,-0.02,-1.13
10.01,-0.08,-1.11
10.01,-0.03,-1.14
9.98,-0.02,-1.13
10.02,-0.02,-1.13
9.99,-0.05,-1.04
9.99,-0.06,-1.12
10.00,-0.05,-1.12
10.00,-0.01,-1.12
10.04,-0.05,-1.14
10.02,-0.04,-1.08
10.01,-0.05,-1.17
10.03,-0.01,-1.12
10.00,-0.01,-1.09
10.03,-0.04,-1.13
10.04,-0.02,-1.05
10.02,-0.02,-1.11
10.01,-0.00,-1.09
10.04,-0.02,-1.15
10.03,-0.02,-1.12
10.02,-0.02,-1.14
10.00,-0.03,-1.12
10.03,-0.02,-1.15
9.97,-0.01,-1.08
10.01,-0.04,-1.16
9.99,-0.02,-1.05
10.02,-0.04,-1.06
10.01,-0.04,-1.16
9.99,-0.05,-1.13
9.97,-0.01,-1.12
9.97,0.00,-1.11
10.02,-0.02,-1.14
10.02,-0.03,-1.08
10.02,-0.03,-1.14
9.96,-0.03,-1.15
10.03,-0.02,-1.09
10.02,-0.06,-1.12
9.98,-0.04,-1.09
10.04,-0.03,-1.03
10.04,-0.02,-1.13
9.98,-0.04,-1.09
9.98,-0.02,-1.05
10.02,-0.04,-1.08
10.00,-0.03,-1.09
10.02,-0.03,-1.13
9.99,-0.03,-1.17
10.04,-0.02,-1.13
9.98,-0.02,-1.10
10.00,-0.03,-1.14
10.00,-0.06,-1.05
9.98,-0.03,-1.15
10.04,-0.03,-1.09
10.00,-0.01,-1.13
10.00,-0.04,-1.20
9.98,-0.04,-1.08
10.02,-0.01,-1.15
10.01,-0.03,-1.12
10.03,-0.00,-1.12
10.00,-0.04,-1.05
9.97,-0.03,-1.13
9.97,-0.04,-1.11
9.99,-0.03,-1.10
10.02,-0.03,-1.16
10.01,-0.06,-1.07
10.01,-0.04,-1.10
10.02,-0.02,-1.11
10.01,-0.05,-1.04
10.04,-0.01,-1.10
10.03,-0.00,-1.12
10.01,-0.02,-1.14
10.01,-0.01,-1.03
10.00,-0.01,-1.09
10.00,-0.03,-1.09
9.99,-0.03,-1.09
10.00,-0.01,-1.12
10.01,-0.03,-1.14
10.01,0.00,-1.11
10.03,-0.04,-1.15
10.03,-0.07,-1.08
9.99,-0.03,-1.17
9.99,-0.05,-1.12
10.04,-0.06,-1.16
9.99,-0.05,-1.11
9.97,-0.04,-1.05
10.01,-0.06,-1.12
10.00,-0.02,-1.15
10.00,-0.06,-1.10
9.97,-0.06,-1.13
10.02,-0.06,-1.08
9.96,-0.06,-1.10
9.98,0.00,-1.12
10.03,-0.04,-1.14
10.04,-0.03,-1.13
9.99,-0.06,-1.15
9.99,-0.03,-1.04
10.00,-0.05,-1.11
10.04,0.02,-1.17
10.05,-0.09,-1.10
9.98,-0.07,-1.13
9.99,-0.02,-1.10
10.02,-0.03,-1.17
10.01,-0.03,-1.05
10.00,-0.03,-1.12
9.99,-0.02,-1.09
10.06,-0.06,-1.15
10.03,-0.07,-1.11
10.01,-0.03,-1.10
10.00,-0.00,-1.09
10.02,-0.02,-1.12
9.99,-0.04,-1.13
10.01,-0.04,-1.11
9.99,-0.05,-1.13
10.03,-0.05,-1.06
10.03,-0.02,-1.12
9.96,-0.05,-1.16
9.98,-0.05,-1.10
10.01,-0.02,-1.05
9.98,0.00,-1.10
9.99,-0.06,-1.11
10.00,-0.04,-1.08
10.01,-0.02,-1.10
9.97,-0.02,-1.09
10.02,-0.03,-1.09
9.97,-0.03,-1.02
9.98,-0.01,-1.16
10.00,-0.03,-1.12
10.01,-0.02,-1.11
9.98,-0.05,-1.11
10.01,-0.02,-1.13
9.97,-0.08,-1.13
9.99,-0.01,-1.09
10.02,-0.03,-1.08
9.98,-0.02,-1.10
9.95,-0.05,-1.13
10.02,-0.00,-1.13
10.04,-0.06,-1.13
10.00,0.00,-1.13
10.03,-0.03,-1.11
10.01,-0.05,-1.12
10.02,-0.06,-1.13
10.02,-0.04,-1.09
10.00,-0.01,-1.07
9.99,-0.00,-1.11
10.02,-0.02,-1.06
9.98,0.01,-1.07
10.00,-0.03,-1.14
9.99,0.00,-1.07
9.98,0.00,-1.06
10.05,-0.02,-1.13
10.01,-0.07,-1.09
10.00,-0.02,-1.11
9.97,-0.01,-1.10
10.00,-0.05,-1.16
9.98,-0.04,-1.10
10.04,-0.03,-1.06
10.03,-0.03,-1.08
10.05,-0.04,-1.16
10.02,-0.04,-1.08
10.01,-0.02,-1.09
10.02,-0.03,-1.04
10.01,-0.05,-1.10
10.00,-0.01,-1.09
10.03,-0.06,-1.08
10.05,-0.06,-1.09
10.02,-0.04,-1.10
10.00,-0.06,-1.14
10.03,-0.05,-1.03
9.99,-0.01,-1.10
10.02,-0.04,-1.13
9.99,-0.02,-1.13
10.02,-0.01,-1.14
10.01,-0.04,-1.15
10.02,-0.02,-1.12
10.02,-0.03,-1.16
10.00,-0.05,-1.15
9.97,-0.03,-1.13
10.01,-0.00,-1.06
9.95,-0.09,-1.05
10.01,-0.02,-1.06
10.01,-0.03,-1.15
10.03,-0.02,-1.11
10.01,-0.00,-1.06
9.99,-0.08,-1.13
10.01,-0.02,-1.09
10.02,-0.08,-1.12
9.99,-0.02,-1.12
9.97,-0.04,-1.11
10.02,-0.04,-1.08
